[1.826s] Invoking command in '/home/sdc6/f1tenth_ws/src/f1tenth_system/teleop_tools/key_teleop': PYTHONPATH=/home/sdc6/f1tenth_ws/build/key_teleop/prefix_override:/usr/lib/python3/dist-packages/colcon_core/task/python/colcon_distutils_commands:/home/sdc6/f1tenth_ws/install/key_teleop/lib/python3.10/site-packages:${PYTHONPATH} /usr/bin/python3 -W ignore:setup.py install is deprecated -W ignore:easy_install command is deprecated setup.py egg_info --egg-base ../../../../build/key_teleop build --build-base /home/sdc6/f1tenth_ws/build/key_teleop/build install --record /home/sdc6/f1tenth_ws/build/key_teleop/install.log --single-version-externally-managed install_data
[2.308s] running egg_info
[2.309s] creating ../../../../build/key_teleop/key_teleop.egg-info
[2.309s] writing ../../../../build/key_teleop/key_teleop.egg-info/PKG-INFO
[2.317s] writing dependency_links to ../../../../build/key_teleop/key_teleop.egg-info/dependency_links.txt
[2.317s] writing entry points to ../../../../build/key_teleop/key_teleop.egg-info/entry_points.txt
[2.318s] writing requirements to ../../../../build/key_teleop/key_teleop.egg-info/requires.txt
[2.319s] writing top-level names to ../../../../build/key_teleop/key_teleop.egg-info/top_level.txt
[2.319s] writing manifest file '../../../../build/key_teleop/key_teleop.egg-info/SOURCES.txt'
[2.319s] reading manifest file '../../../../build/key_teleop/key_teleop.egg-info/SOURCES.txt'
[2.319s] adding license file 'LICENSE'
[2.320s] writing manifest file '../../../../build/key_teleop/key_teleop.egg-info/SOURCES.txt'
[2.320s] running build
[2.320s] running build_py
[2.320s] creating /home/sdc6/f1tenth_ws/build/key_teleop/build
[2.320s] creating /home/sdc6/f1tenth_ws/build/key_teleop/build/lib
[2.320s] creating /home/sdc6/f1tenth_ws/build/key_teleop/build/lib/key_teleop
[2.320s] copying key_teleop/key_teleop.py -> /home/sdc6/f1tenth_ws/build/key_teleop/build/lib/key_teleop
[2.321s] copying key_teleop/__init__.py -> /home/sdc6/f1tenth_ws/build/key_teleop/build/lib/key_teleop
[2.321s] running install
[2.321s] running install_lib
[2.323s] creating /home/sdc6/f1tenth_ws/install/key_teleop/lib/python3.10/site-packages/key_teleop
[2.323s] copying /home/sdc6/f1tenth_ws/build/key_teleop/build/lib/key_teleop/key_teleop.py -> /home/sdc6/f1tenth_ws/install/key_teleop/lib/python3.10/site-packages/key_teleop
[2.323s] copying /home/sdc6/f1tenth_ws/build/key_teleop/build/lib/key_teleop/__init__.py -> /home/sdc6/f1tenth_ws/install/key_teleop/lib/python3.10/site-packages/key_teleop
[2.325s] byte-compiling /home/sdc6/f1tenth_ws/install/key_teleop/lib/python3.10/site-packages/key_teleop/key_teleop.py to key_teleop.cpython-310.pyc
[2.328s] byte-compiling /home/sdc6/f1tenth_ws/install/key_teleop/lib/python3.10/site-packages/key_teleop/__init__.py to __init__.cpython-310.pyc
[2.328s] running install_data
[2.328s] copying package.xml -> /home/sdc6/f1tenth_ws/install/key_teleop/share/key_teleop
[2.328s] creating /home/sdc6/f1tenth_ws/install/key_teleop/share/key_teleop/config
[2.328s] copying config/key_teleop.yaml -> /home/sdc6/f1tenth_ws/install/key_teleop/share/key_teleop/config
[2.329s] creating /home/sdc6/f1tenth_ws/install/key_teleop/share/ament_index
[2.329s] creating /home/sdc6/f1tenth_ws/install/key_teleop/share/ament_index/resource_index
[2.329s] creating /home/sdc6/f1tenth_ws/install/key_teleop/share/ament_index/resource_index/packages
[2.329s] copying resource/key_teleop -> /home/sdc6/f1tenth_ws/install/key_teleop/share/ament_index/resource_index/packages
[2.329s] running install_egg_info
[2.336s] Copying ../../../../build/key_teleop/key_teleop.egg-info to /home/sdc6/f1tenth_ws/install/key_teleop/lib/python3.10/site-packages/key_teleop-0.3.0-py3.10.egg-info
[2.338s] running install_scripts
[2.378s] Installing key_teleop script to /home/sdc6/f1tenth_ws/install/key_teleop/lib/key_teleop
[2.379s] writing list of installed files to '/home/sdc6/f1tenth_ws/build/key_teleop/install.log'
[2.469s] Invoked command in '/home/sdc6/f1tenth_ws/src/f1tenth_system/teleop_tools/key_teleop' returned '0': PYTHONPATH=/home/sdc6/f1tenth_ws/build/key_teleop/prefix_override:/usr/lib/python3/dist-packages/colcon_core/task/python/colcon_distutils_commands:/home/sdc6/f1tenth_ws/install/key_teleop/lib/python3.10/site-packages:${PYTHONPATH} /usr/bin/python3 -W ignore:setup.py install is deprecated -W ignore:easy_install command is deprecated setup.py egg_info --egg-base ../../../../build/key_teleop build --build-base /home/sdc6/f1tenth_ws/build/key_teleop/build install --record /home/sdc6/f1tenth_ws/build/key_teleop/install.log --single-version-externally-managed install_data
