[1.960s] Invoking command in '/home/sdc6/f1tenth_ws/src/f1tenth_system/teleop_tools/mouse_teleop': PYTHONPATH=/home/sdc6/f1tenth_ws/build/mouse_teleop/prefix_override:/usr/lib/python3/dist-packages/colcon_core/task/python/colcon_distutils_commands:/home/sdc6/f1tenth_ws/install/mouse_teleop/lib/python3.10/site-packages:${PYTHONPATH} /usr/bin/python3 -W ignore:setup.py install is deprecated -W ignore:easy_install command is deprecated setup.py egg_info --egg-base ../../../../build/mouse_teleop build --build-base /home/sdc6/f1tenth_ws/build/mouse_teleop/build install --record /home/sdc6/f1tenth_ws/build/mouse_teleop/install.log --single-version-externally-managed install_data
[2.427s] running egg_info
[2.428s] writing ../../../../build/mouse_teleop/mouse_teleop.egg-info/PKG-INFO
[2.429s] writing dependency_links to ../../../../build/mouse_teleop/mouse_teleop.egg-info/dependency_links.txt
[2.429s] writing entry points to ../../../../build/mouse_teleop/mouse_teleop.egg-info/entry_points.txt
[2.429s] writing requirements to ../../../../build/mouse_teleop/mouse_teleop.egg-info/requires.txt
[2.430s] writing top-level names to ../../../../build/mouse_teleop/mouse_teleop.egg-info/top_level.txt
[2.433s] reading manifest file '../../../../build/mouse_teleop/mouse_teleop.egg-info/SOURCES.txt'
[2.433s] adding license file 'LICENSE'
[2.434s] writing manifest file '../../../../build/mouse_teleop/mouse_teleop.egg-info/SOURCES.txt'
[2.435s] running build
[2.435s] running build_py
[2.435s] running install
[2.436s] running install_lib
[2.441s] running install_data
[2.442s] running install_egg_info
[2.445s] removing '/home/sdc6/f1tenth_ws/install/mouse_teleop/lib/python3.10/site-packages/mouse_teleop-0.3.0-py3.10.egg-info' (and everything under it)
[2.446s] Copying ../../../../build/mouse_teleop/mouse_teleop.egg-info to /home/sdc6/f1tenth_ws/install/mouse_teleop/lib/python3.10/site-packages/mouse_teleop-0.3.0-py3.10.egg-info
[2.448s] running install_scripts
[2.487s] Installing mouse_teleop script to /home/sdc6/f1tenth_ws/install/mouse_teleop/lib/mouse_teleop
[2.488s] writing list of installed files to '/home/sdc6/f1tenth_ws/build/mouse_teleop/install.log'
[2.559s] Invoked command in '/home/sdc6/f1tenth_ws/src/f1tenth_system/teleop_tools/mouse_teleop' returned '0': PYTHONPATH=/home/sdc6/f1tenth_ws/build/mouse_teleop/prefix_override:/usr/lib/python3/dist-packages/colcon_core/task/python/colcon_distutils_commands:/home/sdc6/f1tenth_ws/install/mouse_teleop/lib/python3.10/site-packages:${PYTHONPATH} /usr/bin/python3 -W ignore:setup.py install is deprecated -W ignore:easy_install command is deprecated setup.py egg_info --egg-base ../../../../build/mouse_teleop build --build-base /home/sdc6/f1tenth_ws/build/mouse_teleop/build install --record /home/sdc6/f1tenth_ws/build/mouse_teleop/install.log --single-version-externally-managed install_data
