[1.967s] Invoking command in '/home/sdc6/f1tenth_ws/src/f1tenth_system/teleop_tools/key_teleop': PYTHONPATH=/home/sdc6/f1tenth_ws/build/key_teleop/prefix_override:/usr/lib/python3/dist-packages/colcon_core/task/python/colcon_distutils_commands:/home/sdc6/f1tenth_ws/install/key_teleop/lib/python3.10/site-packages:${PYTHONPATH} /usr/bin/python3 -W ignore:setup.py install is deprecated -W ignore:easy_install command is deprecated setup.py egg_info --egg-base ../../../../build/key_teleop build --build-base /home/sdc6/f1tenth_ws/build/key_teleop/build install --record /home/sdc6/f1tenth_ws/build/key_teleop/install.log --single-version-externally-managed install_data
[2.440s] running egg_info
[2.441s] writing ../../../../build/key_teleop/key_teleop.egg-info/PKG-INFO
[2.442s] writing dependency_links to ../../../../build/key_teleop/key_teleop.egg-info/dependency_links.txt
[2.442s] writing entry points to ../../../../build/key_teleop/key_teleop.egg-info/entry_points.txt
[2.443s] writing requirements to ../../../../build/key_teleop/key_teleop.egg-info/requires.txt
[2.443s] writing top-level names to ../../../../build/key_teleop/key_teleop.egg-info/top_level.txt
[2.446s] reading manifest file '../../../../build/key_teleop/key_teleop.egg-info/SOURCES.txt'
[2.446s] adding license file 'LICENSE'
[2.448s] writing manifest file '../../../../build/key_teleop/key_teleop.egg-info/SOURCES.txt'
[2.448s] running build
[2.448s] running build_py
[2.448s] running install
[2.449s] running install_lib
[2.455s] running install_data
[2.455s] running install_egg_info
[2.458s] removing '/home/sdc6/f1tenth_ws/install/key_teleop/lib/python3.10/site-packages/key_teleop-0.3.0-py3.10.egg-info' (and everything under it)
[2.459s] Copying ../../../../build/key_teleop/key_teleop.egg-info to /home/sdc6/f1tenth_ws/install/key_teleop/lib/python3.10/site-packages/key_teleop-0.3.0-py3.10.egg-info
[2.461s] running install_scripts
[2.501s] Installing key_teleop script to /home/sdc6/f1tenth_ws/install/key_teleop/lib/key_teleop
[2.501s] writing list of installed files to '/home/sdc6/f1tenth_ws/build/key_teleop/install.log'
[2.586s] Invoked command in '/home/sdc6/f1tenth_ws/src/f1tenth_system/teleop_tools/key_teleop' returned '0': PYTHONPATH=/home/sdc6/f1tenth_ws/build/key_teleop/prefix_override:/usr/lib/python3/dist-packages/colcon_core/task/python/colcon_distutils_commands:/home/sdc6/f1tenth_ws/install/key_teleop/lib/python3.10/site-packages:${PYTHONPATH} /usr/bin/python3 -W ignore:setup.py install is deprecated -W ignore:easy_install command is deprecated setup.py egg_info --egg-base ../../../../build/key_teleop build --build-base /home/sdc6/f1tenth_ws/build/key_teleop/build install --record /home/sdc6/f1tenth_ws/build/key_teleop/install.log --single-version-externally-managed install_data
