[0.051s] Invoking command in '/home/sdc6/f1tenth_ws/build/teleop_tools_msgs': CMAKE_PREFIX_PATH=${CMAKE_PREFIX_PATH}:/home/sdc6/f1tenth_ws/install/f1tenth_stack:/home/sdc6/f1tenth_ws/install/joy_teleop:/home/sdc6/f1tenth_ws/install/mouse_teleop:/home/sdc6/f1tenth_ws/install/key_teleop:/opt/ros/humble /usr/bin/cmake --build /home/sdc6/f1tenth_ws/build/teleop_tools_msgs -- -j6 -l6
[0.622s] [  9%] Built target teleop_tools_msgs__rosidl_generator_c
[0.623s] [ 12%] Built target teleop_tools_msgs__rs
[0.623s] [ 15%] Built target teleop_tools_msgs__cpp
[0.623s] [ 15%] Built target ament_cmake_python_copy_teleop_tools_msgs
[0.623s] [ 25%] Built target teleop_tools_msgs__rosidl_typesupport_c
[0.623s] [ 34%] Built target teleop_tools_msgs__rosidl_typesupport_fastrtps_c
[0.624s] [ 43%] Built target teleop_tools_msgs__rosidl_typesupport_introspection_c
[0.624s] [ 53%] Built target teleop_tools_msgs__rosidl_typesupport_fastrtps_cpp
[0.624s] [ 62%] Built target teleop_tools_msgs__rosidl_typesupport_introspection_cpp
[0.624s] [ 71%] Built target teleop_tools_msgs__rosidl_typesupport_cpp
[0.624s] [ 71%] Built target teleop_tools_msgs
[0.624s] [ 75%] Built target teleop_tools_msgs__py
[0.624s] [ 81%] Built target teleop_tools_msgs__rosidl_generator_py
[0.624s] [ 87%] Built target teleop_tools_msgs__rosidl_typesupport_fastrtps_c__pyext
[0.625s] [ 93%] Built target teleop_tools_msgs__rosidl_typesupport_introspection_c__pyext
[0.625s] [100%] Built target teleop_tools_msgs__rosidl_typesupport_c__pyext
[0.734s] running egg_info
[0.736s] writing teleop_tools_msgs.egg-info/PKG-INFO
[0.736s] writing dependency_links to teleop_tools_msgs.egg-info/dependency_links.txt
[0.737s] writing top-level names to teleop_tools_msgs.egg-info/top_level.txt
[0.742s] reading manifest file 'teleop_tools_msgs.egg-info/SOURCES.txt'
[0.742s] writing manifest file 'teleop_tools_msgs.egg-info/SOURCES.txt'
[0.814s] [100%] Built target ament_cmake_python_build_teleop_tools_msgs_egg
[1.164s] Invoked command in '/home/sdc6/f1tenth_ws/build/teleop_tools_msgs' returned '0': CMAKE_PREFIX_PATH=${CMAKE_PREFIX_PATH}:/home/sdc6/f1tenth_ws/install/f1tenth_stack:/home/sdc6/f1tenth_ws/install/joy_teleop:/home/sdc6/f1tenth_ws/install/mouse_teleop:/home/sdc6/f1tenth_ws/install/key_teleop:/opt/ros/humble /usr/bin/cmake --build /home/sdc6/f1tenth_ws/build/teleop_tools_msgs -- -j6 -l6
[1.168s] Invoking command in '/home/sdc6/f1tenth_ws/build/teleop_tools_msgs': CMAKE_PREFIX_PATH=${CMAKE_PREFIX_PATH}:/home/sdc6/f1tenth_ws/install/f1tenth_stack:/home/sdc6/f1tenth_ws/install/joy_teleop:/home/sdc6/f1tenth_ws/install/mouse_teleop:/home/sdc6/f1tenth_ws/install/key_teleop:/opt/ros/humble /usr/bin/cmake --install /home/sdc6/f1tenth_ws/build/teleop_tools_msgs
[1.187s] -- Install configuration: ""
[1.188s] -- Up-to-date: /home/sdc6/f1tenth_ws/install/teleop_tools_msgs/share/ament_index/resource_index/rosidl_interfaces/teleop_tools_msgs
[1.189s] -- Up-to-date: /home/sdc6/f1tenth_ws/install/teleop_tools_msgs/include/teleop_tools_msgs/teleop_tools_msgs
[1.190s] -- Up-to-date: /home/sdc6/f1tenth_ws/install/teleop_tools_msgs/include/teleop_tools_msgs/teleop_tools_msgs/msg
[1.190s] -- Up-to-date: /home/sdc6/f1tenth_ws/install/teleop_tools_msgs/include/teleop_tools_msgs/teleop_tools_msgs/msg/rosidl_generator_c__visibility_control.h
[1.191s] -- Up-to-date: /home/sdc6/f1tenth_ws/install/teleop_tools_msgs/include/teleop_tools_msgs/teleop_tools_msgs/action
[1.191s] -- Up-to-date: /home/sdc6/f1tenth_ws/install/teleop_tools_msgs/include/teleop_tools_msgs/teleop_tools_msgs/action/detail
[1.191s] -- Up-to-date: /home/sdc6/f1tenth_ws/install/teleop_tools_msgs/include/teleop_tools_msgs/teleop_tools_msgs/action/detail/increment__functions.c
[1.191s] -- Up-to-date: /home/sdc6/f1tenth_ws/install/teleop_tools_msgs/include/teleop_tools_msgs/teleop_tools_msgs/action/detail/increment__functions.h
[1.191s] -- Up-to-date: /home/sdc6/f1tenth_ws/install/teleop_tools_msgs/include/teleop_tools_msgs/teleop_tools_msgs/action/detail/increment__type_support.h
[1.192s] -- Up-to-date: /home/sdc6/f1tenth_ws/install/teleop_tools_msgs/include/teleop_tools_msgs/teleop_tools_msgs/action/detail/increment__struct.h
[1.194s] -- Up-to-date: /home/sdc6/f1tenth_ws/install/teleop_tools_msgs/include/teleop_tools_msgs/teleop_tools_msgs/action/increment.h
[1.195s] -- Up-to-date: /home/sdc6/f1tenth_ws/install/teleop_tools_msgs/share/teleop_tools_msgs/environment/library_path.sh
[1.195s] -- Up-to-date: /home/sdc6/f1tenth_ws/install/teleop_tools_msgs/share/teleop_tools_msgs/environment/library_path.dsv
[1.197s] -- Up-to-date: /home/sdc6/f1tenth_ws/install/teleop_tools_msgs/lib/libteleop_tools_msgs__rosidl_generator_c.so
[1.199s] -- Up-to-date: /home/sdc6/f1tenth_ws/install/teleop_tools_msgs/include/teleop_tools_msgs/teleop_tools_msgs
[1.200s] -- Up-to-date: /home/sdc6/f1tenth_ws/install/teleop_tools_msgs/include/teleop_tools_msgs/teleop_tools_msgs/msg
[1.200s] -- Up-to-date: /home/sdc6/f1tenth_ws/install/teleop_tools_msgs/include/teleop_tools_msgs/teleop_tools_msgs/msg/rosidl_typesupport_fastrtps_c__visibility_control.h
[1.204s] -- Up-to-date: /home/sdc6/f1tenth_ws/install/teleop_tools_msgs/include/teleop_tools_msgs/teleop_tools_msgs/action
[1.205s] -- Up-to-date: /home/sdc6/f1tenth_ws/install/teleop_tools_msgs/include/teleop_tools_msgs/teleop_tools_msgs/action/detail
[1.206s] -- Up-to-date: /home/sdc6/f1tenth_ws/install/teleop_tools_msgs/include/teleop_tools_msgs/teleop_tools_msgs/action/detail/increment__rosidl_typesupport_fastrtps_c.h
[1.207s] -- Up-to-date: /home/sdc6/f1tenth_ws/install/teleop_tools_msgs/lib/libteleop_tools_msgs__rosidl_typesupport_fastrtps_c.so
[1.207s] -- Up-to-date: /home/sdc6/f1tenth_ws/install/teleop_tools_msgs/include/teleop_tools_msgs/teleop_tools_msgs
[1.208s] -- Up-to-date: /home/sdc6/f1tenth_ws/install/teleop_tools_msgs/include/teleop_tools_msgs/teleop_tools_msgs/msg
[1.208s] -- Up-to-date: /home/sdc6/f1tenth_ws/install/teleop_tools_msgs/include/teleop_tools_msgs/teleop_tools_msgs/msg/rosidl_typesupport_introspection_c__visibility_control.h
[1.209s] -- Up-to-date: /home/sdc6/f1tenth_ws/install/teleop_tools_msgs/include/teleop_tools_msgs/teleop_tools_msgs/action
[1.209s] -- Up-to-date: /home/sdc6/f1tenth_ws/install/teleop_tools_msgs/include/teleop_tools_msgs/teleop_tools_msgs/action/detail
[1.210s] -- Up-to-date: /home/sdc6/f1tenth_ws/install/teleop_tools_msgs/include/teleop_tools_msgs/teleop_tools_msgs/action/detail/increment__rosidl_typesupport_introspection_c.h
[1.210s] -- Up-to-date: /home/sdc6/f1tenth_ws/install/teleop_tools_msgs/include/teleop_tools_msgs/teleop_tools_msgs/action/detail/increment__type_support.c
[1.210s] -- Up-to-date: /home/sdc6/f1tenth_ws/install/teleop_tools_msgs/lib/libteleop_tools_msgs__rosidl_typesupport_introspection_c.so
[1.210s] -- Up-to-date: /home/sdc6/f1tenth_ws/install/teleop_tools_msgs/lib/libteleop_tools_msgs__rosidl_typesupport_c.so
[1.212s] -- Up-to-date: /home/sdc6/f1tenth_ws/install/teleop_tools_msgs/include/teleop_tools_msgs/teleop_tools_msgs
[1.212s] -- Up-to-date: /home/sdc6/f1tenth_ws/install/teleop_tools_msgs/include/teleop_tools_msgs/teleop_tools_msgs/msg
[1.213s] -- Up-to-date: /home/sdc6/f1tenth_ws/install/teleop_tools_msgs/include/teleop_tools_msgs/teleop_tools_msgs/msg/rosidl_generator_cpp__visibility_control.hpp
[1.213s] -- Up-to-date: /home/sdc6/f1tenth_ws/install/teleop_tools_msgs/include/teleop_tools_msgs/teleop_tools_msgs/action
[1.213s] -- Up-to-date: /home/sdc6/f1tenth_ws/install/teleop_tools_msgs/include/teleop_tools_msgs/teleop_tools_msgs/action/increment.hpp
[1.213s] -- Up-to-date: /home/sdc6/f1tenth_ws/install/teleop_tools_msgs/include/teleop_tools_msgs/teleop_tools_msgs/action/detail
[1.214s] -- Up-to-date: /home/sdc6/f1tenth_ws/install/teleop_tools_msgs/include/teleop_tools_msgs/teleop_tools_msgs/action/detail/increment__type_support.hpp
[1.214s] -- Up-to-date: /home/sdc6/f1tenth_ws/install/teleop_tools_msgs/include/teleop_tools_msgs/teleop_tools_msgs/action/detail/increment__traits.hpp
[1.215s] -- Up-to-date: /home/sdc6/f1tenth_ws/install/teleop_tools_msgs/include/teleop_tools_msgs/teleop_tools_msgs/action/detail/increment__struct.hpp
[1.215s] -- Up-to-date: /home/sdc6/f1tenth_ws/install/teleop_tools_msgs/include/teleop_tools_msgs/teleop_tools_msgs/action/detail/increment__builder.hpp
[1.215s] -- Up-to-date: /home/sdc6/f1tenth_ws/install/teleop_tools_msgs/include/teleop_tools_msgs/teleop_tools_msgs
[1.215s] -- Up-to-date: /home/sdc6/f1tenth_ws/install/teleop_tools_msgs/include/teleop_tools_msgs/teleop_tools_msgs/msg
[1.216s] -- Up-to-date: /home/sdc6/f1tenth_ws/install/teleop_tools_msgs/include/teleop_tools_msgs/teleop_tools_msgs/msg/rosidl_typesupport_fastrtps_cpp__visibility_control.h
[1.216s] -- Up-to-date: /home/sdc6/f1tenth_ws/install/teleop_tools_msgs/include/teleop_tools_msgs/teleop_tools_msgs/action
[1.216s] -- Up-to-date: /home/sdc6/f1tenth_ws/install/teleop_tools_msgs/include/teleop_tools_msgs/teleop_tools_msgs/action/detail
[1.216s] -- Up-to-date: /home/sdc6/f1tenth_ws/install/teleop_tools_msgs/include/teleop_tools_msgs/teleop_tools_msgs/action/detail/increment__rosidl_typesupport_fastrtps_cpp.hpp
[1.217s] -- Up-to-date: /home/sdc6/f1tenth_ws/install/teleop_tools_msgs/include/teleop_tools_msgs/teleop_tools_msgs/action/detail/dds_fastrtps
[1.217s] -- Up-to-date: /home/sdc6/f1tenth_ws/install/teleop_tools_msgs/lib/libteleop_tools_msgs__rosidl_typesupport_fastrtps_cpp.so
[1.217s] -- Up-to-date: /home/sdc6/f1tenth_ws/install/teleop_tools_msgs/include/teleop_tools_msgs/teleop_tools_msgs
[1.218s] -- Up-to-date: /home/sdc6/f1tenth_ws/install/teleop_tools_msgs/include/teleop_tools_msgs/teleop_tools_msgs/action
[1.220s] -- Up-to-date: /home/sdc6/f1tenth_ws/install/teleop_tools_msgs/include/teleop_tools_msgs/teleop_tools_msgs/action/detail
[1.221s] -- Up-to-date: /home/sdc6/f1tenth_ws/install/teleop_tools_msgs/include/teleop_tools_msgs/teleop_tools_msgs/action/detail/increment__rosidl_typesupport_introspection_cpp.hpp
[1.221s] -- Up-to-date: /home/sdc6/f1tenth_ws/install/teleop_tools_msgs/include/teleop_tools_msgs/teleop_tools_msgs/action/detail/increment__type_support.cpp
[1.222s] -- Up-to-date: /home/sdc6/f1tenth_ws/install/teleop_tools_msgs/lib/libteleop_tools_msgs__rosidl_typesupport_introspection_cpp.so
[1.222s] -- Up-to-date: /home/sdc6/f1tenth_ws/install/teleop_tools_msgs/lib/libteleop_tools_msgs__rosidl_typesupport_cpp.so
[1.222s] -- Up-to-date: /home/sdc6/f1tenth_ws/install/teleop_tools_msgs/share/teleop_tools_msgs/environment/pythonpath.sh
[1.223s] -- Up-to-date: /home/sdc6/f1tenth_ws/install/teleop_tools_msgs/share/teleop_tools_msgs/environment/pythonpath.dsv
[1.224s] -- Up-to-date: /home/sdc6/f1tenth_ws/install/teleop_tools_msgs/local/lib/python3.10/dist-packages/teleop_tools_msgs-1.2.1-py3.10.egg-info
[1.228s] -- Installing: /home/sdc6/f1tenth_ws/install/teleop_tools_msgs/local/lib/python3.10/dist-packages/teleop_tools_msgs-1.2.1-py3.10.egg-info/SOURCES.txt
[1.234s] -- Installing: /home/sdc6/f1tenth_ws/install/teleop_tools_msgs/local/lib/python3.10/dist-packages/teleop_tools_msgs-1.2.1-py3.10.egg-info/dependency_links.txt
[1.235s] -- Installing: /home/sdc6/f1tenth_ws/install/teleop_tools_msgs/local/lib/python3.10/dist-packages/teleop_tools_msgs-1.2.1-py3.10.egg-info/top_level.txt
[1.235s] -- Installing: /home/sdc6/f1tenth_ws/install/teleop_tools_msgs/local/lib/python3.10/dist-packages/teleop_tools_msgs-1.2.1-py3.10.egg-info/PKG-INFO
[1.240s] -- Up-to-date: /home/sdc6/f1tenth_ws/install/teleop_tools_msgs/local/lib/python3.10/dist-packages/teleop_tools_msgs
[1.240s] -- Up-to-date: /home/sdc6/f1tenth_ws/install/teleop_tools_msgs/local/lib/python3.10/dist-packages/teleop_tools_msgs/teleop_tools_msgs_s__rosidl_typesupport_introspection_c.cpython-310-aarch64-linux-gnu.so
[1.241s] -- Up-to-date: /home/sdc6/f1tenth_ws/install/teleop_tools_msgs/local/lib/python3.10/dist-packages/teleop_tools_msgs/_teleop_tools_msgs_s.ep.rosidl_typesupport_c.c
[1.241s] -- Up-to-date: /home/sdc6/f1tenth_ws/install/teleop_tools_msgs/local/lib/python3.10/dist-packages/teleop_tools_msgs/teleop_tools_msgs_s__rosidl_typesupport_fastrtps_c.cpython-310-aarch64-linux-gnu.so
[1.242s] -- Up-to-date: /home/sdc6/f1tenth_ws/install/teleop_tools_msgs/local/lib/python3.10/dist-packages/teleop_tools_msgs/action
[1.249s] -- Up-to-date: /home/sdc6/f1tenth_ws/install/teleop_tools_msgs/local/lib/python3.10/dist-packages/teleop_tools_msgs/action/_increment.py
[1.249s] -- Up-to-date: /home/sdc6/f1tenth_ws/install/teleop_tools_msgs/local/lib/python3.10/dist-packages/teleop_tools_msgs/action/_increment_s.c
[1.249s] -- Up-to-date: /home/sdc6/f1tenth_ws/install/teleop_tools_msgs/local/lib/python3.10/dist-packages/teleop_tools_msgs/action/__init__.py
[1.249s] -- Up-to-date: /home/sdc6/f1tenth_ws/install/teleop_tools_msgs/local/lib/python3.10/dist-packages/teleop_tools_msgs/_teleop_tools_msgs_s.ep.rosidl_typesupport_fastrtps_c.c
[1.250s] -- Up-to-date: /home/sdc6/f1tenth_ws/install/teleop_tools_msgs/local/lib/python3.10/dist-packages/teleop_tools_msgs/_teleop_tools_msgs_s.ep.rosidl_typesupport_introspection_c.c
[1.250s] -- Up-to-date: /home/sdc6/f1tenth_ws/install/teleop_tools_msgs/local/lib/python3.10/dist-packages/teleop_tools_msgs/teleop_tools_msgs_s__rosidl_typesupport_c.cpython-310-aarch64-linux-gnu.so
[1.254s] -- Up-to-date: /home/sdc6/f1tenth_ws/install/teleop_tools_msgs/local/lib/python3.10/dist-packages/teleop_tools_msgs/__init__.py
[1.255s] -- Up-to-date: /home/sdc6/f1tenth_ws/install/teleop_tools_msgs/local/lib/python3.10/dist-packages/teleop_tools_msgs/libteleop_tools_msgs__rosidl_generator_py.so
[1.299s] Listing '/home/sdc6/f1tenth_ws/install/teleop_tools_msgs/local/lib/python3.10/dist-packages/teleop_tools_msgs'...
[1.299s] Listing '/home/sdc6/f1tenth_ws/install/teleop_tools_msgs/local/lib/python3.10/dist-packages/teleop_tools_msgs/action'...
[1.301s] -- Up-to-date: /home/sdc6/f1tenth_ws/install/teleop_tools_msgs/local/lib/python3.10/dist-packages/teleop_tools_msgs/teleop_tools_msgs_s__rosidl_typesupport_fastrtps_c.cpython-310-aarch64-linux-gnu.so
[1.301s] -- Up-to-date: /home/sdc6/f1tenth_ws/install/teleop_tools_msgs/local/lib/python3.10/dist-packages/teleop_tools_msgs/teleop_tools_msgs_s__rosidl_typesupport_introspection_c.cpython-310-aarch64-linux-gnu.so
[1.303s] -- Up-to-date: /home/sdc6/f1tenth_ws/install/teleop_tools_msgs/local/lib/python3.10/dist-packages/teleop_tools_msgs/teleop_tools_msgs_s__rosidl_typesupport_c.cpython-310-aarch64-linux-gnu.so
[1.304s] -- Up-to-date: /home/sdc6/f1tenth_ws/install/teleop_tools_msgs/lib/libteleop_tools_msgs__rosidl_generator_py.so
[1.304s] -- Up-to-date: /home/sdc6/f1tenth_ws/install/teleop_tools_msgs/share/ament_index/resource_index/rust_packages/teleop_tools_msgs
[1.304s] -- Up-to-date: /home/sdc6/f1tenth_ws/install/teleop_tools_msgs/share/teleop_tools_msgs/rust
[1.305s] -- Up-to-date: /home/sdc6/f1tenth_ws/install/teleop_tools_msgs/share/teleop_tools_msgs/rust/build.rs
[1.305s] -- Up-to-date: /home/sdc6/f1tenth_ws/install/teleop_tools_msgs/share/teleop_tools_msgs/rust/src
[1.306s] -- Up-to-date: /home/sdc6/f1tenth_ws/install/teleop_tools_msgs/share/teleop_tools_msgs/rust/src/lib.rs
[1.306s] -- Up-to-date: /home/sdc6/f1tenth_ws/install/teleop_tools_msgs/share/teleop_tools_msgs/rust/src/action
[1.306s] -- Up-to-date: /home/sdc6/f1tenth_ws/install/teleop_tools_msgs/share/teleop_tools_msgs/rust/src/action/rmw.rs
[1.307s] -- Up-to-date: /home/sdc6/f1tenth_ws/install/teleop_tools_msgs/share/teleop_tools_msgs/rust/src/action.rs
[1.307s] -- Up-to-date: /home/sdc6/f1tenth_ws/install/teleop_tools_msgs/share/teleop_tools_msgs/rust/Cargo.toml
[1.307s] -- Up-to-date: /home/sdc6/f1tenth_ws/install/teleop_tools_msgs/share/teleop_tools_msgs/action/Increment.idl
[1.308s] -- Up-to-date: /home/sdc6/f1tenth_ws/install/teleop_tools_msgs/share/teleop_tools_msgs/action/Increment.action
[1.309s] -- Up-to-date: /home/sdc6/f1tenth_ws/install/teleop_tools_msgs/share/ament_index/resource_index/package_run_dependencies/teleop_tools_msgs
[1.309s] -- Up-to-date: /home/sdc6/f1tenth_ws/install/teleop_tools_msgs/share/ament_index/resource_index/parent_prefix_path/teleop_tools_msgs
[1.309s] -- Up-to-date: /home/sdc6/f1tenth_ws/install/teleop_tools_msgs/share/teleop_tools_msgs/environment/ament_prefix_path.sh
[1.310s] -- Up-to-date: /home/sdc6/f1tenth_ws/install/teleop_tools_msgs/share/teleop_tools_msgs/environment/ament_prefix_path.dsv
[1.310s] -- Up-to-date: /home/sdc6/f1tenth_ws/install/teleop_tools_msgs/share/teleop_tools_msgs/environment/path.sh
[1.310s] -- Up-to-date: /home/sdc6/f1tenth_ws/install/teleop_tools_msgs/share/teleop_tools_msgs/environment/path.dsv
[1.312s] -- Up-to-date: /home/sdc6/f1tenth_ws/install/teleop_tools_msgs/share/teleop_tools_msgs/local_setup.bash
[1.312s] -- Up-to-date: /home/sdc6/f1tenth_ws/install/teleop_tools_msgs/share/teleop_tools_msgs/local_setup.sh
[1.313s] -- Up-to-date: /home/sdc6/f1tenth_ws/install/teleop_tools_msgs/share/teleop_tools_msgs/local_setup.zsh
[1.313s] -- Up-to-date: /home/sdc6/f1tenth_ws/install/teleop_tools_msgs/share/teleop_tools_msgs/local_setup.dsv
[1.313s] -- Installing: /home/sdc6/f1tenth_ws/install/teleop_tools_msgs/share/teleop_tools_msgs/package.dsv
[1.314s] -- Up-to-date: /home/sdc6/f1tenth_ws/install/teleop_tools_msgs/share/ament_index/resource_index/packages/teleop_tools_msgs
[1.315s] -- Up-to-date: /home/sdc6/f1tenth_ws/install/teleop_tools_msgs/share/teleop_tools_msgs/cmake/export_teleop_tools_msgs__rosidl_generator_cExport.cmake
[1.316s] -- Up-to-date: /home/sdc6/f1tenth_ws/install/teleop_tools_msgs/share/teleop_tools_msgs/cmake/export_teleop_tools_msgs__rosidl_generator_cExport-noconfig.cmake
[1.317s] -- Up-to-date: /home/sdc6/f1tenth_ws/install/teleop_tools_msgs/share/teleop_tools_msgs/cmake/export_teleop_tools_msgs__rosidl_typesupport_fastrtps_cExport.cmake
[1.318s] -- Up-to-date: /home/sdc6/f1tenth_ws/install/teleop_tools_msgs/share/teleop_tools_msgs/cmake/export_teleop_tools_msgs__rosidl_typesupport_fastrtps_cExport-noconfig.cmake
[1.318s] -- Up-to-date: /home/sdc6/f1tenth_ws/install/teleop_tools_msgs/share/teleop_tools_msgs/cmake/teleop_tools_msgs__rosidl_typesupport_introspection_cExport.cmake
[1.318s] -- Up-to-date: /home/sdc6/f1tenth_ws/install/teleop_tools_msgs/share/teleop_tools_msgs/cmake/teleop_tools_msgs__rosidl_typesupport_introspection_cExport-noconfig.cmake
[1.318s] -- Up-to-date: /home/sdc6/f1tenth_ws/install/teleop_tools_msgs/share/teleop_tools_msgs/cmake/teleop_tools_msgs__rosidl_typesupport_cExport.cmake
[1.318s] -- Up-to-date: /home/sdc6/f1tenth_ws/install/teleop_tools_msgs/share/teleop_tools_msgs/cmake/teleop_tools_msgs__rosidl_typesupport_cExport-noconfig.cmake
[1.320s] -- Up-to-date: /home/sdc6/f1tenth_ws/install/teleop_tools_msgs/share/teleop_tools_msgs/cmake/export_teleop_tools_msgs__rosidl_generator_cppExport.cmake
[1.320s] -- Up-to-date: /home/sdc6/f1tenth_ws/install/teleop_tools_msgs/share/teleop_tools_msgs/cmake/export_teleop_tools_msgs__rosidl_typesupport_fastrtps_cppExport.cmake
[1.320s] -- Up-to-date: /home/sdc6/f1tenth_ws/install/teleop_tools_msgs/share/teleop_tools_msgs/cmake/export_teleop_tools_msgs__rosidl_typesupport_fastrtps_cppExport-noconfig.cmake
[1.321s] -- Up-to-date: /home/sdc6/f1tenth_ws/install/teleop_tools_msgs/share/teleop_tools_msgs/cmake/teleop_tools_msgs__rosidl_typesupport_introspection_cppExport.cmake
[1.321s] -- Up-to-date: /home/sdc6/f1tenth_ws/install/teleop_tools_msgs/share/teleop_tools_msgs/cmake/teleop_tools_msgs__rosidl_typesupport_introspection_cppExport-noconfig.cmake
[1.321s] -- Up-to-date: /home/sdc6/f1tenth_ws/install/teleop_tools_msgs/share/teleop_tools_msgs/cmake/teleop_tools_msgs__rosidl_typesupport_cppExport.cmake
[1.322s] -- Up-to-date: /home/sdc6/f1tenth_ws/install/teleop_tools_msgs/share/teleop_tools_msgs/cmake/teleop_tools_msgs__rosidl_typesupport_cppExport-noconfig.cmake
[1.322s] -- Up-to-date: /home/sdc6/f1tenth_ws/install/teleop_tools_msgs/share/teleop_tools_msgs/cmake/export_teleop_tools_msgs__rosidl_generator_pyExport.cmake
[1.322s] -- Up-to-date: /home/sdc6/f1tenth_ws/install/teleop_tools_msgs/share/teleop_tools_msgs/cmake/export_teleop_tools_msgs__rosidl_generator_pyExport-noconfig.cmake
[1.322s] -- Up-to-date: /home/sdc6/f1tenth_ws/install/teleop_tools_msgs/share/teleop_tools_msgs/cmake/rosidl_cmake-extras.cmake
[1.323s] -- Up-to-date: /home/sdc6/f1tenth_ws/install/teleop_tools_msgs/share/teleop_tools_msgs/cmake/ament_cmake_export_dependencies-extras.cmake
[1.323s] -- Up-to-date: /home/sdc6/f1tenth_ws/install/teleop_tools_msgs/share/teleop_tools_msgs/cmake/ament_cmake_export_include_directories-extras.cmake
[1.323s] -- Up-to-date: /home/sdc6/f1tenth_ws/install/teleop_tools_msgs/share/teleop_tools_msgs/cmake/ament_cmake_export_libraries-extras.cmake
[1.324s] -- Up-to-date: /home/sdc6/f1tenth_ws/install/teleop_tools_msgs/share/teleop_tools_msgs/cmake/ament_cmake_export_targets-extras.cmake
[1.324s] -- Up-to-date: /home/sdc6/f1tenth_ws/install/teleop_tools_msgs/share/teleop_tools_msgs/cmake/rosidl_cmake_export_typesupport_targets-extras.cmake
[1.324s] -- Up-to-date: /home/sdc6/f1tenth_ws/install/teleop_tools_msgs/share/teleop_tools_msgs/cmake/rosidl_cmake_export_typesupport_libraries-extras.cmake
[1.324s] -- Up-to-date: /home/sdc6/f1tenth_ws/install/teleop_tools_msgs/share/teleop_tools_msgs/cmake/teleop_tools_msgsConfig.cmake
[1.325s] -- Up-to-date: /home/sdc6/f1tenth_ws/install/teleop_tools_msgs/share/teleop_tools_msgs/cmake/teleop_tools_msgsConfig-version.cmake
[1.325s] -- Up-to-date: /home/sdc6/f1tenth_ws/install/teleop_tools_msgs/share/teleop_tools_msgs/package.xml
[1.334s] Invoked command in '/home/sdc6/f1tenth_ws/build/teleop_tools_msgs' returned '0': CMAKE_PREFIX_PATH=${CMAKE_PREFIX_PATH}:/home/sdc6/f1tenth_ws/install/f1tenth_stack:/home/sdc6/f1tenth_ws/install/joy_teleop:/home/sdc6/f1tenth_ws/install/mouse_teleop:/home/sdc6/f1tenth_ws/install/key_teleop:/opt/ros/humble /usr/bin/cmake --install /home/sdc6/f1tenth_ws/build/teleop_tools_msgs
