[0.046s] Invoking command in '/home/sdc6/f1tenth_ws/build/teleop_tools_msgs': CMAKE_PREFIX_PATH=/opt/ros/humble /usr/bin/cmake --build /home/sdc6/f1tenth_ws/build/teleop_tools_msgs -- -j6 -l6
[0.689s] [  9%] Built target teleop_tools_msgs__rosidl_generator_c
[0.697s] [ 12%] Built target teleop_tools_msgs__cpp
[0.697s] [ 15%] Built target teleop_tools_msgs__rs
[0.697s] [ 15%] Built target ament_cmake_python_copy_teleop_tools_msgs
[0.697s] [ 25%] Built target teleop_tools_msgs__rosidl_typesupport_fastrtps_c
[0.697s] [ 34%] Built target teleop_tools_msgs__rosidl_typesupport_c
[0.698s] [ 43%] Built target teleop_tools_msgs__rosidl_typesupport_introspection_c
[0.698s] [ 53%] Built target teleop_tools_msgs__rosidl_typesupport_introspection_cpp
[0.698s] [ 62%] Built target teleop_tools_msgs__rosidl_typesupport_fastrtps_cpp
[0.698s] [ 71%] Built target teleop_tools_msgs__rosidl_typesupport_cpp
[0.698s] [ 71%] Built target teleop_tools_msgs
[0.698s] [ 75%] Built target teleop_tools_msgs__py
[0.698s] [ 81%] Built target teleop_tools_msgs__rosidl_generator_py
[0.698s] [ 87%] Built target teleop_tools_msgs__rosidl_typesupport_fastrtps_c__pyext
[0.698s] [ 93%] Built target teleop_tools_msgs__rosidl_typesupport_introspection_c__pyext
[0.699s] [100%] Built target teleop_tools_msgs__rosidl_typesupport_c__pyext
[0.893s] running egg_info
[0.895s] writing teleop_tools_msgs.egg-info/PKG-INFO
[0.895s] writing dependency_links to teleop_tools_msgs.egg-info/dependency_links.txt
[0.896s] writing top-level names to teleop_tools_msgs.egg-info/top_level.txt
[0.901s] reading manifest file 'teleop_tools_msgs.egg-info/SOURCES.txt'
[0.902s] writing manifest file 'teleop_tools_msgs.egg-info/SOURCES.txt'
[0.994s] [100%] Built target ament_cmake_python_build_teleop_tools_msgs_egg
[1.293s] Invoked command in '/home/sdc6/f1tenth_ws/build/teleop_tools_msgs' returned '0': CMAKE_PREFIX_PATH=/opt/ros/humble /usr/bin/cmake --build /home/sdc6/f1tenth_ws/build/teleop_tools_msgs -- -j6 -l6
[1.296s] Invoking command in '/home/sdc6/f1tenth_ws/build/teleop_tools_msgs': CMAKE_PREFIX_PATH=/opt/ros/humble /usr/bin/cmake --install /home/sdc6/f1tenth_ws/build/teleop_tools_msgs
[1.347s] -- Install configuration: ""
[1.348s] -- Up-to-date: /home/sdc6/f1tenth_ws/install/teleop_tools_msgs/share/ament_index/resource_index/rosidl_interfaces/teleop_tools_msgs
[1.348s] -- Up-to-date: /home/sdc6/f1tenth_ws/install/teleop_tools_msgs/include/teleop_tools_msgs/teleop_tools_msgs
[1.348s] -- Up-to-date: /home/sdc6/f1tenth_ws/install/teleop_tools_msgs/include/teleop_tools_msgs/teleop_tools_msgs/msg
[1.348s] -- Up-to-date: /home/sdc6/f1tenth_ws/install/teleop_tools_msgs/include/teleop_tools_msgs/teleop_tools_msgs/msg/rosidl_generator_c__visibility_control.h
[1.348s] -- Up-to-date: /home/sdc6/f1tenth_ws/install/teleop_tools_msgs/include/teleop_tools_msgs/teleop_tools_msgs/action
[1.348s] -- Up-to-date: /home/sdc6/f1tenth_ws/install/teleop_tools_msgs/include/teleop_tools_msgs/teleop_tools_msgs/action/detail
[1.348s] -- Up-to-date: /home/sdc6/f1tenth_ws/install/teleop_tools_msgs/include/teleop_tools_msgs/teleop_tools_msgs/action/detail/increment__functions.c
[1.348s] -- Up-to-date: /home/sdc6/f1tenth_ws/install/teleop_tools_msgs/include/teleop_tools_msgs/teleop_tools_msgs/action/detail/increment__functions.h
[1.348s] -- Up-to-date: /home/sdc6/f1tenth_ws/install/teleop_tools_msgs/include/teleop_tools_msgs/teleop_tools_msgs/action/detail/increment__type_support.h
[1.349s] -- Up-to-date: /home/sdc6/f1tenth_ws/install/teleop_tools_msgs/include/teleop_tools_msgs/teleop_tools_msgs/action/detail/increment__struct.h
[1.349s] -- Up-to-date: /home/sdc6/f1tenth_ws/install/teleop_tools_msgs/include/teleop_tools_msgs/teleop_tools_msgs/action/increment.h
[1.349s] -- Up-to-date: /home/sdc6/f1tenth_ws/install/teleop_tools_msgs/share/teleop_tools_msgs/environment/library_path.sh
[1.349s] -- Up-to-date: /home/sdc6/f1tenth_ws/install/teleop_tools_msgs/share/teleop_tools_msgs/environment/library_path.dsv
[1.349s] -- Up-to-date: /home/sdc6/f1tenth_ws/install/teleop_tools_msgs/lib/libteleop_tools_msgs__rosidl_generator_c.so
[1.349s] -- Up-to-date: /home/sdc6/f1tenth_ws/install/teleop_tools_msgs/include/teleop_tools_msgs/teleop_tools_msgs
[1.349s] -- Up-to-date: /home/sdc6/f1tenth_ws/install/teleop_tools_msgs/include/teleop_tools_msgs/teleop_tools_msgs/msg
[1.349s] -- Up-to-date: /home/sdc6/f1tenth_ws/install/teleop_tools_msgs/include/teleop_tools_msgs/teleop_tools_msgs/msg/rosidl_typesupport_fastrtps_c__visibility_control.h
[1.349s] -- Up-to-date: /home/sdc6/f1tenth_ws/install/teleop_tools_msgs/include/teleop_tools_msgs/teleop_tools_msgs/action
[1.350s] -- Up-to-date: /home/sdc6/f1tenth_ws/install/teleop_tools_msgs/include/teleop_tools_msgs/teleop_tools_msgs/action/detail
[1.350s] -- Up-to-date: /home/sdc6/f1tenth_ws/install/teleop_tools_msgs/include/teleop_tools_msgs/teleop_tools_msgs/action/detail/increment__rosidl_typesupport_fastrtps_c.h
[1.350s] -- Up-to-date: /home/sdc6/f1tenth_ws/install/teleop_tools_msgs/lib/libteleop_tools_msgs__rosidl_typesupport_fastrtps_c.so
[1.350s] -- Up-to-date: /home/sdc6/f1tenth_ws/install/teleop_tools_msgs/include/teleop_tools_msgs/teleop_tools_msgs
[1.350s] -- Up-to-date: /home/sdc6/f1tenth_ws/install/teleop_tools_msgs/include/teleop_tools_msgs/teleop_tools_msgs/msg
[1.350s] -- Up-to-date: /home/sdc6/f1tenth_ws/install/teleop_tools_msgs/include/teleop_tools_msgs/teleop_tools_msgs/msg/rosidl_typesupport_introspection_c__visibility_control.h
[1.350s] -- Up-to-date: /home/sdc6/f1tenth_ws/install/teleop_tools_msgs/include/teleop_tools_msgs/teleop_tools_msgs/action
[1.350s] -- Up-to-date: /home/sdc6/f1tenth_ws/install/teleop_tools_msgs/include/teleop_tools_msgs/teleop_tools_msgs/action/detail
[1.350s] -- Up-to-date: /home/sdc6/f1tenth_ws/install/teleop_tools_msgs/include/teleop_tools_msgs/teleop_tools_msgs/action/detail/increment__rosidl_typesupport_introspection_c.h
[1.351s] -- Up-to-date: /home/sdc6/f1tenth_ws/install/teleop_tools_msgs/include/teleop_tools_msgs/teleop_tools_msgs/action/detail/increment__type_support.c
[1.351s] -- Up-to-date: /home/sdc6/f1tenth_ws/install/teleop_tools_msgs/lib/libteleop_tools_msgs__rosidl_typesupport_introspection_c.so
[1.351s] -- Up-to-date: /home/sdc6/f1tenth_ws/install/teleop_tools_msgs/lib/libteleop_tools_msgs__rosidl_typesupport_c.so
[1.351s] -- Up-to-date: /home/sdc6/f1tenth_ws/install/teleop_tools_msgs/include/teleop_tools_msgs/teleop_tools_msgs
[1.351s] -- Up-to-date: /home/sdc6/f1tenth_ws/install/teleop_tools_msgs/include/teleop_tools_msgs/teleop_tools_msgs/msg
[1.351s] -- Up-to-date: /home/sdc6/f1tenth_ws/install/teleop_tools_msgs/include/teleop_tools_msgs/teleop_tools_msgs/msg/rosidl_generator_cpp__visibility_control.hpp
[1.351s] -- Up-to-date: /home/sdc6/f1tenth_ws/install/teleop_tools_msgs/include/teleop_tools_msgs/teleop_tools_msgs/action
[1.351s] -- Up-to-date: /home/sdc6/f1tenth_ws/install/teleop_tools_msgs/include/teleop_tools_msgs/teleop_tools_msgs/action/increment.hpp
[1.351s] -- Up-to-date: /home/sdc6/f1tenth_ws/install/teleop_tools_msgs/include/teleop_tools_msgs/teleop_tools_msgs/action/detail
[1.351s] -- Up-to-date: /home/sdc6/f1tenth_ws/install/teleop_tools_msgs/include/teleop_tools_msgs/teleop_tools_msgs/action/detail/increment__type_support.hpp
[1.352s] -- Up-to-date: /home/sdc6/f1tenth_ws/install/teleop_tools_msgs/include/teleop_tools_msgs/teleop_tools_msgs/action/detail/increment__traits.hpp
[1.352s] -- Up-to-date: /home/sdc6/f1tenth_ws/install/teleop_tools_msgs/include/teleop_tools_msgs/teleop_tools_msgs/action/detail/increment__struct.hpp
[1.352s] -- Up-to-date: /home/sdc6/f1tenth_ws/install/teleop_tools_msgs/include/teleop_tools_msgs/teleop_tools_msgs/action/detail/increment__builder.hpp
[1.352s] -- Up-to-date: /home/sdc6/f1tenth_ws/install/teleop_tools_msgs/include/teleop_tools_msgs/teleop_tools_msgs
[1.352s] -- Up-to-date: /home/sdc6/f1tenth_ws/install/teleop_tools_msgs/include/teleop_tools_msgs/teleop_tools_msgs/msg
[1.352s] -- Up-to-date: /home/sdc6/f1tenth_ws/install/teleop_tools_msgs/include/teleop_tools_msgs/teleop_tools_msgs/msg/rosidl_typesupport_fastrtps_cpp__visibility_control.h
[1.352s] -- Up-to-date: /home/sdc6/f1tenth_ws/install/teleop_tools_msgs/include/teleop_tools_msgs/teleop_tools_msgs/action
[1.353s] -- Up-to-date: /home/sdc6/f1tenth_ws/install/teleop_tools_msgs/include/teleop_tools_msgs/teleop_tools_msgs/action/detail
[1.353s] -- Up-to-date: /home/sdc6/f1tenth_ws/install/teleop_tools_msgs/include/teleop_tools_msgs/teleop_tools_msgs/action/detail/increment__rosidl_typesupport_fastrtps_cpp.hpp
[1.353s] -- Up-to-date: /home/sdc6/f1tenth_ws/install/teleop_tools_msgs/include/teleop_tools_msgs/teleop_tools_msgs/action/detail/dds_fastrtps
[1.353s] -- Up-to-date: /home/sdc6/f1tenth_ws/install/teleop_tools_msgs/lib/libteleop_tools_msgs__rosidl_typesupport_fastrtps_cpp.so
[1.354s] -- Up-to-date: /home/sdc6/f1tenth_ws/install/teleop_tools_msgs/include/teleop_tools_msgs/teleop_tools_msgs
[1.354s] -- Up-to-date: /home/sdc6/f1tenth_ws/install/teleop_tools_msgs/include/teleop_tools_msgs/teleop_tools_msgs/action
[1.354s] -- Up-to-date: /home/sdc6/f1tenth_ws/install/teleop_tools_msgs/include/teleop_tools_msgs/teleop_tools_msgs/action/detail
[1.354s] -- Up-to-date: /home/sdc6/f1tenth_ws/install/teleop_tools_msgs/include/teleop_tools_msgs/teleop_tools_msgs/action/detail/increment__rosidl_typesupport_introspection_cpp.hpp
[1.354s] -- Up-to-date: /home/sdc6/f1tenth_ws/install/teleop_tools_msgs/include/teleop_tools_msgs/teleop_tools_msgs/action/detail/increment__type_support.cpp
[1.354s] -- Up-to-date: /home/sdc6/f1tenth_ws/install/teleop_tools_msgs/lib/libteleop_tools_msgs__rosidl_typesupport_introspection_cpp.so
[1.354s] -- Up-to-date: /home/sdc6/f1tenth_ws/install/teleop_tools_msgs/lib/libteleop_tools_msgs__rosidl_typesupport_cpp.so
[1.354s] -- Up-to-date: /home/sdc6/f1tenth_ws/install/teleop_tools_msgs/share/teleop_tools_msgs/environment/pythonpath.sh
[1.354s] -- Up-to-date: /home/sdc6/f1tenth_ws/install/teleop_tools_msgs/share/teleop_tools_msgs/environment/pythonpath.dsv
[1.354s] -- Up-to-date: /home/sdc6/f1tenth_ws/install/teleop_tools_msgs/local/lib/python3.10/dist-packages/teleop_tools_msgs-1.2.1-py3.10.egg-info
[1.355s] -- Installing: /home/sdc6/f1tenth_ws/install/teleop_tools_msgs/local/lib/python3.10/dist-packages/teleop_tools_msgs-1.2.1-py3.10.egg-info/SOURCES.txt
[1.355s] -- Installing: /home/sdc6/f1tenth_ws/install/teleop_tools_msgs/local/lib/python3.10/dist-packages/teleop_tools_msgs-1.2.1-py3.10.egg-info/dependency_links.txt
[1.355s] -- Installing: /home/sdc6/f1tenth_ws/install/teleop_tools_msgs/local/lib/python3.10/dist-packages/teleop_tools_msgs-1.2.1-py3.10.egg-info/top_level.txt
[1.355s] -- Installing: /home/sdc6/f1tenth_ws/install/teleop_tools_msgs/local/lib/python3.10/dist-packages/teleop_tools_msgs-1.2.1-py3.10.egg-info/PKG-INFO
[1.355s] -- Up-to-date: /home/sdc6/f1tenth_ws/install/teleop_tools_msgs/local/lib/python3.10/dist-packages/teleop_tools_msgs
[1.355s] -- Up-to-date: /home/sdc6/f1tenth_ws/install/teleop_tools_msgs/local/lib/python3.10/dist-packages/teleop_tools_msgs/teleop_tools_msgs_s__rosidl_typesupport_introspection_c.cpython-310-aarch64-linux-gnu.so
[1.355s] -- Up-to-date: /home/sdc6/f1tenth_ws/install/teleop_tools_msgs/local/lib/python3.10/dist-packages/teleop_tools_msgs/_teleop_tools_msgs_s.ep.rosidl_typesupport_c.c
[1.355s] -- Up-to-date: /home/sdc6/f1tenth_ws/install/teleop_tools_msgs/local/lib/python3.10/dist-packages/teleop_tools_msgs/teleop_tools_msgs_s__rosidl_typesupport_fastrtps_c.cpython-310-aarch64-linux-gnu.so
[1.355s] -- Up-to-date: /home/sdc6/f1tenth_ws/install/teleop_tools_msgs/local/lib/python3.10/dist-packages/teleop_tools_msgs/action
[1.355s] -- Up-to-date: /home/sdc6/f1tenth_ws/install/teleop_tools_msgs/local/lib/python3.10/dist-packages/teleop_tools_msgs/action/_increment.py
[1.356s] -- Up-to-date: /home/sdc6/f1tenth_ws/install/teleop_tools_msgs/local/lib/python3.10/dist-packages/teleop_tools_msgs/action/_increment_s.c
[1.356s] -- Up-to-date: /home/sdc6/f1tenth_ws/install/teleop_tools_msgs/local/lib/python3.10/dist-packages/teleop_tools_msgs/action/__init__.py
[1.356s] -- Up-to-date: /home/sdc6/f1tenth_ws/install/teleop_tools_msgs/local/lib/python3.10/dist-packages/teleop_tools_msgs/_teleop_tools_msgs_s.ep.rosidl_typesupport_fastrtps_c.c
[1.356s] -- Up-to-date: /home/sdc6/f1tenth_ws/install/teleop_tools_msgs/local/lib/python3.10/dist-packages/teleop_tools_msgs/_teleop_tools_msgs_s.ep.rosidl_typesupport_introspection_c.c
[1.356s] -- Up-to-date: /home/sdc6/f1tenth_ws/install/teleop_tools_msgs/local/lib/python3.10/dist-packages/teleop_tools_msgs/teleop_tools_msgs_s__rosidl_typesupport_c.cpython-310-aarch64-linux-gnu.so
[1.356s] -- Up-to-date: /home/sdc6/f1tenth_ws/install/teleop_tools_msgs/local/lib/python3.10/dist-packages/teleop_tools_msgs/__init__.py
[1.356s] -- Up-to-date: /home/sdc6/f1tenth_ws/install/teleop_tools_msgs/local/lib/python3.10/dist-packages/teleop_tools_msgs/libteleop_tools_msgs__rosidl_generator_py.so
[1.415s] Listing '/home/sdc6/f1tenth_ws/install/teleop_tools_msgs/local/lib/python3.10/dist-packages/teleop_tools_msgs'...
[1.415s] Listing '/home/sdc6/f1tenth_ws/install/teleop_tools_msgs/local/lib/python3.10/dist-packages/teleop_tools_msgs/action'...
[1.427s] -- Up-to-date: /home/sdc6/f1tenth_ws/install/teleop_tools_msgs/local/lib/python3.10/dist-packages/teleop_tools_msgs/teleop_tools_msgs_s__rosidl_typesupport_fastrtps_c.cpython-310-aarch64-linux-gnu.so
[1.428s] -- Up-to-date: /home/sdc6/f1tenth_ws/install/teleop_tools_msgs/local/lib/python3.10/dist-packages/teleop_tools_msgs/teleop_tools_msgs_s__rosidl_typesupport_introspection_c.cpython-310-aarch64-linux-gnu.so
[1.428s] -- Up-to-date: /home/sdc6/f1tenth_ws/install/teleop_tools_msgs/local/lib/python3.10/dist-packages/teleop_tools_msgs/teleop_tools_msgs_s__rosidl_typesupport_c.cpython-310-aarch64-linux-gnu.so
[1.429s] -- Up-to-date: /home/sdc6/f1tenth_ws/install/teleop_tools_msgs/lib/libteleop_tools_msgs__rosidl_generator_py.so
[1.430s] -- Up-to-date: /home/sdc6/f1tenth_ws/install/teleop_tools_msgs/share/ament_index/resource_index/rust_packages/teleop_tools_msgs
[1.430s] -- Up-to-date: /home/sdc6/f1tenth_ws/install/teleop_tools_msgs/share/teleop_tools_msgs/rust
[1.431s] -- Up-to-date: /home/sdc6/f1tenth_ws/install/teleop_tools_msgs/share/teleop_tools_msgs/rust/build.rs
[1.431s] -- Up-to-date: /home/sdc6/f1tenth_ws/install/teleop_tools_msgs/share/teleop_tools_msgs/rust/src
[1.435s] -- Up-to-date: /home/sdc6/f1tenth_ws/install/teleop_tools_msgs/share/teleop_tools_msgs/rust/src/lib.rs
[1.435s] -- Up-to-date: /home/sdc6/f1tenth_ws/install/teleop_tools_msgs/share/teleop_tools_msgs/rust/src/action
[1.435s] -- Up-to-date: /home/sdc6/f1tenth_ws/install/teleop_tools_msgs/share/teleop_tools_msgs/rust/src/action/rmw.rs
[1.436s] -- Up-to-date: /home/sdc6/f1tenth_ws/install/teleop_tools_msgs/share/teleop_tools_msgs/rust/src/action.rs
[1.436s] -- Up-to-date: /home/sdc6/f1tenth_ws/install/teleop_tools_msgs/share/teleop_tools_msgs/rust/Cargo.toml
[1.436s] -- Up-to-date: /home/sdc6/f1tenth_ws/install/teleop_tools_msgs/share/teleop_tools_msgs/action/Increment.idl
[1.436s] -- Up-to-date: /home/sdc6/f1tenth_ws/install/teleop_tools_msgs/share/teleop_tools_msgs/action/Increment.action
[1.436s] -- Up-to-date: /home/sdc6/f1tenth_ws/install/teleop_tools_msgs/share/ament_index/resource_index/package_run_dependencies/teleop_tools_msgs
[1.436s] -- Up-to-date: /home/sdc6/f1tenth_ws/install/teleop_tools_msgs/share/ament_index/resource_index/parent_prefix_path/teleop_tools_msgs
[1.436s] -- Up-to-date: /home/sdc6/f1tenth_ws/install/teleop_tools_msgs/share/teleop_tools_msgs/environment/ament_prefix_path.sh
[1.436s] -- Up-to-date: /home/sdc6/f1tenth_ws/install/teleop_tools_msgs/share/teleop_tools_msgs/environment/ament_prefix_path.dsv
[1.436s] -- Up-to-date: /home/sdc6/f1tenth_ws/install/teleop_tools_msgs/share/teleop_tools_msgs/environment/path.sh
[1.442s] -- Up-to-date: /home/sdc6/f1tenth_ws/install/teleop_tools_msgs/share/teleop_tools_msgs/environment/path.dsv
[1.445s] -- Up-to-date: /home/sdc6/f1tenth_ws/install/teleop_tools_msgs/share/teleop_tools_msgs/local_setup.bash
[1.445s] -- Up-to-date: /home/sdc6/f1tenth_ws/install/teleop_tools_msgs/share/teleop_tools_msgs/local_setup.sh
[1.445s] -- Up-to-date: /home/sdc6/f1tenth_ws/install/teleop_tools_msgs/share/teleop_tools_msgs/local_setup.zsh
[1.445s] -- Up-to-date: /home/sdc6/f1tenth_ws/install/teleop_tools_msgs/share/teleop_tools_msgs/local_setup.dsv
[1.445s] -- Installing: /home/sdc6/f1tenth_ws/install/teleop_tools_msgs/share/teleop_tools_msgs/package.dsv
[1.445s] -- Up-to-date: /home/sdc6/f1tenth_ws/install/teleop_tools_msgs/share/ament_index/resource_index/packages/teleop_tools_msgs
[1.446s] -- Up-to-date: /home/sdc6/f1tenth_ws/install/teleop_tools_msgs/share/teleop_tools_msgs/cmake/export_teleop_tools_msgs__rosidl_generator_cExport.cmake
[1.446s] -- Up-to-date: /home/sdc6/f1tenth_ws/install/teleop_tools_msgs/share/teleop_tools_msgs/cmake/export_teleop_tools_msgs__rosidl_generator_cExport-noconfig.cmake
[1.446s] -- Up-to-date: /home/sdc6/f1tenth_ws/install/teleop_tools_msgs/share/teleop_tools_msgs/cmake/export_teleop_tools_msgs__rosidl_typesupport_fastrtps_cExport.cmake
[1.446s] -- Up-to-date: /home/sdc6/f1tenth_ws/install/teleop_tools_msgs/share/teleop_tools_msgs/cmake/export_teleop_tools_msgs__rosidl_typesupport_fastrtps_cExport-noconfig.cmake
[1.447s] -- Up-to-date: /home/sdc6/f1tenth_ws/install/teleop_tools_msgs/share/teleop_tools_msgs/cmake/teleop_tools_msgs__rosidl_typesupport_introspection_cExport.cmake
[1.448s] -- Up-to-date: /home/sdc6/f1tenth_ws/install/teleop_tools_msgs/share/teleop_tools_msgs/cmake/teleop_tools_msgs__rosidl_typesupport_introspection_cExport-noconfig.cmake
[1.449s] -- Up-to-date: /home/sdc6/f1tenth_ws/install/teleop_tools_msgs/share/teleop_tools_msgs/cmake/teleop_tools_msgs__rosidl_typesupport_cExport.cmake
[1.450s] -- Up-to-date: /home/sdc6/f1tenth_ws/install/teleop_tools_msgs/share/teleop_tools_msgs/cmake/teleop_tools_msgs__rosidl_typesupport_cExport-noconfig.cmake
[1.450s] -- Up-to-date: /home/sdc6/f1tenth_ws/install/teleop_tools_msgs/share/teleop_tools_msgs/cmake/export_teleop_tools_msgs__rosidl_generator_cppExport.cmake
[1.450s] -- Up-to-date: /home/sdc6/f1tenth_ws/install/teleop_tools_msgs/share/teleop_tools_msgs/cmake/export_teleop_tools_msgs__rosidl_typesupport_fastrtps_cppExport.cmake
[1.451s] -- Up-to-date: /home/sdc6/f1tenth_ws/install/teleop_tools_msgs/share/teleop_tools_msgs/cmake/export_teleop_tools_msgs__rosidl_typesupport_fastrtps_cppExport-noconfig.cmake
[1.451s] -- Up-to-date: /home/sdc6/f1tenth_ws/install/teleop_tools_msgs/share/teleop_tools_msgs/cmake/teleop_tools_msgs__rosidl_typesupport_introspection_cppExport.cmake
[1.451s] -- Up-to-date: /home/sdc6/f1tenth_ws/install/teleop_tools_msgs/share/teleop_tools_msgs/cmake/teleop_tools_msgs__rosidl_typesupport_introspection_cppExport-noconfig.cmake
[1.451s] -- Up-to-date: /home/sdc6/f1tenth_ws/install/teleop_tools_msgs/share/teleop_tools_msgs/cmake/teleop_tools_msgs__rosidl_typesupport_cppExport.cmake
[1.452s] -- Up-to-date: /home/sdc6/f1tenth_ws/install/teleop_tools_msgs/share/teleop_tools_msgs/cmake/teleop_tools_msgs__rosidl_typesupport_cppExport-noconfig.cmake
[1.452s] -- Up-to-date: /home/sdc6/f1tenth_ws/install/teleop_tools_msgs/share/teleop_tools_msgs/cmake/export_teleop_tools_msgs__rosidl_generator_pyExport.cmake
[1.453s] -- Up-to-date: /home/sdc6/f1tenth_ws/install/teleop_tools_msgs/share/teleop_tools_msgs/cmake/export_teleop_tools_msgs__rosidl_generator_pyExport-noconfig.cmake
[1.453s] -- Up-to-date: /home/sdc6/f1tenth_ws/install/teleop_tools_msgs/share/teleop_tools_msgs/cmake/rosidl_cmake-extras.cmake
[1.453s] -- Up-to-date: /home/sdc6/f1tenth_ws/install/teleop_tools_msgs/share/teleop_tools_msgs/cmake/ament_cmake_export_dependencies-extras.cmake
[1.454s] -- Up-to-date: /home/sdc6/f1tenth_ws/install/teleop_tools_msgs/share/teleop_tools_msgs/cmake/ament_cmake_export_include_directories-extras.cmake
[1.454s] -- Up-to-date: /home/sdc6/f1tenth_ws/install/teleop_tools_msgs/share/teleop_tools_msgs/cmake/ament_cmake_export_libraries-extras.cmake
[1.454s] -- Up-to-date: /home/sdc6/f1tenth_ws/install/teleop_tools_msgs/share/teleop_tools_msgs/cmake/ament_cmake_export_targets-extras.cmake
[1.455s] -- Up-to-date: /home/sdc6/f1tenth_ws/install/teleop_tools_msgs/share/teleop_tools_msgs/cmake/rosidl_cmake_export_typesupport_targets-extras.cmake
[1.455s] -- Up-to-date: /home/sdc6/f1tenth_ws/install/teleop_tools_msgs/share/teleop_tools_msgs/cmake/rosidl_cmake_export_typesupport_libraries-extras.cmake
[1.455s] -- Up-to-date: /home/sdc6/f1tenth_ws/install/teleop_tools_msgs/share/teleop_tools_msgs/cmake/teleop_tools_msgsConfig.cmake
[1.455s] -- Up-to-date: /home/sdc6/f1tenth_ws/install/teleop_tools_msgs/share/teleop_tools_msgs/cmake/teleop_tools_msgsConfig-version.cmake
[1.456s] -- Up-to-date: /home/sdc6/f1tenth_ws/install/teleop_tools_msgs/share/teleop_tools_msgs/package.xml
[1.484s] Invoked command in '/home/sdc6/f1tenth_ws/build/teleop_tools_msgs' returned '0': CMAKE_PREFIX_PATH=/opt/ros/humble /usr/bin/cmake --install /home/sdc6/f1tenth_ws/build/teleop_tools_msgs
