[0.025s] Invoking command in '/home/sdc6/f1tenth_ws/build/teleop_tools': AMENT_PREFIX_PATH=/home/sdc6/f1tenth_ws/install/joy_teleop:/home/sdc6/f1tenth_ws/install/teleop_tools_msgs:/home/sdc6/f1tenth_ws/install/key_teleop:${AMENT_PREFIX_PATH} CMAKE_PREFIX_PATH=/home/sdc6/f1tenth_ws/install/teleop_tools_msgs:/opt/ros/humble LD_LIBRARY_PATH=/home/sdc6/f1tenth_ws/install/teleop_tools_msgs/lib:/opt/ros/humble/opt/rviz_ogre_vendor/lib:/opt/ros/humble/lib/aarch64-linux-gnu:/opt/ros/humble/lib:/usr/local/cuda-12.6/lib64 PYTHONPATH=/home/sdc6/f1tenth_ws/install/joy_teleop/lib/python3.10/site-packages:/home/sdc6/f1tenth_ws/install/teleop_tools_msgs/local/lib/python3.10/dist-packages:/home/sdc6/f1tenth_ws/install/key_teleop/lib/python3.10/site-packages:${PYTHONPATH} /usr/bin/cmake --build /home/sdc6/f1tenth_ws/build/teleop_tools -- -j6 -l6
[0.533s] Invoked command in '/home/sdc6/f1tenth_ws/build/teleop_tools' returned '0': AMENT_PREFIX_PATH=/home/sdc6/f1tenth_ws/install/joy_teleop:/home/sdc6/f1tenth_ws/install/teleop_tools_msgs:/home/sdc6/f1tenth_ws/install/key_teleop:${AMENT_PREFIX_PATH} CMAKE_PREFIX_PATH=/home/sdc6/f1tenth_ws/install/teleop_tools_msgs:/opt/ros/humble LD_LIBRARY_PATH=/home/sdc6/f1tenth_ws/install/teleop_tools_msgs/lib:/opt/ros/humble/opt/rviz_ogre_vendor/lib:/opt/ros/humble/lib/aarch64-linux-gnu:/opt/ros/humble/lib:/usr/local/cuda-12.6/lib64 PYTHONPATH=/home/sdc6/f1tenth_ws/install/joy_teleop/lib/python3.10/site-packages:/home/sdc6/f1tenth_ws/install/teleop_tools_msgs/local/lib/python3.10/dist-packages:/home/sdc6/f1tenth_ws/install/key_teleop/lib/python3.10/site-packages:${PYTHONPATH} /usr/bin/cmake --build /home/sdc6/f1tenth_ws/build/teleop_tools -- -j6 -l6
[0.537s] Invoking command in '/home/sdc6/f1tenth_ws/build/teleop_tools': AMENT_PREFIX_PATH=/home/sdc6/f1tenth_ws/install/joy_teleop:/home/sdc6/f1tenth_ws/install/teleop_tools_msgs:/home/sdc6/f1tenth_ws/install/key_teleop:${AMENT_PREFIX_PATH} CMAKE_PREFIX_PATH=/home/sdc6/f1tenth_ws/install/teleop_tools_msgs:/opt/ros/humble LD_LIBRARY_PATH=/home/sdc6/f1tenth_ws/install/teleop_tools_msgs/lib:/opt/ros/humble/opt/rviz_ogre_vendor/lib:/opt/ros/humble/lib/aarch64-linux-gnu:/opt/ros/humble/lib:/usr/local/cuda-12.6/lib64 PYTHONPATH=/home/sdc6/f1tenth_ws/install/joy_teleop/lib/python3.10/site-packages:/home/sdc6/f1tenth_ws/install/teleop_tools_msgs/local/lib/python3.10/dist-packages:/home/sdc6/f1tenth_ws/install/key_teleop/lib/python3.10/site-packages:${PYTHONPATH} /usr/bin/cmake --install /home/sdc6/f1tenth_ws/build/teleop_tools
[0.552s] -- Install configuration: ""
[0.553s] -- Up-to-date: /home/sdc6/f1tenth_ws/install/teleop_tools/share/ament_index/resource_index/package_run_dependencies/teleop_tools
[0.554s] -- Up-to-date: /home/sdc6/f1tenth_ws/install/teleop_tools/share/ament_index/resource_index/parent_prefix_path/teleop_tools
[0.554s] -- Up-to-date: /home/sdc6/f1tenth_ws/install/teleop_tools/share/teleop_tools/environment/ament_prefix_path.sh
[0.555s] -- Up-to-date: /home/sdc6/f1tenth_ws/install/teleop_tools/share/teleop_tools/environment/ament_prefix_path.dsv
[0.556s] -- Up-to-date: /home/sdc6/f1tenth_ws/install/teleop_tools/share/teleop_tools/environment/path.sh
[0.557s] -- Up-to-date: /home/sdc6/f1tenth_ws/install/teleop_tools/share/teleop_tools/environment/path.dsv
[0.558s] -- Up-to-date: /home/sdc6/f1tenth_ws/install/teleop_tools/share/teleop_tools/local_setup.bash
[0.559s] -- Up-to-date: /home/sdc6/f1tenth_ws/install/teleop_tools/share/teleop_tools/local_setup.sh
[0.561s] -- Up-to-date: /home/sdc6/f1tenth_ws/install/teleop_tools/share/teleop_tools/local_setup.zsh
[0.561s] -- Up-to-date: /home/sdc6/f1tenth_ws/install/teleop_tools/share/teleop_tools/local_setup.dsv
[0.562s] -- Installing: /home/sdc6/f1tenth_ws/install/teleop_tools/share/teleop_tools/package.dsv
[0.563s] -- Up-to-date: /home/sdc6/f1tenth_ws/install/teleop_tools/share/ament_index/resource_index/packages/teleop_tools
[0.563s] -- Up-to-date: /home/sdc6/f1tenth_ws/install/teleop_tools/share/teleop_tools/cmake/teleop_toolsConfig.cmake
[0.564s] -- Up-to-date: /home/sdc6/f1tenth_ws/install/teleop_tools/share/teleop_tools/cmake/teleop_toolsConfig-version.cmake
[0.564s] -- Up-to-date: /home/sdc6/f1tenth_ws/install/teleop_tools/share/teleop_tools/package.xml
[0.565s] Invoked command in '/home/sdc6/f1tenth_ws/build/teleop_tools' returned '0': AMENT_PREFIX_PATH=/home/sdc6/f1tenth_ws/install/joy_teleop:/home/sdc6/f1tenth_ws/install/teleop_tools_msgs:/home/sdc6/f1tenth_ws/install/key_teleop:${AMENT_PREFIX_PATH} CMAKE_PREFIX_PATH=/home/sdc6/f1tenth_ws/install/teleop_tools_msgs:/opt/ros/humble LD_LIBRARY_PATH=/home/sdc6/f1tenth_ws/install/teleop_tools_msgs/lib:/opt/ros/humble/opt/rviz_ogre_vendor/lib:/opt/ros/humble/lib/aarch64-linux-gnu:/opt/ros/humble/lib:/usr/local/cuda-12.6/lib64 PYTHONPATH=/home/sdc6/f1tenth_ws/install/joy_teleop/lib/python3.10/site-packages:/home/sdc6/f1tenth_ws/install/teleop_tools_msgs/local/lib/python3.10/dist-packages:/home/sdc6/f1tenth_ws/install/key_teleop/lib/python3.10/site-packages:${PYTHONPATH} /usr/bin/cmake --install /home/sdc6/f1tenth_ws/build/teleop_tools
