[0.063s] Invoking command in '/home/sdc6/f1tenth_ws/build/vesc_msgs': CMAKE_PREFIX_PATH=${CMAKE_PREFIX_PATH}:/home/sdc6/f1tenth_ws/install/f1tenth_stack:/home/sdc6/f1tenth_ws/install/joy_teleop:/home/sdc6/f1tenth_ws/install/mouse_teleop:/home/sdc6/f1tenth_ws/install/kinematic_mpc:/home/sdc6/f1tenth_ws/install/key_teleop:/opt/ros/humble PS1=(test_env) \[\e]0;\u@\h: \w\a\]${debian_chroot:+($debian_chroot)}\[\033[01;32m\]\u@\h\[\033[00m\]:\[\033[01;34m\]\w\[\033[00m\]\$ VIRTUAL_ENV_PROMPT=(test_env) /usr/bin/cmake --build /home/sdc6/f1tenth_ws/build/vesc_msgs -- -j6 -l6
[0.809s] [  1%] Built target vesc_msgs__rs
[0.809s] [ 12%] Built target vesc_msgs__rosidl_generator_c
[0.809s] [ 14%] Built target vesc_msgs__cpp
[0.810s] [ 14%] Built target ament_cmake_python_copy_vesc_msgs
[0.810s] [ 25%] Built target vesc_msgs__rosidl_typesupport_introspection_cpp
[0.810s] [ 35%] Built target vesc_msgs__rosidl_typesupport_fastrtps_cpp
[0.810s] [ 46%] Built target vesc_msgs__rosidl_typesupport_cpp
[0.810s] [ 57%] Built target vesc_msgs__rosidl_typesupport_fastrtps_c
[0.810s] [ 67%] Built target vesc_msgs__rosidl_typesupport_introspection_c
[0.810s] [ 78%] Built target vesc_msgs__rosidl_typesupport_c
[0.810s] [ 78%] Built target vesc_msgs
[0.810s] [ 80%] Built target vesc_msgs__py
[0.811s] [ 89%] Built target vesc_msgs__rosidl_generator_py
[0.852s] [ 92%] Built target vesc_msgs__rosidl_typesupport_introspection_c__pyext
[0.882s] [ 96%] Built target vesc_msgs__rosidl_typesupport_fastrtps_c__pyext
[0.918s] [100%] Built target vesc_msgs__rosidl_typesupport_c__pyext
[1.081s] running egg_info
[1.082s] writing vesc_msgs.egg-info/PKG-INFO
[1.083s] writing dependency_links to vesc_msgs.egg-info/dependency_links.txt
[1.083s] writing top-level names to vesc_msgs.egg-info/top_level.txt
[1.088s] reading manifest file 'vesc_msgs.egg-info/SOURCES.txt'
[1.089s] writing manifest file 'vesc_msgs.egg-info/SOURCES.txt'
[1.164s] [100%] Built target ament_cmake_python_build_vesc_msgs_egg
[1.531s] Invoked command in '/home/sdc6/f1tenth_ws/build/vesc_msgs' returned '0': CMAKE_PREFIX_PATH=${CMAKE_PREFIX_PATH}:/home/sdc6/f1tenth_ws/install/f1tenth_stack:/home/sdc6/f1tenth_ws/install/joy_teleop:/home/sdc6/f1tenth_ws/install/mouse_teleop:/home/sdc6/f1tenth_ws/install/kinematic_mpc:/home/sdc6/f1tenth_ws/install/key_teleop:/opt/ros/humble PS1=(test_env) \[\e]0;\u@\h: \w\a\]${debian_chroot:+($debian_chroot)}\[\033[01;32m\]\u@\h\[\033[00m\]:\[\033[01;34m\]\w\[\033[00m\]\$ VIRTUAL_ENV_PROMPT=(test_env) /usr/bin/cmake --build /home/sdc6/f1tenth_ws/build/vesc_msgs -- -j6 -l6
[1.545s] Invoking command in '/home/sdc6/f1tenth_ws/build/vesc_msgs': CMAKE_PREFIX_PATH=${CMAKE_PREFIX_PATH}:/home/sdc6/f1tenth_ws/install/f1tenth_stack:/home/sdc6/f1tenth_ws/install/joy_teleop:/home/sdc6/f1tenth_ws/install/mouse_teleop:/home/sdc6/f1tenth_ws/install/kinematic_mpc:/home/sdc6/f1tenth_ws/install/key_teleop:/opt/ros/humble PS1=(test_env) \[\e]0;\u@\h: \w\a\]${debian_chroot:+($debian_chroot)}\[\033[01;32m\]\u@\h\[\033[00m\]:\[\033[01;34m\]\w\[\033[00m\]\$ VIRTUAL_ENV_PROMPT=(test_env) /usr/bin/cmake --install /home/sdc6/f1tenth_ws/build/vesc_msgs
[1.598s] -- Install configuration: ""
[1.598s] -- Up-to-date: /home/sdc6/f1tenth_ws/install/vesc_msgs/share/ament_index/resource_index/rosidl_interfaces/vesc_msgs
[1.598s] -- Up-to-date: /home/sdc6/f1tenth_ws/install/vesc_msgs/include/vesc_msgs/vesc_msgs
[1.598s] -- Up-to-date: /home/sdc6/f1tenth_ws/install/vesc_msgs/include/vesc_msgs/vesc_msgs/msg
[1.598s] -- Up-to-date: /home/sdc6/f1tenth_ws/install/vesc_msgs/include/vesc_msgs/vesc_msgs/msg/vesc_state.h
[1.598s] -- Up-to-date: /home/sdc6/f1tenth_ws/install/vesc_msgs/include/vesc_msgs/vesc_msgs/msg/rosidl_generator_c__visibility_control.h
[1.598s] -- Up-to-date: /home/sdc6/f1tenth_ws/install/vesc_msgs/include/vesc_msgs/vesc_msgs/msg/vesc_imu.h
[1.598s] -- Up-to-date: /home/sdc6/f1tenth_ws/install/vesc_msgs/include/vesc_msgs/vesc_msgs/msg/vesc_state_stamped.h
[1.599s] -- Up-to-date: /home/sdc6/f1tenth_ws/install/vesc_msgs/include/vesc_msgs/vesc_msgs/msg/vesc_imu_stamped.h
[1.599s] -- Up-to-date: /home/sdc6/f1tenth_ws/install/vesc_msgs/include/vesc_msgs/vesc_msgs/msg/detail
[1.599s] -- Up-to-date: /home/sdc6/f1tenth_ws/install/vesc_msgs/include/vesc_msgs/vesc_msgs/msg/detail/vesc_state_stamped__functions.c
[1.599s] -- Up-to-date: /home/sdc6/f1tenth_ws/install/vesc_msgs/include/vesc_msgs/vesc_msgs/msg/detail/vesc_imu_stamped__type_support.h
[1.599s] -- Up-to-date: /home/sdc6/f1tenth_ws/install/vesc_msgs/include/vesc_msgs/vesc_msgs/msg/detail/vesc_state_stamped__type_support.h
[1.599s] -- Up-to-date: /home/sdc6/f1tenth_ws/install/vesc_msgs/include/vesc_msgs/vesc_msgs/msg/detail/vesc_state_stamped__struct.h
[1.599s] -- Up-to-date: /home/sdc6/f1tenth_ws/install/vesc_msgs/include/vesc_msgs/vesc_msgs/msg/detail/vesc_imu__type_support.h
[1.599s] -- Up-to-date: /home/sdc6/f1tenth_ws/install/vesc_msgs/include/vesc_msgs/vesc_msgs/msg/detail/vesc_imu_stamped__functions.h
[1.599s] -- Up-to-date: /home/sdc6/f1tenth_ws/install/vesc_msgs/include/vesc_msgs/vesc_msgs/msg/detail/vesc_imu__functions.c
[1.600s] -- Up-to-date: /home/sdc6/f1tenth_ws/install/vesc_msgs/include/vesc_msgs/vesc_msgs/msg/detail/vesc_state__type_support.h
[1.600s] -- Up-to-date: /home/sdc6/f1tenth_ws/install/vesc_msgs/include/vesc_msgs/vesc_msgs/msg/detail/vesc_imu_stamped__functions.c
[1.600s] -- Up-to-date: /home/sdc6/f1tenth_ws/install/vesc_msgs/include/vesc_msgs/vesc_msgs/msg/detail/vesc_state__functions.c
[1.600s] -- Up-to-date: /home/sdc6/f1tenth_ws/install/vesc_msgs/include/vesc_msgs/vesc_msgs/msg/detail/vesc_state__functions.h
[1.600s] -- Up-to-date: /home/sdc6/f1tenth_ws/install/vesc_msgs/include/vesc_msgs/vesc_msgs/msg/detail/vesc_imu_stamped__struct.h
[1.600s] -- Up-to-date: /home/sdc6/f1tenth_ws/install/vesc_msgs/include/vesc_msgs/vesc_msgs/msg/detail/vesc_imu__struct.h
[1.600s] -- Up-to-date: /home/sdc6/f1tenth_ws/install/vesc_msgs/include/vesc_msgs/vesc_msgs/msg/detail/vesc_imu__functions.h
[1.600s] -- Up-to-date: /home/sdc6/f1tenth_ws/install/vesc_msgs/include/vesc_msgs/vesc_msgs/msg/detail/vesc_state_stamped__functions.h
[1.602s] -- Up-to-date: /home/sdc6/f1tenth_ws/install/vesc_msgs/include/vesc_msgs/vesc_msgs/msg/detail/vesc_state__struct.h
[1.603s] -- Up-to-date: /home/sdc6/f1tenth_ws/install/vesc_msgs/share/vesc_msgs/environment/library_path.sh
[1.603s] -- Up-to-date: /home/sdc6/f1tenth_ws/install/vesc_msgs/share/vesc_msgs/environment/library_path.dsv
[1.603s] -- Up-to-date: /home/sdc6/f1tenth_ws/install/vesc_msgs/lib/libvesc_msgs__rosidl_generator_c.so
[1.603s] -- Up-to-date: /home/sdc6/f1tenth_ws/install/vesc_msgs/include/vesc_msgs/vesc_msgs
[1.603s] -- Up-to-date: /home/sdc6/f1tenth_ws/install/vesc_msgs/include/vesc_msgs/vesc_msgs/msg
[1.603s] -- Up-to-date: /home/sdc6/f1tenth_ws/install/vesc_msgs/include/vesc_msgs/vesc_msgs/msg/detail
[1.603s] -- Up-to-date: /home/sdc6/f1tenth_ws/install/vesc_msgs/include/vesc_msgs/vesc_msgs/msg/detail/vesc_state__rosidl_typesupport_fastrtps_c.h
[1.604s] -- Up-to-date: /home/sdc6/f1tenth_ws/install/vesc_msgs/include/vesc_msgs/vesc_msgs/msg/detail/vesc_state_stamped__rosidl_typesupport_fastrtps_c.h
[1.604s] -- Up-to-date: /home/sdc6/f1tenth_ws/install/vesc_msgs/include/vesc_msgs/vesc_msgs/msg/detail/vesc_imu__rosidl_typesupport_fastrtps_c.h
[1.604s] -- Up-to-date: /home/sdc6/f1tenth_ws/install/vesc_msgs/include/vesc_msgs/vesc_msgs/msg/detail/vesc_imu_stamped__rosidl_typesupport_fastrtps_c.h
[1.604s] -- Up-to-date: /home/sdc6/f1tenth_ws/install/vesc_msgs/include/vesc_msgs/vesc_msgs/msg/rosidl_typesupport_fastrtps_c__visibility_control.h
[1.604s] -- Up-to-date: /home/sdc6/f1tenth_ws/install/vesc_msgs/lib/libvesc_msgs__rosidl_typesupport_fastrtps_c.so
[1.604s] -- Up-to-date: /home/sdc6/f1tenth_ws/install/vesc_msgs/include/vesc_msgs/vesc_msgs
[1.604s] -- Up-to-date: /home/sdc6/f1tenth_ws/install/vesc_msgs/include/vesc_msgs/vesc_msgs/msg
[1.604s] -- Up-to-date: /home/sdc6/f1tenth_ws/install/vesc_msgs/include/vesc_msgs/vesc_msgs/msg/detail
[1.604s] -- Up-to-date: /home/sdc6/f1tenth_ws/install/vesc_msgs/include/vesc_msgs/vesc_msgs/msg/detail/vesc_imu__rosidl_typesupport_introspection_c.h
[1.605s] -- Up-to-date: /home/sdc6/f1tenth_ws/install/vesc_msgs/include/vesc_msgs/vesc_msgs/msg/detail/vesc_imu__type_support.c
[1.605s] -- Up-to-date: /home/sdc6/f1tenth_ws/install/vesc_msgs/include/vesc_msgs/vesc_msgs/msg/detail/vesc_state_stamped__type_support.c
[1.605s] -- Up-to-date: /home/sdc6/f1tenth_ws/install/vesc_msgs/include/vesc_msgs/vesc_msgs/msg/detail/vesc_imu_stamped__rosidl_typesupport_introspection_c.h
[1.605s] -- Up-to-date: /home/sdc6/f1tenth_ws/install/vesc_msgs/include/vesc_msgs/vesc_msgs/msg/detail/vesc_state__rosidl_typesupport_introspection_c.h
[1.605s] -- Up-to-date: /home/sdc6/f1tenth_ws/install/vesc_msgs/include/vesc_msgs/vesc_msgs/msg/detail/vesc_state_stamped__rosidl_typesupport_introspection_c.h
[1.605s] -- Up-to-date: /home/sdc6/f1tenth_ws/install/vesc_msgs/include/vesc_msgs/vesc_msgs/msg/detail/vesc_state__type_support.c
[1.605s] -- Up-to-date: /home/sdc6/f1tenth_ws/install/vesc_msgs/include/vesc_msgs/vesc_msgs/msg/detail/vesc_imu_stamped__type_support.c
[1.605s] -- Up-to-date: /home/sdc6/f1tenth_ws/install/vesc_msgs/include/vesc_msgs/vesc_msgs/msg/rosidl_typesupport_introspection_c__visibility_control.h
[1.605s] -- Up-to-date: /home/sdc6/f1tenth_ws/install/vesc_msgs/lib/libvesc_msgs__rosidl_typesupport_introspection_c.so
[1.606s] -- Up-to-date: /home/sdc6/f1tenth_ws/install/vesc_msgs/lib/libvesc_msgs__rosidl_typesupport_c.so
[1.606s] -- Up-to-date: /home/sdc6/f1tenth_ws/install/vesc_msgs/include/vesc_msgs/vesc_msgs
[1.606s] -- Up-to-date: /home/sdc6/f1tenth_ws/install/vesc_msgs/include/vesc_msgs/vesc_msgs/msg
[1.606s] -- Up-to-date: /home/sdc6/f1tenth_ws/install/vesc_msgs/include/vesc_msgs/vesc_msgs/msg/vesc_imu.hpp
[1.606s] -- Up-to-date: /home/sdc6/f1tenth_ws/install/vesc_msgs/include/vesc_msgs/vesc_msgs/msg/vesc_state_stamped.hpp
[1.606s] -- Up-to-date: /home/sdc6/f1tenth_ws/install/vesc_msgs/include/vesc_msgs/vesc_msgs/msg/vesc_imu_stamped.hpp
[1.606s] -- Up-to-date: /home/sdc6/f1tenth_ws/install/vesc_msgs/include/vesc_msgs/vesc_msgs/msg/rosidl_generator_cpp__visibility_control.hpp
[1.606s] -- Up-to-date: /home/sdc6/f1tenth_ws/install/vesc_msgs/include/vesc_msgs/vesc_msgs/msg/detail
[1.606s] -- Up-to-date: /home/sdc6/f1tenth_ws/install/vesc_msgs/include/vesc_msgs/vesc_msgs/msg/detail/vesc_imu__traits.hpp
[1.606s] -- Up-to-date: /home/sdc6/f1tenth_ws/install/vesc_msgs/include/vesc_msgs/vesc_msgs/msg/detail/vesc_state__traits.hpp
[1.607s] -- Up-to-date: /home/sdc6/f1tenth_ws/install/vesc_msgs/include/vesc_msgs/vesc_msgs/msg/detail/vesc_state__type_support.hpp
[1.607s] -- Up-to-date: /home/sdc6/f1tenth_ws/install/vesc_msgs/include/vesc_msgs/vesc_msgs/msg/detail/vesc_imu_stamped__traits.hpp
[1.607s] -- Up-to-date: /home/sdc6/f1tenth_ws/install/vesc_msgs/include/vesc_msgs/vesc_msgs/msg/detail/vesc_imu__type_support.hpp
[1.607s] -- Up-to-date: /home/sdc6/f1tenth_ws/install/vesc_msgs/include/vesc_msgs/vesc_msgs/msg/detail/vesc_imu_stamped__type_support.hpp
[1.607s] -- Up-to-date: /home/sdc6/f1tenth_ws/install/vesc_msgs/include/vesc_msgs/vesc_msgs/msg/detail/vesc_imu_stamped__struct.hpp
[1.607s] -- Up-to-date: /home/sdc6/f1tenth_ws/install/vesc_msgs/include/vesc_msgs/vesc_msgs/msg/detail/vesc_state_stamped__type_support.hpp
[1.607s] -- Up-to-date: /home/sdc6/f1tenth_ws/install/vesc_msgs/include/vesc_msgs/vesc_msgs/msg/detail/vesc_state_stamped__builder.hpp
[1.608s] -- Up-to-date: /home/sdc6/f1tenth_ws/install/vesc_msgs/include/vesc_msgs/vesc_msgs/msg/detail/vesc_state__builder.hpp
[1.608s] -- Up-to-date: /home/sdc6/f1tenth_ws/install/vesc_msgs/include/vesc_msgs/vesc_msgs/msg/detail/vesc_imu__struct.hpp
[1.608s] -- Up-to-date: /home/sdc6/f1tenth_ws/install/vesc_msgs/include/vesc_msgs/vesc_msgs/msg/detail/vesc_state_stamped__struct.hpp
[1.608s] -- Up-to-date: /home/sdc6/f1tenth_ws/install/vesc_msgs/include/vesc_msgs/vesc_msgs/msg/detail/vesc_state_stamped__traits.hpp
[1.608s] -- Up-to-date: /home/sdc6/f1tenth_ws/install/vesc_msgs/include/vesc_msgs/vesc_msgs/msg/detail/vesc_state__struct.hpp
[1.608s] -- Up-to-date: /home/sdc6/f1tenth_ws/install/vesc_msgs/include/vesc_msgs/vesc_msgs/msg/detail/vesc_imu_stamped__builder.hpp
[1.608s] -- Up-to-date: /home/sdc6/f1tenth_ws/install/vesc_msgs/include/vesc_msgs/vesc_msgs/msg/detail/vesc_imu__builder.hpp
[1.608s] -- Up-to-date: /home/sdc6/f1tenth_ws/install/vesc_msgs/include/vesc_msgs/vesc_msgs/msg/vesc_state.hpp
[1.608s] -- Up-to-date: /home/sdc6/f1tenth_ws/install/vesc_msgs/include/vesc_msgs/vesc_msgs
[1.609s] -- Up-to-date: /home/sdc6/f1tenth_ws/install/vesc_msgs/include/vesc_msgs/vesc_msgs/msg
[1.609s] -- Up-to-date: /home/sdc6/f1tenth_ws/install/vesc_msgs/include/vesc_msgs/vesc_msgs/msg/rosidl_typesupport_fastrtps_cpp__visibility_control.h
[1.609s] -- Up-to-date: /home/sdc6/f1tenth_ws/install/vesc_msgs/include/vesc_msgs/vesc_msgs/msg/detail
[1.623s] -- Up-to-date: /home/sdc6/f1tenth_ws/install/vesc_msgs/include/vesc_msgs/vesc_msgs/msg/detail/vesc_state__rosidl_typesupport_fastrtps_cpp.hpp
[1.624s] -- Up-to-date: /home/sdc6/f1tenth_ws/install/vesc_msgs/include/vesc_msgs/vesc_msgs/msg/detail/vesc_imu_stamped__rosidl_typesupport_fastrtps_cpp.hpp
[1.624s] -- Up-to-date: /home/sdc6/f1tenth_ws/install/vesc_msgs/include/vesc_msgs/vesc_msgs/msg/detail/vesc_state_stamped__rosidl_typesupport_fastrtps_cpp.hpp
[1.624s] -- Up-to-date: /home/sdc6/f1tenth_ws/install/vesc_msgs/include/vesc_msgs/vesc_msgs/msg/detail/dds_fastrtps
[1.624s] -- Up-to-date: /home/sdc6/f1tenth_ws/install/vesc_msgs/include/vesc_msgs/vesc_msgs/msg/detail/vesc_imu__rosidl_typesupport_fastrtps_cpp.hpp
[1.624s] -- Up-to-date: /home/sdc6/f1tenth_ws/install/vesc_msgs/lib/libvesc_msgs__rosidl_typesupport_fastrtps_cpp.so
[1.624s] -- Up-to-date: /home/sdc6/f1tenth_ws/install/vesc_msgs/include/vesc_msgs/vesc_msgs
[1.625s] -- Up-to-date: /home/sdc6/f1tenth_ws/install/vesc_msgs/include/vesc_msgs/vesc_msgs/msg
[1.625s] -- Up-to-date: /home/sdc6/f1tenth_ws/install/vesc_msgs/include/vesc_msgs/vesc_msgs/msg/detail
[1.625s] -- Up-to-date: /home/sdc6/f1tenth_ws/install/vesc_msgs/include/vesc_msgs/vesc_msgs/msg/detail/vesc_imu__type_support.cpp
[1.625s] -- Up-to-date: /home/sdc6/f1tenth_ws/install/vesc_msgs/include/vesc_msgs/vesc_msgs/msg/detail/vesc_state_stamped__type_support.cpp
[1.625s] -- Up-to-date: /home/sdc6/f1tenth_ws/install/vesc_msgs/include/vesc_msgs/vesc_msgs/msg/detail/vesc_imu__rosidl_typesupport_introspection_cpp.hpp
[1.625s] -- Up-to-date: /home/sdc6/f1tenth_ws/install/vesc_msgs/include/vesc_msgs/vesc_msgs/msg/detail/vesc_imu_stamped__type_support.cpp
[1.625s] -- Up-to-date: /home/sdc6/f1tenth_ws/install/vesc_msgs/include/vesc_msgs/vesc_msgs/msg/detail/vesc_imu_stamped__rosidl_typesupport_introspection_cpp.hpp
[1.625s] -- Up-to-date: /home/sdc6/f1tenth_ws/install/vesc_msgs/include/vesc_msgs/vesc_msgs/msg/detail/vesc_state__type_support.cpp
[1.625s] -- Up-to-date: /home/sdc6/f1tenth_ws/install/vesc_msgs/include/vesc_msgs/vesc_msgs/msg/detail/vesc_state_stamped__rosidl_typesupport_introspection_cpp.hpp
[1.626s] -- Up-to-date: /home/sdc6/f1tenth_ws/install/vesc_msgs/include/vesc_msgs/vesc_msgs/msg/detail/vesc_state__rosidl_typesupport_introspection_cpp.hpp
[1.626s] -- Up-to-date: /home/sdc6/f1tenth_ws/install/vesc_msgs/lib/libvesc_msgs__rosidl_typesupport_introspection_cpp.so
[1.626s] -- Up-to-date: /home/sdc6/f1tenth_ws/install/vesc_msgs/lib/libvesc_msgs__rosidl_typesupport_cpp.so
[1.626s] -- Up-to-date: /home/sdc6/f1tenth_ws/install/vesc_msgs/share/vesc_msgs/environment/pythonpath.sh
[1.626s] -- Up-to-date: /home/sdc6/f1tenth_ws/install/vesc_msgs/share/vesc_msgs/environment/pythonpath.dsv
[1.626s] -- Up-to-date: /home/sdc6/f1tenth_ws/install/vesc_msgs/local/lib/python3.10/dist-packages/vesc_msgs-1.1.0-py3.10.egg-info
[1.626s] -- Installing: /home/sdc6/f1tenth_ws/install/vesc_msgs/local/lib/python3.10/dist-packages/vesc_msgs-1.1.0-py3.10.egg-info/SOURCES.txt
[1.626s] -- Installing: /home/sdc6/f1tenth_ws/install/vesc_msgs/local/lib/python3.10/dist-packages/vesc_msgs-1.1.0-py3.10.egg-info/dependency_links.txt
[1.626s] -- Installing: /home/sdc6/f1tenth_ws/install/vesc_msgs/local/lib/python3.10/dist-packages/vesc_msgs-1.1.0-py3.10.egg-info/top_level.txt
[1.627s] -- Installing: /home/sdc6/f1tenth_ws/install/vesc_msgs/local/lib/python3.10/dist-packages/vesc_msgs-1.1.0-py3.10.egg-info/PKG-INFO
[1.627s] -- Up-to-date: /home/sdc6/f1tenth_ws/install/vesc_msgs/local/lib/python3.10/dist-packages/vesc_msgs
[1.627s] -- Up-to-date: /home/sdc6/f1tenth_ws/install/vesc_msgs/local/lib/python3.10/dist-packages/vesc_msgs/msg
[1.627s] -- Up-to-date: /home/sdc6/f1tenth_ws/install/vesc_msgs/local/lib/python3.10/dist-packages/vesc_msgs/msg/_vesc_state_s.c
[1.627s] -- Up-to-date: /home/sdc6/f1tenth_ws/install/vesc_msgs/local/lib/python3.10/dist-packages/vesc_msgs/msg/_vesc_imu_stamped.py
[1.627s] -- Up-to-date: /home/sdc6/f1tenth_ws/install/vesc_msgs/local/lib/python3.10/dist-packages/vesc_msgs/msg/_vesc_state.py
[1.627s] -- Up-to-date: /home/sdc6/f1tenth_ws/install/vesc_msgs/local/lib/python3.10/dist-packages/vesc_msgs/msg/_vesc_imu_s.c
[1.628s] -- Up-to-date: /home/sdc6/f1tenth_ws/install/vesc_msgs/local/lib/python3.10/dist-packages/vesc_msgs/msg/__init__.py
[1.628s] -- Up-to-date: /home/sdc6/f1tenth_ws/install/vesc_msgs/local/lib/python3.10/dist-packages/vesc_msgs/msg/_vesc_imu_stamped_s.c
[1.628s] -- Up-to-date: /home/sdc6/f1tenth_ws/install/vesc_msgs/local/lib/python3.10/dist-packages/vesc_msgs/msg/_vesc_state_stamped.py
[1.628s] -- Up-to-date: /home/sdc6/f1tenth_ws/install/vesc_msgs/local/lib/python3.10/dist-packages/vesc_msgs/msg/_vesc_imu.py
[1.628s] -- Up-to-date: /home/sdc6/f1tenth_ws/install/vesc_msgs/local/lib/python3.10/dist-packages/vesc_msgs/msg/_vesc_state_stamped_s.c
[1.628s] -- Up-to-date: /home/sdc6/f1tenth_ws/install/vesc_msgs/local/lib/python3.10/dist-packages/vesc_msgs/vesc_msgs_s__rosidl_typesupport_fastrtps_c.cpython-310-aarch64-linux-gnu.so
[1.628s] -- Up-to-date: /home/sdc6/f1tenth_ws/install/vesc_msgs/local/lib/python3.10/dist-packages/vesc_msgs/_vesc_msgs_s.ep.rosidl_typesupport_c.c
[1.628s] -- Up-to-date: /home/sdc6/f1tenth_ws/install/vesc_msgs/local/lib/python3.10/dist-packages/vesc_msgs/libvesc_msgs__rosidl_generator_py.so
[1.628s] -- Up-to-date: /home/sdc6/f1tenth_ws/install/vesc_msgs/local/lib/python3.10/dist-packages/vesc_msgs/vesc_msgs_s__rosidl_typesupport_c.cpython-310-aarch64-linux-gnu.so
[1.629s] -- Up-to-date: /home/sdc6/f1tenth_ws/install/vesc_msgs/local/lib/python3.10/dist-packages/vesc_msgs/_vesc_msgs_s.ep.rosidl_typesupport_introspection_c.c
[1.629s] -- Up-to-date: /home/sdc6/f1tenth_ws/install/vesc_msgs/local/lib/python3.10/dist-packages/vesc_msgs/_vesc_msgs_s.ep.rosidl_typesupport_fastrtps_c.c
[1.629s] -- Up-to-date: /home/sdc6/f1tenth_ws/install/vesc_msgs/local/lib/python3.10/dist-packages/vesc_msgs/vesc_msgs_s__rosidl_typesupport_introspection_c.cpython-310-aarch64-linux-gnu.so
[1.629s] -- Up-to-date: /home/sdc6/f1tenth_ws/install/vesc_msgs/local/lib/python3.10/dist-packages/vesc_msgs/__init__.py
[1.682s] Listing '/home/sdc6/f1tenth_ws/install/vesc_msgs/local/lib/python3.10/dist-packages/vesc_msgs'...
[1.682s] Listing '/home/sdc6/f1tenth_ws/install/vesc_msgs/local/lib/python3.10/dist-packages/vesc_msgs/msg'...
[1.696s] -- Up-to-date: /home/sdc6/f1tenth_ws/install/vesc_msgs/local/lib/python3.10/dist-packages/vesc_msgs/vesc_msgs_s__rosidl_typesupport_fastrtps_c.cpython-310-aarch64-linux-gnu.so
[1.696s] -- Up-to-date: /home/sdc6/f1tenth_ws/install/vesc_msgs/local/lib/python3.10/dist-packages/vesc_msgs/vesc_msgs_s__rosidl_typesupport_introspection_c.cpython-310-aarch64-linux-gnu.so
[1.697s] -- Up-to-date: /home/sdc6/f1tenth_ws/install/vesc_msgs/local/lib/python3.10/dist-packages/vesc_msgs/vesc_msgs_s__rosidl_typesupport_c.cpython-310-aarch64-linux-gnu.so
[1.697s] -- Up-to-date: /home/sdc6/f1tenth_ws/install/vesc_msgs/lib/libvesc_msgs__rosidl_generator_py.so
[1.697s] -- Up-to-date: /home/sdc6/f1tenth_ws/install/vesc_msgs/share/ament_index/resource_index/rust_packages/vesc_msgs
[1.697s] -- Up-to-date: /home/sdc6/f1tenth_ws/install/vesc_msgs/share/vesc_msgs/rust
[1.697s] -- Up-to-date: /home/sdc6/f1tenth_ws/install/vesc_msgs/share/vesc_msgs/rust/build.rs
[1.697s] -- Up-to-date: /home/sdc6/f1tenth_ws/install/vesc_msgs/share/vesc_msgs/rust/src
[1.697s] -- Up-to-date: /home/sdc6/f1tenth_ws/install/vesc_msgs/share/vesc_msgs/rust/src/lib.rs
[1.698s] -- Up-to-date: /home/sdc6/f1tenth_ws/install/vesc_msgs/share/vesc_msgs/rust/src/msg
[1.698s] -- Up-to-date: /home/sdc6/f1tenth_ws/install/vesc_msgs/share/vesc_msgs/rust/src/msg/rmw.rs
[1.698s] -- Up-to-date: /home/sdc6/f1tenth_ws/install/vesc_msgs/share/vesc_msgs/rust/src/msg.rs
[1.698s] -- Up-to-date: /home/sdc6/f1tenth_ws/install/vesc_msgs/share/vesc_msgs/rust/Cargo.toml
[1.698s] -- Up-to-date: /home/sdc6/f1tenth_ws/install/vesc_msgs/share/vesc_msgs/msg/VescState.idl
[1.699s] -- Up-to-date: /home/sdc6/f1tenth_ws/install/vesc_msgs/share/vesc_msgs/msg/VescStateStamped.idl
[1.699s] -- Up-to-date: /home/sdc6/f1tenth_ws/install/vesc_msgs/share/vesc_msgs/msg/VescImu.idl
[1.699s] -- Up-to-date: /home/sdc6/f1tenth_ws/install/vesc_msgs/share/vesc_msgs/msg/VescImuStamped.idl
[1.699s] -- Up-to-date: /home/sdc6/f1tenth_ws/install/vesc_msgs/share/vesc_msgs/msg/VescState.msg
[1.699s] -- Up-to-date: /home/sdc6/f1tenth_ws/install/vesc_msgs/share/vesc_msgs/msg/VescStateStamped.msg
[1.699s] -- Up-to-date: /home/sdc6/f1tenth_ws/install/vesc_msgs/share/vesc_msgs/msg/VescImu.msg
[1.699s] -- Up-to-date: /home/sdc6/f1tenth_ws/install/vesc_msgs/share/vesc_msgs/msg/VescImuStamped.msg
[1.699s] -- Up-to-date: /home/sdc6/f1tenth_ws/install/vesc_msgs/share/ament_index/resource_index/package_run_dependencies/vesc_msgs
[1.700s] -- Up-to-date: /home/sdc6/f1tenth_ws/install/vesc_msgs/share/ament_index/resource_index/parent_prefix_path/vesc_msgs
[1.700s] -- Up-to-date: /home/sdc6/f1tenth_ws/install/vesc_msgs/share/vesc_msgs/environment/ament_prefix_path.sh
[1.700s] -- Up-to-date: /home/sdc6/f1tenth_ws/install/vesc_msgs/share/vesc_msgs/environment/ament_prefix_path.dsv
[1.700s] -- Up-to-date: /home/sdc6/f1tenth_ws/install/vesc_msgs/share/vesc_msgs/environment/path.sh
[1.700s] -- Up-to-date: /home/sdc6/f1tenth_ws/install/vesc_msgs/share/vesc_msgs/environment/path.dsv
[1.700s] -- Up-to-date: /home/sdc6/f1tenth_ws/install/vesc_msgs/share/vesc_msgs/local_setup.bash
[1.701s] -- Up-to-date: /home/sdc6/f1tenth_ws/install/vesc_msgs/share/vesc_msgs/local_setup.sh
[1.701s] -- Up-to-date: /home/sdc6/f1tenth_ws/install/vesc_msgs/share/vesc_msgs/local_setup.zsh
[1.701s] -- Up-to-date: /home/sdc6/f1tenth_ws/install/vesc_msgs/share/vesc_msgs/local_setup.dsv
[1.701s] -- Installing: /home/sdc6/f1tenth_ws/install/vesc_msgs/share/vesc_msgs/package.dsv
[1.701s] -- Up-to-date: /home/sdc6/f1tenth_ws/install/vesc_msgs/share/ament_index/resource_index/packages/vesc_msgs
[1.701s] -- Up-to-date: /home/sdc6/f1tenth_ws/install/vesc_msgs/share/vesc_msgs/cmake/export_vesc_msgs__rosidl_generator_cExport.cmake
[1.702s] -- Up-to-date: /home/sdc6/f1tenth_ws/install/vesc_msgs/share/vesc_msgs/cmake/export_vesc_msgs__rosidl_generator_cExport-noconfig.cmake
[1.702s] -- Up-to-date: /home/sdc6/f1tenth_ws/install/vesc_msgs/share/vesc_msgs/cmake/export_vesc_msgs__rosidl_typesupport_fastrtps_cExport.cmake
[1.702s] -- Up-to-date: /home/sdc6/f1tenth_ws/install/vesc_msgs/share/vesc_msgs/cmake/export_vesc_msgs__rosidl_typesupport_fastrtps_cExport-noconfig.cmake
[1.702s] -- Up-to-date: /home/sdc6/f1tenth_ws/install/vesc_msgs/share/vesc_msgs/cmake/vesc_msgs__rosidl_typesupport_introspection_cExport.cmake
[1.703s] -- Up-to-date: /home/sdc6/f1tenth_ws/install/vesc_msgs/share/vesc_msgs/cmake/vesc_msgs__rosidl_typesupport_introspection_cExport-noconfig.cmake
[1.703s] -- Up-to-date: /home/sdc6/f1tenth_ws/install/vesc_msgs/share/vesc_msgs/cmake/vesc_msgs__rosidl_typesupport_cExport.cmake
[1.703s] -- Up-to-date: /home/sdc6/f1tenth_ws/install/vesc_msgs/share/vesc_msgs/cmake/vesc_msgs__rosidl_typesupport_cExport-noconfig.cmake
[1.704s] -- Up-to-date: /home/sdc6/f1tenth_ws/install/vesc_msgs/share/vesc_msgs/cmake/export_vesc_msgs__rosidl_generator_cppExport.cmake
[1.704s] -- Up-to-date: /home/sdc6/f1tenth_ws/install/vesc_msgs/share/vesc_msgs/cmake/export_vesc_msgs__rosidl_typesupport_fastrtps_cppExport.cmake
[1.704s] -- Up-to-date: /home/sdc6/f1tenth_ws/install/vesc_msgs/share/vesc_msgs/cmake/export_vesc_msgs__rosidl_typesupport_fastrtps_cppExport-noconfig.cmake
[1.704s] -- Up-to-date: /home/sdc6/f1tenth_ws/install/vesc_msgs/share/vesc_msgs/cmake/vesc_msgs__rosidl_typesupport_introspection_cppExport.cmake
[1.704s] -- Up-to-date: /home/sdc6/f1tenth_ws/install/vesc_msgs/share/vesc_msgs/cmake/vesc_msgs__rosidl_typesupport_introspection_cppExport-noconfig.cmake
[1.704s] -- Up-to-date: /home/sdc6/f1tenth_ws/install/vesc_msgs/share/vesc_msgs/cmake/vesc_msgs__rosidl_typesupport_cppExport.cmake
[1.704s] -- Up-to-date: /home/sdc6/f1tenth_ws/install/vesc_msgs/share/vesc_msgs/cmake/vesc_msgs__rosidl_typesupport_cppExport-noconfig.cmake
[1.704s] -- Up-to-date: /home/sdc6/f1tenth_ws/install/vesc_msgs/share/vesc_msgs/cmake/export_vesc_msgs__rosidl_generator_pyExport.cmake
[1.704s] -- Up-to-date: /home/sdc6/f1tenth_ws/install/vesc_msgs/share/vesc_msgs/cmake/export_vesc_msgs__rosidl_generator_pyExport-noconfig.cmake
[1.705s] -- Up-to-date: /home/sdc6/f1tenth_ws/install/vesc_msgs/share/vesc_msgs/cmake/rosidl_cmake-extras.cmake
[1.705s] -- Up-to-date: /home/sdc6/f1tenth_ws/install/vesc_msgs/share/vesc_msgs/cmake/ament_cmake_export_dependencies-extras.cmake
[1.705s] -- Up-to-date: /home/sdc6/f1tenth_ws/install/vesc_msgs/share/vesc_msgs/cmake/ament_cmake_export_include_directories-extras.cmake
[1.705s] -- Up-to-date: /home/sdc6/f1tenth_ws/install/vesc_msgs/share/vesc_msgs/cmake/ament_cmake_export_libraries-extras.cmake
[1.705s] -- Up-to-date: /home/sdc6/f1tenth_ws/install/vesc_msgs/share/vesc_msgs/cmake/ament_cmake_export_targets-extras.cmake
[1.705s] -- Up-to-date: /home/sdc6/f1tenth_ws/install/vesc_msgs/share/vesc_msgs/cmake/rosidl_cmake_export_typesupport_targets-extras.cmake
[1.705s] -- Up-to-date: /home/sdc6/f1tenth_ws/install/vesc_msgs/share/vesc_msgs/cmake/rosidl_cmake_export_typesupport_libraries-extras.cmake
[1.705s] -- Up-to-date: /home/sdc6/f1tenth_ws/install/vesc_msgs/share/vesc_msgs/cmake/vesc_msgsConfig.cmake
[1.705s] -- Up-to-date: /home/sdc6/f1tenth_ws/install/vesc_msgs/share/vesc_msgs/cmake/vesc_msgsConfig-version.cmake
[1.705s] -- Up-to-date: /home/sdc6/f1tenth_ws/install/vesc_msgs/share/vesc_msgs/package.xml
[1.756s] Invoked command in '/home/sdc6/f1tenth_ws/build/vesc_msgs' returned '0': CMAKE_PREFIX_PATH=${CMAKE_PREFIX_PATH}:/home/sdc6/f1tenth_ws/install/f1tenth_stack:/home/sdc6/f1tenth_ws/install/joy_teleop:/home/sdc6/f1tenth_ws/install/mouse_teleop:/home/sdc6/f1tenth_ws/install/kinematic_mpc:/home/sdc6/f1tenth_ws/install/key_teleop:/opt/ros/humble PS1=(test_env) \[\e]0;\u@\h: \w\a\]${debian_chroot:+($debian_chroot)}\[\033[01;32m\]\u@\h\[\033[00m\]:\[\033[01;34m\]\w\[\033[00m\]\$ VIRTUAL_ENV_PROMPT=(test_env) /usr/bin/cmake --install /home/sdc6/f1tenth_ws/build/vesc_msgs
