[0.055s] Invoking command in '/home/sdc6/f1tenth_ws/build/teleop_tools_msgs': CMAKE_PREFIX_PATH=${CMAKE_PREFIX_PATH}:/home/sdc6/f1tenth_ws/install/f1tenth_stack:/home/sdc6/f1tenth_ws/install/joy_teleop:/home/sdc6/f1tenth_ws/install/mouse_teleop:/home/sdc6/f1tenth_ws/install/kinematic_mpc:/home/sdc6/f1tenth_ws/install/key_teleop:/opt/ros/humble PS1=\[\e]0;\u@\h: \w\a\]${debian_chroot:+($debian_chroot)}\[\033[01;32m\]\u@\h\[\033[00m\]:\[\033[01;34m\]\w\[\033[00m\]\$ /usr/bin/cmake --build /home/sdc6/f1tenth_ws/build/teleop_tools_msgs -- -j6 -l6
[0.861s] [  3%] Built target teleop_tools_msgs__rs
[0.861s] [ 12%] Built target teleop_tools_msgs__rosidl_generator_c
[0.861s] [ 15%] Built target teleop_tools_msgs__cpp
[0.861s] [ 15%] Built target ament_cmake_python_copy_teleop_tools_msgs
[0.861s] [ 25%] Built target teleop_tools_msgs__rosidl_typesupport_c
[0.861s] [ 34%] Built target teleop_tools_msgs__rosidl_typesupport_fastrtps_c
[0.861s] [ 43%] Built target teleop_tools_msgs__rosidl_typesupport_introspection_c
[0.862s] [ 53%] Built target teleop_tools_msgs__rosidl_typesupport_fastrtps_cpp
[0.862s] [ 62%] Built target teleop_tools_msgs__rosidl_typesupport_introspection_cpp
[0.862s] [ 71%] Built target teleop_tools_msgs__rosidl_typesupport_cpp
[0.862s] [ 71%] Built target teleop_tools_msgs
[0.862s] [ 75%] Built target teleop_tools_msgs__py
[0.862s] [ 81%] Built target teleop_tools_msgs__rosidl_generator_py
[0.862s] [ 87%] Built target teleop_tools_msgs__rosidl_typesupport_fastrtps_c__pyext
[0.862s] [ 93%] Built target teleop_tools_msgs__rosidl_typesupport_c__pyext
[0.883s] [100%] Built target teleop_tools_msgs__rosidl_typesupport_introspection_c__pyext
[1.122s] running egg_info
[1.123s] writing teleop_tools_msgs.egg-info/PKG-INFO
[1.123s] writing dependency_links to teleop_tools_msgs.egg-info/dependency_links.txt
[1.123s] writing top-level names to teleop_tools_msgs.egg-info/top_level.txt
[1.127s] reading manifest file 'teleop_tools_msgs.egg-info/SOURCES.txt'
[1.128s] writing manifest file 'teleop_tools_msgs.egg-info/SOURCES.txt'
[1.205s] [100%] Built target ament_cmake_python_build_teleop_tools_msgs_egg
[1.493s] Invoked command in '/home/sdc6/f1tenth_ws/build/teleop_tools_msgs' returned '0': CMAKE_PREFIX_PATH=${CMAKE_PREFIX_PATH}:/home/sdc6/f1tenth_ws/install/f1tenth_stack:/home/sdc6/f1tenth_ws/install/joy_teleop:/home/sdc6/f1tenth_ws/install/mouse_teleop:/home/sdc6/f1tenth_ws/install/kinematic_mpc:/home/sdc6/f1tenth_ws/install/key_teleop:/opt/ros/humble PS1=\[\e]0;\u@\h: \w\a\]${debian_chroot:+($debian_chroot)}\[\033[01;32m\]\u@\h\[\033[00m\]:\[\033[01;34m\]\w\[\033[00m\]\$ /usr/bin/cmake --build /home/sdc6/f1tenth_ws/build/teleop_tools_msgs -- -j6 -l6
[1.496s] Invoking command in '/home/sdc6/f1tenth_ws/build/teleop_tools_msgs': CMAKE_PREFIX_PATH=${CMAKE_PREFIX_PATH}:/home/sdc6/f1tenth_ws/install/f1tenth_stack:/home/sdc6/f1tenth_ws/install/joy_teleop:/home/sdc6/f1tenth_ws/install/mouse_teleop:/home/sdc6/f1tenth_ws/install/kinematic_mpc:/home/sdc6/f1tenth_ws/install/key_teleop:/opt/ros/humble PS1=\[\e]0;\u@\h: \w\a\]${debian_chroot:+($debian_chroot)}\[\033[01;32m\]\u@\h\[\033[00m\]:\[\033[01;34m\]\w\[\033[00m\]\$ /usr/bin/cmake --install /home/sdc6/f1tenth_ws/build/teleop_tools_msgs
[1.556s] -- Install configuration: ""
[1.557s] -- Up-to-date: /home/sdc6/f1tenth_ws/install/teleop_tools_msgs/share/ament_index/resource_index/rosidl_interfaces/teleop_tools_msgs
[1.557s] -- Up-to-date: /home/sdc6/f1tenth_ws/install/teleop_tools_msgs/include/teleop_tools_msgs/teleop_tools_msgs
[1.557s] -- Up-to-date: /home/sdc6/f1tenth_ws/install/teleop_tools_msgs/include/teleop_tools_msgs/teleop_tools_msgs/msg
[1.557s] -- Up-to-date: /home/sdc6/f1tenth_ws/install/teleop_tools_msgs/include/teleop_tools_msgs/teleop_tools_msgs/msg/rosidl_generator_c__visibility_control.h
[1.557s] -- Up-to-date: /home/sdc6/f1tenth_ws/install/teleop_tools_msgs/include/teleop_tools_msgs/teleop_tools_msgs/action
[1.557s] -- Up-to-date: /home/sdc6/f1tenth_ws/install/teleop_tools_msgs/include/teleop_tools_msgs/teleop_tools_msgs/action/detail
[1.558s] -- Up-to-date: /home/sdc6/f1tenth_ws/install/teleop_tools_msgs/include/teleop_tools_msgs/teleop_tools_msgs/action/detail/increment__functions.c
[1.565s] -- Up-to-date: /home/sdc6/f1tenth_ws/install/teleop_tools_msgs/include/teleop_tools_msgs/teleop_tools_msgs/action/detail/increment__functions.h
[1.565s] -- Up-to-date: /home/sdc6/f1tenth_ws/install/teleop_tools_msgs/include/teleop_tools_msgs/teleop_tools_msgs/action/detail/increment__type_support.h
[1.565s] -- Up-to-date: /home/sdc6/f1tenth_ws/install/teleop_tools_msgs/include/teleop_tools_msgs/teleop_tools_msgs/action/detail/increment__struct.h
[1.565s] -- Up-to-date: /home/sdc6/f1tenth_ws/install/teleop_tools_msgs/include/teleop_tools_msgs/teleop_tools_msgs/action/increment.h
[1.565s] -- Up-to-date: /home/sdc6/f1tenth_ws/install/teleop_tools_msgs/share/teleop_tools_msgs/environment/library_path.sh
[1.565s] -- Up-to-date: /home/sdc6/f1tenth_ws/install/teleop_tools_msgs/share/teleop_tools_msgs/environment/library_path.dsv
[1.565s] -- Up-to-date: /home/sdc6/f1tenth_ws/install/teleop_tools_msgs/lib/libteleop_tools_msgs__rosidl_generator_c.so
[1.565s] -- Up-to-date: /home/sdc6/f1tenth_ws/install/teleop_tools_msgs/include/teleop_tools_msgs/teleop_tools_msgs
[1.566s] -- Up-to-date: /home/sdc6/f1tenth_ws/install/teleop_tools_msgs/include/teleop_tools_msgs/teleop_tools_msgs/msg
[1.566s] -- Up-to-date: /home/sdc6/f1tenth_ws/install/teleop_tools_msgs/include/teleop_tools_msgs/teleop_tools_msgs/msg/rosidl_typesupport_fastrtps_c__visibility_control.h
[1.566s] -- Up-to-date: /home/sdc6/f1tenth_ws/install/teleop_tools_msgs/include/teleop_tools_msgs/teleop_tools_msgs/action
[1.566s] -- Up-to-date: /home/sdc6/f1tenth_ws/install/teleop_tools_msgs/include/teleop_tools_msgs/teleop_tools_msgs/action/detail
[1.566s] -- Up-to-date: /home/sdc6/f1tenth_ws/install/teleop_tools_msgs/include/teleop_tools_msgs/teleop_tools_msgs/action/detail/increment__rosidl_typesupport_fastrtps_c.h
[1.566s] -- Up-to-date: /home/sdc6/f1tenth_ws/install/teleop_tools_msgs/lib/libteleop_tools_msgs__rosidl_typesupport_fastrtps_c.so
[1.566s] -- Up-to-date: /home/sdc6/f1tenth_ws/install/teleop_tools_msgs/include/teleop_tools_msgs/teleop_tools_msgs
[1.566s] -- Up-to-date: /home/sdc6/f1tenth_ws/install/teleop_tools_msgs/include/teleop_tools_msgs/teleop_tools_msgs/msg
[1.567s] -- Up-to-date: /home/sdc6/f1tenth_ws/install/teleop_tools_msgs/include/teleop_tools_msgs/teleop_tools_msgs/msg/rosidl_typesupport_introspection_c__visibility_control.h
[1.567s] -- Up-to-date: /home/sdc6/f1tenth_ws/install/teleop_tools_msgs/include/teleop_tools_msgs/teleop_tools_msgs/action
[1.567s] -- Up-to-date: /home/sdc6/f1tenth_ws/install/teleop_tools_msgs/include/teleop_tools_msgs/teleop_tools_msgs/action/detail
[1.567s] -- Up-to-date: /home/sdc6/f1tenth_ws/install/teleop_tools_msgs/include/teleop_tools_msgs/teleop_tools_msgs/action/detail/increment__rosidl_typesupport_introspection_c.h
[1.567s] -- Up-to-date: /home/sdc6/f1tenth_ws/install/teleop_tools_msgs/include/teleop_tools_msgs/teleop_tools_msgs/action/detail/increment__type_support.c
[1.567s] -- Up-to-date: /home/sdc6/f1tenth_ws/install/teleop_tools_msgs/lib/libteleop_tools_msgs__rosidl_typesupport_introspection_c.so
[1.567s] -- Up-to-date: /home/sdc6/f1tenth_ws/install/teleop_tools_msgs/lib/libteleop_tools_msgs__rosidl_typesupport_c.so
[1.567s] -- Up-to-date: /home/sdc6/f1tenth_ws/install/teleop_tools_msgs/include/teleop_tools_msgs/teleop_tools_msgs
[1.567s] -- Up-to-date: /home/sdc6/f1tenth_ws/install/teleop_tools_msgs/include/teleop_tools_msgs/teleop_tools_msgs/msg
[1.568s] -- Up-to-date: /home/sdc6/f1tenth_ws/install/teleop_tools_msgs/include/teleop_tools_msgs/teleop_tools_msgs/msg/rosidl_generator_cpp__visibility_control.hpp
[1.568s] -- Up-to-date: /home/sdc6/f1tenth_ws/install/teleop_tools_msgs/include/teleop_tools_msgs/teleop_tools_msgs/action
[1.568s] -- Up-to-date: /home/sdc6/f1tenth_ws/install/teleop_tools_msgs/include/teleop_tools_msgs/teleop_tools_msgs/action/increment.hpp
[1.568s] -- Up-to-date: /home/sdc6/f1tenth_ws/install/teleop_tools_msgs/include/teleop_tools_msgs/teleop_tools_msgs/action/detail
[1.568s] -- Up-to-date: /home/sdc6/f1tenth_ws/install/teleop_tools_msgs/include/teleop_tools_msgs/teleop_tools_msgs/action/detail/increment__type_support.hpp
[1.568s] -- Up-to-date: /home/sdc6/f1tenth_ws/install/teleop_tools_msgs/include/teleop_tools_msgs/teleop_tools_msgs/action/detail/increment__traits.hpp
[1.568s] -- Up-to-date: /home/sdc6/f1tenth_ws/install/teleop_tools_msgs/include/teleop_tools_msgs/teleop_tools_msgs/action/detail/increment__struct.hpp
[1.568s] -- Up-to-date: /home/sdc6/f1tenth_ws/install/teleop_tools_msgs/include/teleop_tools_msgs/teleop_tools_msgs/action/detail/increment__builder.hpp
[1.568s] -- Up-to-date: /home/sdc6/f1tenth_ws/install/teleop_tools_msgs/include/teleop_tools_msgs/teleop_tools_msgs
[1.568s] -- Up-to-date: /home/sdc6/f1tenth_ws/install/teleop_tools_msgs/include/teleop_tools_msgs/teleop_tools_msgs/msg
[1.569s] -- Up-to-date: /home/sdc6/f1tenth_ws/install/teleop_tools_msgs/include/teleop_tools_msgs/teleop_tools_msgs/msg/rosidl_typesupport_fastrtps_cpp__visibility_control.h
[1.569s] -- Up-to-date: /home/sdc6/f1tenth_ws/install/teleop_tools_msgs/include/teleop_tools_msgs/teleop_tools_msgs/action
[1.569s] -- Up-to-date: /home/sdc6/f1tenth_ws/install/teleop_tools_msgs/include/teleop_tools_msgs/teleop_tools_msgs/action/detail
[1.569s] -- Up-to-date: /home/sdc6/f1tenth_ws/install/teleop_tools_msgs/include/teleop_tools_msgs/teleop_tools_msgs/action/detail/increment__rosidl_typesupport_fastrtps_cpp.hpp
[1.569s] -- Up-to-date: /home/sdc6/f1tenth_ws/install/teleop_tools_msgs/include/teleop_tools_msgs/teleop_tools_msgs/action/detail/dds_fastrtps
[1.582s] -- Up-to-date: /home/sdc6/f1tenth_ws/install/teleop_tools_msgs/lib/libteleop_tools_msgs__rosidl_typesupport_fastrtps_cpp.so
[1.583s] -- Up-to-date: /home/sdc6/f1tenth_ws/install/teleop_tools_msgs/include/teleop_tools_msgs/teleop_tools_msgs
[1.583s] -- Up-to-date: /home/sdc6/f1tenth_ws/install/teleop_tools_msgs/include/teleop_tools_msgs/teleop_tools_msgs/action
[1.583s] -- Up-to-date: /home/sdc6/f1tenth_ws/install/teleop_tools_msgs/include/teleop_tools_msgs/teleop_tools_msgs/action/detail
[1.583s] -- Up-to-date: /home/sdc6/f1tenth_ws/install/teleop_tools_msgs/include/teleop_tools_msgs/teleop_tools_msgs/action/detail/increment__rosidl_typesupport_introspection_cpp.hpp
[1.583s] -- Up-to-date: /home/sdc6/f1tenth_ws/install/teleop_tools_msgs/include/teleop_tools_msgs/teleop_tools_msgs/action/detail/increment__type_support.cpp
[1.583s] -- Up-to-date: /home/sdc6/f1tenth_ws/install/teleop_tools_msgs/lib/libteleop_tools_msgs__rosidl_typesupport_introspection_cpp.so
[1.583s] -- Up-to-date: /home/sdc6/f1tenth_ws/install/teleop_tools_msgs/lib/libteleop_tools_msgs__rosidl_typesupport_cpp.so
[1.584s] -- Up-to-date: /home/sdc6/f1tenth_ws/install/teleop_tools_msgs/share/teleop_tools_msgs/environment/pythonpath.sh
[1.584s] -- Up-to-date: /home/sdc6/f1tenth_ws/install/teleop_tools_msgs/share/teleop_tools_msgs/environment/pythonpath.dsv
[1.584s] -- Up-to-date: /home/sdc6/f1tenth_ws/install/teleop_tools_msgs/local/lib/python3.10/dist-packages/teleop_tools_msgs-1.2.1-py3.10.egg-info
[1.584s] -- Installing: /home/sdc6/f1tenth_ws/install/teleop_tools_msgs/local/lib/python3.10/dist-packages/teleop_tools_msgs-1.2.1-py3.10.egg-info/SOURCES.txt
[1.584s] -- Installing: /home/sdc6/f1tenth_ws/install/teleop_tools_msgs/local/lib/python3.10/dist-packages/teleop_tools_msgs-1.2.1-py3.10.egg-info/dependency_links.txt
[1.584s] -- Installing: /home/sdc6/f1tenth_ws/install/teleop_tools_msgs/local/lib/python3.10/dist-packages/teleop_tools_msgs-1.2.1-py3.10.egg-info/top_level.txt
[1.584s] -- Installing: /home/sdc6/f1tenth_ws/install/teleop_tools_msgs/local/lib/python3.10/dist-packages/teleop_tools_msgs-1.2.1-py3.10.egg-info/PKG-INFO
[1.584s] -- Up-to-date: /home/sdc6/f1tenth_ws/install/teleop_tools_msgs/local/lib/python3.10/dist-packages/teleop_tools_msgs
[1.584s] -- Up-to-date: /home/sdc6/f1tenth_ws/install/teleop_tools_msgs/local/lib/python3.10/dist-packages/teleop_tools_msgs/teleop_tools_msgs_s__rosidl_typesupport_introspection_c.cpython-310-aarch64-linux-gnu.so
[1.585s] -- Up-to-date: /home/sdc6/f1tenth_ws/install/teleop_tools_msgs/local/lib/python3.10/dist-packages/teleop_tools_msgs/_teleop_tools_msgs_s.ep.rosidl_typesupport_c.c
[1.585s] -- Up-to-date: /home/sdc6/f1tenth_ws/install/teleop_tools_msgs/local/lib/python3.10/dist-packages/teleop_tools_msgs/teleop_tools_msgs_s__rosidl_typesupport_fastrtps_c.cpython-310-aarch64-linux-gnu.so
[1.585s] -- Up-to-date: /home/sdc6/f1tenth_ws/install/teleop_tools_msgs/local/lib/python3.10/dist-packages/teleop_tools_msgs/action
[1.585s] -- Up-to-date: /home/sdc6/f1tenth_ws/install/teleop_tools_msgs/local/lib/python3.10/dist-packages/teleop_tools_msgs/action/_increment.py
[1.585s] -- Up-to-date: /home/sdc6/f1tenth_ws/install/teleop_tools_msgs/local/lib/python3.10/dist-packages/teleop_tools_msgs/action/_increment_s.c
[1.585s] -- Up-to-date: /home/sdc6/f1tenth_ws/install/teleop_tools_msgs/local/lib/python3.10/dist-packages/teleop_tools_msgs/action/__init__.py
[1.585s] -- Up-to-date: /home/sdc6/f1tenth_ws/install/teleop_tools_msgs/local/lib/python3.10/dist-packages/teleop_tools_msgs/_teleop_tools_msgs_s.ep.rosidl_typesupport_fastrtps_c.c
[1.585s] -- Up-to-date: /home/sdc6/f1tenth_ws/install/teleop_tools_msgs/local/lib/python3.10/dist-packages/teleop_tools_msgs/_teleop_tools_msgs_s.ep.rosidl_typesupport_introspection_c.c
[1.585s] -- Up-to-date: /home/sdc6/f1tenth_ws/install/teleop_tools_msgs/local/lib/python3.10/dist-packages/teleop_tools_msgs/teleop_tools_msgs_s__rosidl_typesupport_c.cpython-310-aarch64-linux-gnu.so
[1.586s] -- Up-to-date: /home/sdc6/f1tenth_ws/install/teleop_tools_msgs/local/lib/python3.10/dist-packages/teleop_tools_msgs/__init__.py
[1.586s] -- Up-to-date: /home/sdc6/f1tenth_ws/install/teleop_tools_msgs/local/lib/python3.10/dist-packages/teleop_tools_msgs/libteleop_tools_msgs__rosidl_generator_py.so
[1.634s] Listing '/home/sdc6/f1tenth_ws/install/teleop_tools_msgs/local/lib/python3.10/dist-packages/teleop_tools_msgs'...
[1.634s] Listing '/home/sdc6/f1tenth_ws/install/teleop_tools_msgs/local/lib/python3.10/dist-packages/teleop_tools_msgs/action'...
[1.656s] -- Up-to-date: /home/sdc6/f1tenth_ws/install/teleop_tools_msgs/local/lib/python3.10/dist-packages/teleop_tools_msgs/teleop_tools_msgs_s__rosidl_typesupport_fastrtps_c.cpython-310-aarch64-linux-gnu.so
[1.656s] -- Up-to-date: /home/sdc6/f1tenth_ws/install/teleop_tools_msgs/local/lib/python3.10/dist-packages/teleop_tools_msgs/teleop_tools_msgs_s__rosidl_typesupport_introspection_c.cpython-310-aarch64-linux-gnu.so
[1.657s] -- Up-to-date: /home/sdc6/f1tenth_ws/install/teleop_tools_msgs/local/lib/python3.10/dist-packages/teleop_tools_msgs/teleop_tools_msgs_s__rosidl_typesupport_c.cpython-310-aarch64-linux-gnu.so
[1.657s] -- Up-to-date: /home/sdc6/f1tenth_ws/install/teleop_tools_msgs/lib/libteleop_tools_msgs__rosidl_generator_py.so
[1.657s] -- Up-to-date: /home/sdc6/f1tenth_ws/install/teleop_tools_msgs/share/ament_index/resource_index/rust_packages/teleop_tools_msgs
[1.657s] -- Up-to-date: /home/sdc6/f1tenth_ws/install/teleop_tools_msgs/share/teleop_tools_msgs/rust
[1.658s] -- Up-to-date: /home/sdc6/f1tenth_ws/install/teleop_tools_msgs/share/teleop_tools_msgs/rust/build.rs
[1.658s] -- Up-to-date: /home/sdc6/f1tenth_ws/install/teleop_tools_msgs/share/teleop_tools_msgs/rust/src
[1.658s] -- Up-to-date: /home/sdc6/f1tenth_ws/install/teleop_tools_msgs/share/teleop_tools_msgs/rust/src/lib.rs
[1.658s] -- Up-to-date: /home/sdc6/f1tenth_ws/install/teleop_tools_msgs/share/teleop_tools_msgs/rust/src/action
[1.658s] -- Up-to-date: /home/sdc6/f1tenth_ws/install/teleop_tools_msgs/share/teleop_tools_msgs/rust/src/action/rmw.rs
[1.659s] -- Up-to-date: /home/sdc6/f1tenth_ws/install/teleop_tools_msgs/share/teleop_tools_msgs/rust/src/action.rs
[1.659s] -- Up-to-date: /home/sdc6/f1tenth_ws/install/teleop_tools_msgs/share/teleop_tools_msgs/rust/Cargo.toml
[1.659s] -- Up-to-date: /home/sdc6/f1tenth_ws/install/teleop_tools_msgs/share/teleop_tools_msgs/action/Increment.idl
[1.659s] -- Up-to-date: /home/sdc6/f1tenth_ws/install/teleop_tools_msgs/share/teleop_tools_msgs/action/Increment.action
[1.659s] -- Up-to-date: /home/sdc6/f1tenth_ws/install/teleop_tools_msgs/share/ament_index/resource_index/package_run_dependencies/teleop_tools_msgs
[1.668s] -- Up-to-date: /home/sdc6/f1tenth_ws/install/teleop_tools_msgs/share/ament_index/resource_index/parent_prefix_path/teleop_tools_msgs
[1.676s] -- Up-to-date: /home/sdc6/f1tenth_ws/install/teleop_tools_msgs/share/teleop_tools_msgs/environment/ament_prefix_path.sh
[1.676s] -- Up-to-date: /home/sdc6/f1tenth_ws/install/teleop_tools_msgs/share/teleop_tools_msgs/environment/ament_prefix_path.dsv
[1.676s] -- Up-to-date: /home/sdc6/f1tenth_ws/install/teleop_tools_msgs/share/teleop_tools_msgs/environment/path.sh
[1.676s] -- Up-to-date: /home/sdc6/f1tenth_ws/install/teleop_tools_msgs/share/teleop_tools_msgs/environment/path.dsv
[1.676s] -- Up-to-date: /home/sdc6/f1tenth_ws/install/teleop_tools_msgs/share/teleop_tools_msgs/local_setup.bash
[1.676s] -- Up-to-date: /home/sdc6/f1tenth_ws/install/teleop_tools_msgs/share/teleop_tools_msgs/local_setup.sh
[1.676s] -- Up-to-date: /home/sdc6/f1tenth_ws/install/teleop_tools_msgs/share/teleop_tools_msgs/local_setup.zsh
[1.676s] -- Up-to-date: /home/sdc6/f1tenth_ws/install/teleop_tools_msgs/share/teleop_tools_msgs/local_setup.dsv
[1.677s] -- Installing: /home/sdc6/f1tenth_ws/install/teleop_tools_msgs/share/teleop_tools_msgs/package.dsv
[1.677s] -- Up-to-date: /home/sdc6/f1tenth_ws/install/teleop_tools_msgs/share/ament_index/resource_index/packages/teleop_tools_msgs
[1.677s] -- Up-to-date: /home/sdc6/f1tenth_ws/install/teleop_tools_msgs/share/teleop_tools_msgs/cmake/export_teleop_tools_msgs__rosidl_generator_cExport.cmake
[1.677s] -- Up-to-date: /home/sdc6/f1tenth_ws/install/teleop_tools_msgs/share/teleop_tools_msgs/cmake/export_teleop_tools_msgs__rosidl_generator_cExport-noconfig.cmake
[1.677s] -- Up-to-date: /home/sdc6/f1tenth_ws/install/teleop_tools_msgs/share/teleop_tools_msgs/cmake/export_teleop_tools_msgs__rosidl_typesupport_fastrtps_cExport.cmake
[1.678s] -- Up-to-date: /home/sdc6/f1tenth_ws/install/teleop_tools_msgs/share/teleop_tools_msgs/cmake/export_teleop_tools_msgs__rosidl_typesupport_fastrtps_cExport-noconfig.cmake
[1.678s] -- Up-to-date: /home/sdc6/f1tenth_ws/install/teleop_tools_msgs/share/teleop_tools_msgs/cmake/teleop_tools_msgs__rosidl_typesupport_introspection_cExport.cmake
[1.678s] -- Up-to-date: /home/sdc6/f1tenth_ws/install/teleop_tools_msgs/share/teleop_tools_msgs/cmake/teleop_tools_msgs__rosidl_typesupport_introspection_cExport-noconfig.cmake
[1.678s] -- Up-to-date: /home/sdc6/f1tenth_ws/install/teleop_tools_msgs/share/teleop_tools_msgs/cmake/teleop_tools_msgs__rosidl_typesupport_cExport.cmake
[1.678s] -- Up-to-date: /home/sdc6/f1tenth_ws/install/teleop_tools_msgs/share/teleop_tools_msgs/cmake/teleop_tools_msgs__rosidl_typesupport_cExport-noconfig.cmake
[1.678s] -- Up-to-date: /home/sdc6/f1tenth_ws/install/teleop_tools_msgs/share/teleop_tools_msgs/cmake/export_teleop_tools_msgs__rosidl_generator_cppExport.cmake
[1.679s] -- Up-to-date: /home/sdc6/f1tenth_ws/install/teleop_tools_msgs/share/teleop_tools_msgs/cmake/export_teleop_tools_msgs__rosidl_typesupport_fastrtps_cppExport.cmake
[1.679s] -- Up-to-date: /home/sdc6/f1tenth_ws/install/teleop_tools_msgs/share/teleop_tools_msgs/cmake/export_teleop_tools_msgs__rosidl_typesupport_fastrtps_cppExport-noconfig.cmake
[1.679s] -- Up-to-date: /home/sdc6/f1tenth_ws/install/teleop_tools_msgs/share/teleop_tools_msgs/cmake/teleop_tools_msgs__rosidl_typesupport_introspection_cppExport.cmake
[1.679s] -- Up-to-date: /home/sdc6/f1tenth_ws/install/teleop_tools_msgs/share/teleop_tools_msgs/cmake/teleop_tools_msgs__rosidl_typesupport_introspection_cppExport-noconfig.cmake
[1.679s] -- Up-to-date: /home/sdc6/f1tenth_ws/install/teleop_tools_msgs/share/teleop_tools_msgs/cmake/teleop_tools_msgs__rosidl_typesupport_cppExport.cmake
[1.681s] -- Up-to-date: /home/sdc6/f1tenth_ws/install/teleop_tools_msgs/share/teleop_tools_msgs/cmake/teleop_tools_msgs__rosidl_typesupport_cppExport-noconfig.cmake
[1.681s] -- Up-to-date: /home/sdc6/f1tenth_ws/install/teleop_tools_msgs/share/teleop_tools_msgs/cmake/export_teleop_tools_msgs__rosidl_generator_pyExport.cmake
[1.681s] -- Up-to-date: /home/sdc6/f1tenth_ws/install/teleop_tools_msgs/share/teleop_tools_msgs/cmake/export_teleop_tools_msgs__rosidl_generator_pyExport-noconfig.cmake
[1.681s] -- Up-to-date: /home/sdc6/f1tenth_ws/install/teleop_tools_msgs/share/teleop_tools_msgs/cmake/rosidl_cmake-extras.cmake
[1.681s] -- Up-to-date: /home/sdc6/f1tenth_ws/install/teleop_tools_msgs/share/teleop_tools_msgs/cmake/ament_cmake_export_dependencies-extras.cmake
[1.681s] -- Up-to-date: /home/sdc6/f1tenth_ws/install/teleop_tools_msgs/share/teleop_tools_msgs/cmake/ament_cmake_export_include_directories-extras.cmake
[1.700s] -- Up-to-date: /home/sdc6/f1tenth_ws/install/teleop_tools_msgs/share/teleop_tools_msgs/cmake/ament_cmake_export_libraries-extras.cmake
[1.700s] -- Up-to-date: /home/sdc6/f1tenth_ws/install/teleop_tools_msgs/share/teleop_tools_msgs/cmake/ament_cmake_export_targets-extras.cmake
[1.701s] -- Up-to-date: /home/sdc6/f1tenth_ws/install/teleop_tools_msgs/share/teleop_tools_msgs/cmake/rosidl_cmake_export_typesupport_targets-extras.cmake
[1.701s] -- Up-to-date: /home/sdc6/f1tenth_ws/install/teleop_tools_msgs/share/teleop_tools_msgs/cmake/rosidl_cmake_export_typesupport_libraries-extras.cmake
[1.715s] -- Up-to-date: /home/sdc6/f1tenth_ws/install/teleop_tools_msgs/share/teleop_tools_msgs/cmake/teleop_tools_msgsConfig.cmake
[1.716s] -- Up-to-date: /home/sdc6/f1tenth_ws/install/teleop_tools_msgs/share/teleop_tools_msgs/cmake/teleop_tools_msgsConfig-version.cmake
[1.716s] -- Up-to-date: /home/sdc6/f1tenth_ws/install/teleop_tools_msgs/share/teleop_tools_msgs/package.xml
[1.717s] Invoked command in '/home/sdc6/f1tenth_ws/build/teleop_tools_msgs' returned '0': CMAKE_PREFIX_PATH=${CMAKE_PREFIX_PATH}:/home/sdc6/f1tenth_ws/install/f1tenth_stack:/home/sdc6/f1tenth_ws/install/joy_teleop:/home/sdc6/f1tenth_ws/install/mouse_teleop:/home/sdc6/f1tenth_ws/install/kinematic_mpc:/home/sdc6/f1tenth_ws/install/key_teleop:/opt/ros/humble PS1=\[\e]0;\u@\h: \w\a\]${debian_chroot:+($debian_chroot)}\[\033[01;32m\]\u@\h\[\033[00m\]:\[\033[01;34m\]\w\[\033[00m\]\$ /usr/bin/cmake --install /home/sdc6/f1tenth_ws/build/teleop_tools_msgs
