[2.728s] Invoking command in '/home/sdc6/f1tenth_ws/src/f1tenth_system/teleop_tools/key_teleop': PYTHONPATH=/home/sdc6/f1tenth_ws/build/key_teleop/prefix_override:/usr/lib/python3/dist-packages/colcon_core/task/python/colcon_distutils_commands:/home/sdc6/f1tenth_ws/install/key_teleop/lib/python3.10/site-packages:${PYTHONPATH} /usr/bin/python3 -W ignore:setup.py install is deprecated -W ignore:easy_install command is deprecated setup.py egg_info --egg-base ../../../../build/key_teleop build --build-base /home/sdc6/f1tenth_ws/build/key_teleop/build install --record /home/sdc6/f1tenth_ws/build/key_teleop/install.log --single-version-externally-managed install_data
[3.286s] running egg_info
[3.288s] writing ../../../../build/key_teleop/key_teleop.egg-info/PKG-INFO
[3.288s] writing dependency_links to ../../../../build/key_teleop/key_teleop.egg-info/dependency_links.txt
[3.288s] writing entry points to ../../../../build/key_teleop/key_teleop.egg-info/entry_points.txt
[3.289s] writing requirements to ../../../../build/key_teleop/key_teleop.egg-info/requires.txt
[3.289s] writing top-level names to ../../../../build/key_teleop/key_teleop.egg-info/top_level.txt
[3.297s] reading manifest file '../../../../build/key_teleop/key_teleop.egg-info/SOURCES.txt'
[3.298s] adding license file 'LICENSE'
[3.300s] writing manifest file '../../../../build/key_teleop/key_teleop.egg-info/SOURCES.txt'
[3.300s] running build
[3.301s] running build_py
[3.302s] running install
[3.303s] running install_lib
[3.306s] running install_data
[3.307s] running install_egg_info
[3.312s] removing '/home/sdc6/f1tenth_ws/install/key_teleop/lib/python3.10/site-packages/key_teleop-0.3.0-py3.10.egg-info' (and everything under it)
[3.314s] Copying ../../../../build/key_teleop/key_teleop.egg-info to /home/sdc6/f1tenth_ws/install/key_teleop/lib/python3.10/site-packages/key_teleop-0.3.0-py3.10.egg-info
[3.316s] running install_scripts
[3.376s] Installing key_teleop script to /home/sdc6/f1tenth_ws/install/key_teleop/lib/key_teleop
[3.378s] writing list of installed files to '/home/sdc6/f1tenth_ws/build/key_teleop/install.log'
