[0.652s] Invoking command in '/home/sdc6/f1tenth_ws/build/vesc_driver': CMAKE_PREFIX_PATH=/home/sdc6/f1tenth_ws/install/vesc_msgs:/home/sdc6/f1tenth_ws/install/vesc:/home/sdc6/f1tenth_ws/install/vesc_driver:/home/sdc6/f1tenth_ws/install/vesc_ackermann:/home/sdc6/f1tenth_ws/install/teleop_tools:/home/sdc6/f1tenth_ws/install/teleop_tools_msgs:/home/sdc6/f1tenth_ws/install/ackermann_mux:/home/sdc6/f1tenth_ws/install/f1tenth_stack:/home/sdc6/f1tenth_ws/install/joy_teleop:/home/sdc6/f1tenth_ws/install/mouse_teleop:/home/sdc6/f1tenth_ws/install/kinematic_mpc:/home/sdc6/f1tenth_ws/install/key_teleop:/opt/ros/humble LD_LIBRARY_PATH=/home/sdc6/f1tenth_ws/install/vesc_msgs/lib:/home/sdc6/f1tenth_ws/install/vesc_driver/lib:/home/sdc6/f1tenth_ws/install/vesc_ackermann/lib:/home/sdc6/f1tenth_ws/install/teleop_tools_msgs/lib:/usr/local/cuda/lib64:/opt/ros/humble/opt/rviz_ogre_vendor/lib:/opt/ros/humble/lib/aarch64-linux-gnu:/opt/ros/humble/lib:/usr/local/cuda-12.6/lib64 PS1=\[\e]0;\u@\h: \w\a\]${debian_chroot:+($debian_chroot)}\[\033[01;32m\]\u@\h\[\033[00m\]:\[\033[01;34m\]\w\[\033[00m\]\$ /usr/bin/cmake --build /home/sdc6/f1tenth_ws/build/vesc_driver -- -j6 -l6
[0.881s] [35m[1mConsolidate compiler generated dependencies of target vesc_driver[0m
[0.960s] [ 20%] Built target vesc_driver_node
[0.995s] [ 30%] [32mBuilding CXX object CMakeFiles/vesc_driver.dir/src/vesc_driver.cpp.o[0m
[21.303s] [ 40%] [32m[1mLinking CXX shared library libvesc_driver.so[0m
[22.706s] [ 70%] Built target vesc_driver
[22.755s] [ 80%] [32m[1mLinking CXX executable vesc_device_namer[0m
[23.465s] [100%] Built target vesc_device_namer
[23.491s] Invoked command in '/home/sdc6/f1tenth_ws/build/vesc_driver' returned '0': CMAKE_PREFIX_PATH=/home/sdc6/f1tenth_ws/install/vesc_msgs:/home/sdc6/f1tenth_ws/install/vesc:/home/sdc6/f1tenth_ws/install/vesc_driver:/home/sdc6/f1tenth_ws/install/vesc_ackermann:/home/sdc6/f1tenth_ws/install/teleop_tools:/home/sdc6/f1tenth_ws/install/teleop_tools_msgs:/home/sdc6/f1tenth_ws/install/ackermann_mux:/home/sdc6/f1tenth_ws/install/f1tenth_stack:/home/sdc6/f1tenth_ws/install/joy_teleop:/home/sdc6/f1tenth_ws/install/mouse_teleop:/home/sdc6/f1tenth_ws/install/kinematic_mpc:/home/sdc6/f1tenth_ws/install/key_teleop:/opt/ros/humble LD_LIBRARY_PATH=/home/sdc6/f1tenth_ws/install/vesc_msgs/lib:/home/sdc6/f1tenth_ws/install/vesc_driver/lib:/home/sdc6/f1tenth_ws/install/vesc_ackermann/lib:/home/sdc6/f1tenth_ws/install/teleop_tools_msgs/lib:/usr/local/cuda/lib64:/opt/ros/humble/opt/rviz_ogre_vendor/lib:/opt/ros/humble/lib/aarch64-linux-gnu:/opt/ros/humble/lib:/usr/local/cuda-12.6/lib64 PS1=\[\e]0;\u@\h: \w\a\]${debian_chroot:+($debian_chroot)}\[\033[01;32m\]\u@\h\[\033[00m\]:\[\033[01;34m\]\w\[\033[00m\]\$ /usr/bin/cmake --build /home/sdc6/f1tenth_ws/build/vesc_driver -- -j6 -l6
[23.493s] Invoking command in '/home/sdc6/f1tenth_ws/build/vesc_driver': CMAKE_PREFIX_PATH=/home/sdc6/f1tenth_ws/install/vesc_msgs:/home/sdc6/f1tenth_ws/install/vesc:/home/sdc6/f1tenth_ws/install/vesc_driver:/home/sdc6/f1tenth_ws/install/vesc_ackermann:/home/sdc6/f1tenth_ws/install/teleop_tools:/home/sdc6/f1tenth_ws/install/teleop_tools_msgs:/home/sdc6/f1tenth_ws/install/ackermann_mux:/home/sdc6/f1tenth_ws/install/f1tenth_stack:/home/sdc6/f1tenth_ws/install/joy_teleop:/home/sdc6/f1tenth_ws/install/mouse_teleop:/home/sdc6/f1tenth_ws/install/kinematic_mpc:/home/sdc6/f1tenth_ws/install/key_teleop:/opt/ros/humble LD_LIBRARY_PATH=/home/sdc6/f1tenth_ws/install/vesc_msgs/lib:/home/sdc6/f1tenth_ws/install/vesc_driver/lib:/home/sdc6/f1tenth_ws/install/vesc_ackermann/lib:/home/sdc6/f1tenth_ws/install/teleop_tools_msgs/lib:/usr/local/cuda/lib64:/opt/ros/humble/opt/rviz_ogre_vendor/lib:/opt/ros/humble/lib/aarch64-linux-gnu:/opt/ros/humble/lib:/usr/local/cuda-12.6/lib64 PS1=\[\e]0;\u@\h: \w\a\]${debian_chroot:+($debian_chroot)}\[\033[01;32m\]\u@\h\[\033[00m\]:\[\033[01;34m\]\w\[\033[00m\]\$ /usr/bin/cmake --install /home/sdc6/f1tenth_ws/build/vesc_driver
[23.510s] -- Install configuration: ""
[23.510s] -- Up-to-date: /home/sdc6/f1tenth_ws/install/vesc_driver/lib/vesc_driver/vesc_driver_node
[23.510s] -- Up-to-date: /home/sdc6/f1tenth_ws/install/vesc_driver/include
[23.511s] -- Up-to-date: /home/sdc6/f1tenth_ws/install/vesc_driver/include/vesc_driver
[23.511s] -- Up-to-date: /home/sdc6/f1tenth_ws/install/vesc_driver/include/vesc_driver/crc.hpp
[23.511s] -- Up-to-date: /home/sdc6/f1tenth_ws/install/vesc_driver/include/vesc_driver/datatypes.hpp
[23.512s] -- Up-to-date: /home/sdc6/f1tenth_ws/install/vesc_driver/include/vesc_driver/vesc_packet.hpp
[23.512s] -- Up-to-date: /home/sdc6/f1tenth_ws/install/vesc_driver/include/vesc_driver/vesc_packet_factory.hpp
[23.512s] -- Up-to-date: /home/sdc6/f1tenth_ws/install/vesc_driver/include/vesc_driver/vesc_device_uuid_lookup.hpp
[23.512s] -- Up-to-date: /home/sdc6/f1tenth_ws/install/vesc_driver/include/vesc_driver/vesc_driver.hpp
[23.512s] -- Up-to-date: /home/sdc6/f1tenth_ws/install/vesc_driver/include/vesc_driver/vesc_interface.hpp
[23.513s] -- Up-to-date: /home/sdc6/f1tenth_ws/install/vesc_driver/share/vesc_driver/environment/library_path.sh
[23.513s] -- Up-to-date: /home/sdc6/f1tenth_ws/install/vesc_driver/share/vesc_driver/environment/library_path.dsv
[23.513s] -- Installing: /home/sdc6/f1tenth_ws/install/vesc_driver/lib/libvesc_driver.so
[23.528s] -- Set runtime path of "/home/sdc6/f1tenth_ws/install/vesc_driver/lib/libvesc_driver.so" to ""
[23.529s] -- Installing: /home/sdc6/f1tenth_ws/install/vesc_driver/lib/vesc_driver/vesc_device_namer
[23.530s] -- Set runtime path of "/home/sdc6/f1tenth_ws/install/vesc_driver/lib/vesc_driver/vesc_device_namer" to ""
[23.530s] -- Up-to-date: /home/sdc6/f1tenth_ws/install/vesc_driver/share/vesc_driver/launch
[23.530s] -- Up-to-date: /home/sdc6/f1tenth_ws/install/vesc_driver/share/vesc_driver/launch/vesc_driver_node.launch.py
[23.531s] -- Up-to-date: /home/sdc6/f1tenth_ws/install/vesc_driver/share/vesc_driver/params
[23.531s] -- Up-to-date: /home/sdc6/f1tenth_ws/install/vesc_driver/share/vesc_driver/params/vesc_config.yaml
[23.531s] -- Up-to-date: /home/sdc6/f1tenth_ws/install/vesc_driver/share/ament_index/resource_index/package_run_dependencies/vesc_driver
[23.531s] -- Up-to-date: /home/sdc6/f1tenth_ws/install/vesc_driver/share/ament_index/resource_index/parent_prefix_path/vesc_driver
[23.531s] -- Up-to-date: /home/sdc6/f1tenth_ws/install/vesc_driver/share/vesc_driver/environment/ament_prefix_path.sh
[23.531s] -- Up-to-date: /home/sdc6/f1tenth_ws/install/vesc_driver/share/vesc_driver/environment/ament_prefix_path.dsv
[23.532s] -- Up-to-date: /home/sdc6/f1tenth_ws/install/vesc_driver/share/vesc_driver/environment/path.sh
[23.532s] -- Up-to-date: /home/sdc6/f1tenth_ws/install/vesc_driver/share/vesc_driver/environment/path.dsv
[23.532s] -- Up-to-date: /home/sdc6/f1tenth_ws/install/vesc_driver/share/vesc_driver/local_setup.bash
[23.532s] -- Up-to-date: /home/sdc6/f1tenth_ws/install/vesc_driver/share/vesc_driver/local_setup.sh
[23.532s] -- Up-to-date: /home/sdc6/f1tenth_ws/install/vesc_driver/share/vesc_driver/local_setup.zsh
[23.532s] -- Up-to-date: /home/sdc6/f1tenth_ws/install/vesc_driver/share/vesc_driver/local_setup.dsv
[23.532s] -- Installing: /home/sdc6/f1tenth_ws/install/vesc_driver/share/vesc_driver/package.dsv
[23.533s] -- Up-to-date: /home/sdc6/f1tenth_ws/install/vesc_driver/share/ament_index/resource_index/packages/vesc_driver
[23.533s] -- Up-to-date: /home/sdc6/f1tenth_ws/install/vesc_driver/share/ament_index/resource_index/rclcpp_components/vesc_driver
[23.533s] -- Up-to-date: /home/sdc6/f1tenth_ws/install/vesc_driver/share/vesc_driver/cmake/ament_cmake_export_dependencies-extras.cmake
[23.533s] -- Up-to-date: /home/sdc6/f1tenth_ws/install/vesc_driver/share/vesc_driver/cmake/ament_cmake_export_include_directories-extras.cmake
[23.533s] -- Up-to-date: /home/sdc6/f1tenth_ws/install/vesc_driver/share/vesc_driver/cmake/ament_cmake_export_libraries-extras.cmake
[23.533s] -- Up-to-date: /home/sdc6/f1tenth_ws/install/vesc_driver/share/vesc_driver/cmake/vesc_driverConfig.cmake
[23.533s] -- Up-to-date: /home/sdc6/f1tenth_ws/install/vesc_driver/share/vesc_driver/cmake/vesc_driverConfig-version.cmake
[23.534s] -- Up-to-date: /home/sdc6/f1tenth_ws/install/vesc_driver/share/vesc_driver/package.xml
[23.540s] Invoked command in '/home/sdc6/f1tenth_ws/build/vesc_driver' returned '0': CMAKE_PREFIX_PATH=/home/sdc6/f1tenth_ws/install/vesc_msgs:/home/sdc6/f1tenth_ws/install/vesc:/home/sdc6/f1tenth_ws/install/vesc_driver:/home/sdc6/f1tenth_ws/install/vesc_ackermann:/home/sdc6/f1tenth_ws/install/teleop_tools:/home/sdc6/f1tenth_ws/install/teleop_tools_msgs:/home/sdc6/f1tenth_ws/install/ackermann_mux:/home/sdc6/f1tenth_ws/install/f1tenth_stack:/home/sdc6/f1tenth_ws/install/joy_teleop:/home/sdc6/f1tenth_ws/install/mouse_teleop:/home/sdc6/f1tenth_ws/install/kinematic_mpc:/home/sdc6/f1tenth_ws/install/key_teleop:/opt/ros/humble LD_LIBRARY_PATH=/home/sdc6/f1tenth_ws/install/vesc_msgs/lib:/home/sdc6/f1tenth_ws/install/vesc_driver/lib:/home/sdc6/f1tenth_ws/install/vesc_ackermann/lib:/home/sdc6/f1tenth_ws/install/teleop_tools_msgs/lib:/usr/local/cuda/lib64:/opt/ros/humble/opt/rviz_ogre_vendor/lib:/opt/ros/humble/lib/aarch64-linux-gnu:/opt/ros/humble/lib:/usr/local/cuda-12.6/lib64 PS1=\[\e]0;\u@\h: \w\a\]${debian_chroot:+($debian_chroot)}\[\033[01;32m\]\u@\h\[\033[00m\]:\[\033[01;34m\]\w\[\033[00m\]\$ /usr/bin/cmake --install /home/sdc6/f1tenth_ws/build/vesc_driver
