[1.250s] Invoking command in '/home/sdc6/f1tenth_ws/src/f1tenth_system/teleop_tools/joy_teleop': AMENT_PREFIX_PATH=/home/sdc6/f1tenth_ws/install/teleop_tools_msgs:${AMENT_PREFIX_PATH} CMAKE_PREFIX_PATH=/home/sdc6/f1tenth_ws/install/teleop_tools_msgs LD_LIBRARY_PATH=/home/sdc6/f1tenth_ws/install/teleop_tools_msgs/lib:/opt/ros/humble/opt/rviz_ogre_vendor/lib:/opt/ros/humble/lib/aarch64-linux-gnu:/opt/ros/humble/lib:/usr/local/cuda-12.6/lib64 PYTHONPATH=/home/sdc6/f1tenth_ws/build/joy_teleop/prefix_override:/usr/lib/python3/dist-packages/colcon_core/task/python/colcon_distutils_commands:/home/sdc6/f1tenth_ws/install/joy_teleop/lib/python3.10/site-packages:/home/sdc6/f1tenth_ws/install/teleop_tools_msgs/local/lib/python3.10/dist-packages:${PYTHONPATH} /usr/bin/python3 -W ignore:setup.py install is deprecated -W ignore:easy_install command is deprecated setup.py egg_info --egg-base ../../../../build/joy_teleop build --build-base /home/sdc6/f1tenth_ws/build/joy_teleop/build install --record /home/sdc6/f1tenth_ws/build/joy_teleop/install.log --single-version-externally-managed install_data
[1.792s] running egg_info
[1.793s] creating ../../../../build/joy_teleop/joy_teleop.egg-info
[1.793s] writing ../../../../build/joy_teleop/joy_teleop.egg-info/PKG-INFO
[1.794s] writing dependency_links to ../../../../build/joy_teleop/joy_teleop.egg-info/dependency_links.txt
[1.794s] writing entry points to ../../../../build/joy_teleop/joy_teleop.egg-info/entry_points.txt
[1.794s] writing requirements to ../../../../build/joy_teleop/joy_teleop.egg-info/requires.txt
[1.794s] writing top-level names to ../../../../build/joy_teleop/joy_teleop.egg-info/top_level.txt
[1.795s] writing manifest file '../../../../build/joy_teleop/joy_teleop.egg-info/SOURCES.txt'
[1.799s] reading manifest file '../../../../build/joy_teleop/joy_teleop.egg-info/SOURCES.txt'
[1.800s] writing manifest file '../../../../build/joy_teleop/joy_teleop.egg-info/SOURCES.txt'
[1.800s] running build
[1.801s] running build_py
[1.801s] creating /home/sdc6/f1tenth_ws/build/joy_teleop/build
[1.801s] creating /home/sdc6/f1tenth_ws/build/joy_teleop/build/lib
[1.801s] creating /home/sdc6/f1tenth_ws/build/joy_teleop/build/lib/joy_teleop
[1.801s] copying joy_teleop/incrementer_server.py -> /home/sdc6/f1tenth_ws/build/joy_teleop/build/lib/joy_teleop
[1.801s] copying joy_teleop/joy_teleop.py -> /home/sdc6/f1tenth_ws/build/joy_teleop/build/lib/joy_teleop
[1.802s] copying joy_teleop/__init__.py -> /home/sdc6/f1tenth_ws/build/joy_teleop/build/lib/joy_teleop
[1.802s] running install
[1.802s] running install_lib
[1.807s] creating /home/sdc6/f1tenth_ws/install/joy_teleop/lib/python3.10/site-packages/joy_teleop
[1.808s] copying /home/sdc6/f1tenth_ws/build/joy_teleop/build/lib/joy_teleop/incrementer_server.py -> /home/sdc6/f1tenth_ws/install/joy_teleop/lib/python3.10/site-packages/joy_teleop
[1.808s] copying /home/sdc6/f1tenth_ws/build/joy_teleop/build/lib/joy_teleop/joy_teleop.py -> /home/sdc6/f1tenth_ws/install/joy_teleop/lib/python3.10/site-packages/joy_teleop
[1.808s] copying /home/sdc6/f1tenth_ws/build/joy_teleop/build/lib/joy_teleop/__init__.py -> /home/sdc6/f1tenth_ws/install/joy_teleop/lib/python3.10/site-packages/joy_teleop
[1.809s] byte-compiling /home/sdc6/f1tenth_ws/install/joy_teleop/lib/python3.10/site-packages/joy_teleop/incrementer_server.py to incrementer_server.cpython-310.pyc
[1.811s] byte-compiling /home/sdc6/f1tenth_ws/install/joy_teleop/lib/python3.10/site-packages/joy_teleop/joy_teleop.py to joy_teleop.cpython-310.pyc
[1.815s] byte-compiling /home/sdc6/f1tenth_ws/install/joy_teleop/lib/python3.10/site-packages/joy_teleop/__init__.py to __init__.cpython-310.pyc
[1.815s] running install_data
[1.816s] copying package.xml -> /home/sdc6/f1tenth_ws/install/joy_teleop/share/joy_teleop
[1.816s] creating /home/sdc6/f1tenth_ws/install/joy_teleop/share/joy_teleop/config
[1.816s] copying config/joy_teleop_example.yaml -> /home/sdc6/f1tenth_ws/install/joy_teleop/share/joy_teleop/config
[1.816s] creating /home/sdc6/f1tenth_ws/install/joy_teleop/share/joy_teleop/launch
[1.816s] copying launch/example.launch.py -> /home/sdc6/f1tenth_ws/install/joy_teleop/share/joy_teleop/launch
[1.817s] creating /home/sdc6/f1tenth_ws/install/joy_teleop/share/ament_index
[1.817s] creating /home/sdc6/f1tenth_ws/install/joy_teleop/share/ament_index/resource_index
[1.817s] creating /home/sdc6/f1tenth_ws/install/joy_teleop/share/ament_index/resource_index/packages
[1.817s] copying resource/joy_teleop -> /home/sdc6/f1tenth_ws/install/joy_teleop/share/ament_index/resource_index/packages
[1.817s] running install_egg_info
[1.821s] Copying ../../../../build/joy_teleop/joy_teleop.egg-info to /home/sdc6/f1tenth_ws/install/joy_teleop/lib/python3.10/site-packages/joy_teleop-0.3.0-py3.10.egg-info
[1.823s] running install_scripts
[1.863s] Installing incrementer_server script to /home/sdc6/f1tenth_ws/install/joy_teleop/lib/joy_teleop
[1.863s] Installing joy_teleop script to /home/sdc6/f1tenth_ws/install/joy_teleop/lib/joy_teleop
[1.864s] writing list of installed files to '/home/sdc6/f1tenth_ws/build/joy_teleop/install.log'
[1.942s] Invoked command in '/home/sdc6/f1tenth_ws/src/f1tenth_system/teleop_tools/joy_teleop' returned '0': AMENT_PREFIX_PATH=/home/sdc6/f1tenth_ws/install/teleop_tools_msgs:${AMENT_PREFIX_PATH} CMAKE_PREFIX_PATH=/home/sdc6/f1tenth_ws/install/teleop_tools_msgs LD_LIBRARY_PATH=/home/sdc6/f1tenth_ws/install/teleop_tools_msgs/lib:/opt/ros/humble/opt/rviz_ogre_vendor/lib:/opt/ros/humble/lib/aarch64-linux-gnu:/opt/ros/humble/lib:/usr/local/cuda-12.6/lib64 PYTHONPATH=/home/sdc6/f1tenth_ws/build/joy_teleop/prefix_override:/usr/lib/python3/dist-packages/colcon_core/task/python/colcon_distutils_commands:/home/sdc6/f1tenth_ws/install/joy_teleop/lib/python3.10/site-packages:/home/sdc6/f1tenth_ws/install/teleop_tools_msgs/local/lib/python3.10/dist-packages:${PYTHONPATH} /usr/bin/python3 -W ignore:setup.py install is deprecated -W ignore:easy_install command is deprecated setup.py egg_info --egg-base ../../../../build/joy_teleop build --build-base /home/sdc6/f1tenth_ws/build/joy_teleop/build install --record /home/sdc6/f1tenth_ws/build/joy_teleop/install.log --single-version-externally-managed install_data
