[0.543s] Invoking command in '/home/sdc6/f1tenth_ws/build/vesc_ackermann': CMAKE_PREFIX_PATH=/home/sdc6/f1tenth_ws/install/vesc_msgs:/home/sdc6/f1tenth_ws/install/vesc:/home/sdc6/f1tenth_ws/install/vesc_driver:/home/sdc6/f1tenth_ws/install/vesc_ackermann:/home/sdc6/f1tenth_ws/install/teleop_tools:/home/sdc6/f1tenth_ws/install/teleop_tools_msgs:/home/sdc6/f1tenth_ws/install/ackermann_mux:/home/sdc6/f1tenth_ws/install/f1tenth_stack:/home/sdc6/f1tenth_ws/install/joy_teleop:/home/sdc6/f1tenth_ws/install/mouse_teleop:/home/sdc6/f1tenth_ws/install/key_teleop:/opt/ros/humble LD_LIBRARY_PATH=/home/sdc6/f1tenth_ws/install/vesc_msgs/lib:/home/sdc6/f1tenth_ws/install/vesc_driver/lib:/home/sdc6/f1tenth_ws/install/vesc_ackermann/lib:/home/sdc6/f1tenth_ws/install/teleop_tools_msgs/lib:/opt/ros/humble/opt/rviz_ogre_vendor/lib:/opt/ros/humble/lib/aarch64-linux-gnu:/opt/ros/humble/lib:/usr/local/cuda-12.6/lib64 /usr/bin/cmake --build /home/sdc6/f1tenth_ws/build/vesc_ackermann -- -j6 -l6
[0.681s] [ 28%] Built target vesc_to_odom_node
[0.686s] [ 42%] [32mBuilding CXX object CMakeFiles/vesc_ackermann.dir/src/vesc_to_odom.cpp.o[0m
[0.702s] [ 71%] Built target ackermann_to_vesc_node
[24.157s] [ 85%] [32m[1mLinking CXX shared library libvesc_ackermann.so[0m
[26.206s] [100%] Built target vesc_ackermann
[26.230s] Invoked command in '/home/sdc6/f1tenth_ws/build/vesc_ackermann' returned '0': CMAKE_PREFIX_PATH=/home/sdc6/f1tenth_ws/install/vesc_msgs:/home/sdc6/f1tenth_ws/install/vesc:/home/sdc6/f1tenth_ws/install/vesc_driver:/home/sdc6/f1tenth_ws/install/vesc_ackermann:/home/sdc6/f1tenth_ws/install/teleop_tools:/home/sdc6/f1tenth_ws/install/teleop_tools_msgs:/home/sdc6/f1tenth_ws/install/ackermann_mux:/home/sdc6/f1tenth_ws/install/f1tenth_stack:/home/sdc6/f1tenth_ws/install/joy_teleop:/home/sdc6/f1tenth_ws/install/mouse_teleop:/home/sdc6/f1tenth_ws/install/key_teleop:/opt/ros/humble LD_LIBRARY_PATH=/home/sdc6/f1tenth_ws/install/vesc_msgs/lib:/home/sdc6/f1tenth_ws/install/vesc_driver/lib:/home/sdc6/f1tenth_ws/install/vesc_ackermann/lib:/home/sdc6/f1tenth_ws/install/teleop_tools_msgs/lib:/opt/ros/humble/opt/rviz_ogre_vendor/lib:/opt/ros/humble/lib/aarch64-linux-gnu:/opt/ros/humble/lib:/usr/local/cuda-12.6/lib64 /usr/bin/cmake --build /home/sdc6/f1tenth_ws/build/vesc_ackermann -- -j6 -l6
[26.234s] Invoking command in '/home/sdc6/f1tenth_ws/build/vesc_ackermann': CMAKE_PREFIX_PATH=/home/sdc6/f1tenth_ws/install/vesc_msgs:/home/sdc6/f1tenth_ws/install/vesc:/home/sdc6/f1tenth_ws/install/vesc_driver:/home/sdc6/f1tenth_ws/install/vesc_ackermann:/home/sdc6/f1tenth_ws/install/teleop_tools:/home/sdc6/f1tenth_ws/install/teleop_tools_msgs:/home/sdc6/f1tenth_ws/install/ackermann_mux:/home/sdc6/f1tenth_ws/install/f1tenth_stack:/home/sdc6/f1tenth_ws/install/joy_teleop:/home/sdc6/f1tenth_ws/install/mouse_teleop:/home/sdc6/f1tenth_ws/install/key_teleop:/opt/ros/humble LD_LIBRARY_PATH=/home/sdc6/f1tenth_ws/install/vesc_msgs/lib:/home/sdc6/f1tenth_ws/install/vesc_driver/lib:/home/sdc6/f1tenth_ws/install/vesc_ackermann/lib:/home/sdc6/f1tenth_ws/install/teleop_tools_msgs/lib:/opt/ros/humble/opt/rviz_ogre_vendor/lib:/opt/ros/humble/lib/aarch64-linux-gnu:/opt/ros/humble/lib:/usr/local/cuda-12.6/lib64 /usr/bin/cmake --install /home/sdc6/f1tenth_ws/build/vesc_ackermann
[26.251s] -- Install configuration: ""
[26.251s] -- Up-to-date: /home/sdc6/f1tenth_ws/install/vesc_ackermann/lib/vesc_ackermann/ackermann_to_vesc_node
[26.251s] -- Up-to-date: /home/sdc6/f1tenth_ws/install/vesc_ackermann/lib/vesc_ackermann/vesc_to_odom_node
[26.252s] -- Up-to-date: /home/sdc6/f1tenth_ws/install/vesc_ackermann/include
[26.252s] -- Up-to-date: /home/sdc6/f1tenth_ws/install/vesc_ackermann/include/vesc_ackermann
[26.252s] -- Up-to-date: /home/sdc6/f1tenth_ws/install/vesc_ackermann/include/vesc_ackermann/vesc_to_odom.hpp
[26.252s] -- Up-to-date: /home/sdc6/f1tenth_ws/install/vesc_ackermann/include/vesc_ackermann/ackermann_to_vesc.hpp
[26.253s] -- Up-to-date: /home/sdc6/f1tenth_ws/install/vesc_ackermann/share/vesc_ackermann/environment/library_path.sh
[26.253s] -- Up-to-date: /home/sdc6/f1tenth_ws/install/vesc_ackermann/share/vesc_ackermann/environment/library_path.dsv
[26.253s] -- Installing: /home/sdc6/f1tenth_ws/install/vesc_ackermann/lib/libvesc_ackermann.so
[26.279s] -- Set runtime path of "/home/sdc6/f1tenth_ws/install/vesc_ackermann/lib/libvesc_ackermann.so" to ""
[26.279s] -- Up-to-date: /home/sdc6/f1tenth_ws/install/vesc_ackermann/share/vesc_ackermann/launch
[26.279s] -- Up-to-date: /home/sdc6/f1tenth_ws/install/vesc_ackermann/share/vesc_ackermann/launch/ackermann_to_vesc_node.launch.xml
[26.279s] -- Up-to-date: /home/sdc6/f1tenth_ws/install/vesc_ackermann/share/vesc_ackermann/launch/vesc_to_odom_node.launch.xml
[26.279s] -- Up-to-date: /home/sdc6/f1tenth_ws/install/vesc_ackermann/share/ament_index/resource_index/package_run_dependencies/vesc_ackermann
[26.280s] -- Up-to-date: /home/sdc6/f1tenth_ws/install/vesc_ackermann/share/ament_index/resource_index/parent_prefix_path/vesc_ackermann
[26.280s] -- Up-to-date: /home/sdc6/f1tenth_ws/install/vesc_ackermann/share/vesc_ackermann/environment/ament_prefix_path.sh
[26.280s] -- Up-to-date: /home/sdc6/f1tenth_ws/install/vesc_ackermann/share/vesc_ackermann/environment/ament_prefix_path.dsv
[26.280s] -- Up-to-date: /home/sdc6/f1tenth_ws/install/vesc_ackermann/share/vesc_ackermann/environment/path.sh
[26.280s] -- Up-to-date: /home/sdc6/f1tenth_ws/install/vesc_ackermann/share/vesc_ackermann/environment/path.dsv
[26.280s] -- Up-to-date: /home/sdc6/f1tenth_ws/install/vesc_ackermann/share/vesc_ackermann/local_setup.bash
[26.281s] -- Up-to-date: /home/sdc6/f1tenth_ws/install/vesc_ackermann/share/vesc_ackermann/local_setup.sh
[26.281s] -- Up-to-date: /home/sdc6/f1tenth_ws/install/vesc_ackermann/share/vesc_ackermann/local_setup.zsh
[26.281s] -- Up-to-date: /home/sdc6/f1tenth_ws/install/vesc_ackermann/share/vesc_ackermann/local_setup.dsv
[26.281s] -- Installing: /home/sdc6/f1tenth_ws/install/vesc_ackermann/share/vesc_ackermann/package.dsv
[26.281s] -- Up-to-date: /home/sdc6/f1tenth_ws/install/vesc_ackermann/share/ament_index/resource_index/packages/vesc_ackermann
[26.281s] -- Up-to-date: /home/sdc6/f1tenth_ws/install/vesc_ackermann/share/ament_index/resource_index/rclcpp_components/vesc_ackermann
[26.281s] -- Up-to-date: /home/sdc6/f1tenth_ws/install/vesc_ackermann/share/vesc_ackermann/cmake/ament_cmake_export_dependencies-extras.cmake
[26.281s] -- Up-to-date: /home/sdc6/f1tenth_ws/install/vesc_ackermann/share/vesc_ackermann/cmake/ament_cmake_export_include_directories-extras.cmake
[26.281s] -- Up-to-date: /home/sdc6/f1tenth_ws/install/vesc_ackermann/share/vesc_ackermann/cmake/ament_cmake_export_libraries-extras.cmake
[26.281s] -- Up-to-date: /home/sdc6/f1tenth_ws/install/vesc_ackermann/share/vesc_ackermann/cmake/vesc_ackermannConfig.cmake
[26.282s] -- Up-to-date: /home/sdc6/f1tenth_ws/install/vesc_ackermann/share/vesc_ackermann/cmake/vesc_ackermannConfig-version.cmake
[26.282s] -- Up-to-date: /home/sdc6/f1tenth_ws/install/vesc_ackermann/share/vesc_ackermann/package.xml
[26.286s] Invoked command in '/home/sdc6/f1tenth_ws/build/vesc_ackermann' returned '0': CMAKE_PREFIX_PATH=/home/sdc6/f1tenth_ws/install/vesc_msgs:/home/sdc6/f1tenth_ws/install/vesc:/home/sdc6/f1tenth_ws/install/vesc_driver:/home/sdc6/f1tenth_ws/install/vesc_ackermann:/home/sdc6/f1tenth_ws/install/teleop_tools:/home/sdc6/f1tenth_ws/install/teleop_tools_msgs:/home/sdc6/f1tenth_ws/install/ackermann_mux:/home/sdc6/f1tenth_ws/install/f1tenth_stack:/home/sdc6/f1tenth_ws/install/joy_teleop:/home/sdc6/f1tenth_ws/install/mouse_teleop:/home/sdc6/f1tenth_ws/install/key_teleop:/opt/ros/humble LD_LIBRARY_PATH=/home/sdc6/f1tenth_ws/install/vesc_msgs/lib:/home/sdc6/f1tenth_ws/install/vesc_driver/lib:/home/sdc6/f1tenth_ws/install/vesc_ackermann/lib:/home/sdc6/f1tenth_ws/install/teleop_tools_msgs/lib:/opt/ros/humble/opt/rviz_ogre_vendor/lib:/opt/ros/humble/lib/aarch64-linux-gnu:/opt/ros/humble/lib:/usr/local/cuda-12.6/lib64 /usr/bin/cmake --install /home/sdc6/f1tenth_ws/build/vesc_ackermann
