[1.734s] Invoking command in '/home/sdc6/f1tenth_ws/src/f1tenth_system/teleop_tools/joy_teleop': AMENT_PREFIX_PATH=/home/sdc6/f1tenth_ws/install/teleop_tools_msgs:${AMENT_PREFIX_PATH} CMAKE_PREFIX_PATH=/home/sdc6/f1tenth_ws/install/teleop_tools_msgs LD_LIBRARY_PATH=/home/sdc6/f1tenth_ws/install/teleop_tools_msgs/lib:/opt/ros/humble/opt/rviz_ogre_vendor/lib:/opt/ros/humble/lib/aarch64-linux-gnu:/opt/ros/humble/lib:/usr/local/cuda-12.6/lib64 PYTHONPATH=/home/sdc6/f1tenth_ws/build/joy_teleop/prefix_override:/usr/lib/python3/dist-packages/colcon_core/task/python/colcon_distutils_commands:/home/sdc6/f1tenth_ws/install/joy_teleop/lib/python3.10/site-packages:/home/sdc6/f1tenth_ws/install/teleop_tools_msgs/local/lib/python3.10/dist-packages:${PYTHONPATH} /usr/bin/python3 -W ignore:setup.py install is deprecated -W ignore:easy_install command is deprecated setup.py egg_info --egg-base ../../../../build/joy_teleop build --build-base /home/sdc6/f1tenth_ws/build/joy_teleop/build install --record /home/sdc6/f1tenth_ws/build/joy_teleop/install.log --single-version-externally-managed install_data
[2.483s] running egg_info
[2.485s] writing ../../../../build/joy_teleop/joy_teleop.egg-info/PKG-INFO
[2.486s] writing dependency_links to ../../../../build/joy_teleop/joy_teleop.egg-info/dependency_links.txt
[2.486s] writing entry points to ../../../../build/joy_teleop/joy_teleop.egg-info/entry_points.txt
[2.486s] writing requirements to ../../../../build/joy_teleop/joy_teleop.egg-info/requires.txt
[2.486s] writing top-level names to ../../../../build/joy_teleop/joy_teleop.egg-info/top_level.txt
[2.503s] reading manifest file '../../../../build/joy_teleop/joy_teleop.egg-info/SOURCES.txt'
[2.505s] writing manifest file '../../../../build/joy_teleop/joy_teleop.egg-info/SOURCES.txt'
[2.505s] running build
[2.505s] running build_py
[2.505s] running install
[2.506s] running install_lib
[2.524s] running install_data
[2.525s] running install_egg_info
[2.529s] removing '/home/sdc6/f1tenth_ws/install/joy_teleop/lib/python3.10/site-packages/joy_teleop-0.3.0-py3.10.egg-info' (and everything under it)
[2.529s] Copying ../../../../build/joy_teleop/joy_teleop.egg-info to /home/sdc6/f1tenth_ws/install/joy_teleop/lib/python3.10/site-packages/joy_teleop-0.3.0-py3.10.egg-info
[2.531s] running install_scripts
[2.622s] Installing incrementer_server script to /home/sdc6/f1tenth_ws/install/joy_teleop/lib/joy_teleop
[2.622s] Installing joy_teleop script to /home/sdc6/f1tenth_ws/install/joy_teleop/lib/joy_teleop
[2.623s] writing list of installed files to '/home/sdc6/f1tenth_ws/build/joy_teleop/install.log'
[2.787s] Invoked command in '/home/sdc6/f1tenth_ws/src/f1tenth_system/teleop_tools/joy_teleop' returned '0': AMENT_PREFIX_PATH=/home/sdc6/f1tenth_ws/install/teleop_tools_msgs:${AMENT_PREFIX_PATH} CMAKE_PREFIX_PATH=/home/sdc6/f1tenth_ws/install/teleop_tools_msgs LD_LIBRARY_PATH=/home/sdc6/f1tenth_ws/install/teleop_tools_msgs/lib:/opt/ros/humble/opt/rviz_ogre_vendor/lib:/opt/ros/humble/lib/aarch64-linux-gnu:/opt/ros/humble/lib:/usr/local/cuda-12.6/lib64 PYTHONPATH=/home/sdc6/f1tenth_ws/build/joy_teleop/prefix_override:/usr/lib/python3/dist-packages/colcon_core/task/python/colcon_distutils_commands:/home/sdc6/f1tenth_ws/install/joy_teleop/lib/python3.10/site-packages:/home/sdc6/f1tenth_ws/install/teleop_tools_msgs/local/lib/python3.10/dist-packages:${PYTHONPATH} /usr/bin/python3 -W ignore:setup.py install is deprecated -W ignore:easy_install command is deprecated setup.py egg_info --egg-base ../../../../build/joy_teleop build --build-base /home/sdc6/f1tenth_ws/build/joy_teleop/build install --record /home/sdc6/f1tenth_ws/build/joy_teleop/install.log --single-version-externally-managed install_data
