[0.067s] Invoking command in '/home/sdc6/f1tenth_ws/build/vesc_ackermann': CMAKE_PREFIX_PATH=/home/sdc6/f1tenth_ws/install/vesc_msgs:/home/sdc6/f1tenth_ws/install/vesc:/home/sdc6/f1tenth_ws/install/vesc_driver:/home/sdc6/f1tenth_ws/install/vesc_ackermann:/home/sdc6/f1tenth_ws/install/teleop_tools:/home/sdc6/f1tenth_ws/install/teleop_tools_msgs:/home/sdc6/f1tenth_ws/install/ackermann_mux:/home/sdc6/f1tenth_ws/install/f1tenth_stack:/home/sdc6/f1tenth_ws/install/joy_teleop:/home/sdc6/f1tenth_ws/install/mouse_teleop:/home/sdc6/f1tenth_ws/install/key_teleop:/opt/ros/humble LD_LIBRARY_PATH=/home/sdc6/f1tenth_ws/install/vesc_msgs/lib:/home/sdc6/f1tenth_ws/install/vesc_driver/lib:/home/sdc6/f1tenth_ws/install/vesc_ackermann/lib:/home/sdc6/f1tenth_ws/install/teleop_tools_msgs/lib:/opt/ros/humble/opt/rviz_ogre_vendor/lib:/opt/ros/humble/lib/aarch64-linux-gnu:/opt/ros/humble/lib:/usr/local/cuda-12.6/lib64 /usr/bin/cmake --build /home/sdc6/f1tenth_ws/build/vesc_ackermann -- -j6 -l6
[0.200s] [ 42%] Built target vesc_ackermann
[0.212s] [ 71%] Built target ackermann_to_vesc_node
[0.222s] [100%] Built target vesc_to_odom_node
[0.601s] Invoked command in '/home/sdc6/f1tenth_ws/build/vesc_ackermann' returned '0': CMAKE_PREFIX_PATH=/home/sdc6/f1tenth_ws/install/vesc_msgs:/home/sdc6/f1tenth_ws/install/vesc:/home/sdc6/f1tenth_ws/install/vesc_driver:/home/sdc6/f1tenth_ws/install/vesc_ackermann:/home/sdc6/f1tenth_ws/install/teleop_tools:/home/sdc6/f1tenth_ws/install/teleop_tools_msgs:/home/sdc6/f1tenth_ws/install/ackermann_mux:/home/sdc6/f1tenth_ws/install/f1tenth_stack:/home/sdc6/f1tenth_ws/install/joy_teleop:/home/sdc6/f1tenth_ws/install/mouse_teleop:/home/sdc6/f1tenth_ws/install/key_teleop:/opt/ros/humble LD_LIBRARY_PATH=/home/sdc6/f1tenth_ws/install/vesc_msgs/lib:/home/sdc6/f1tenth_ws/install/vesc_driver/lib:/home/sdc6/f1tenth_ws/install/vesc_ackermann/lib:/home/sdc6/f1tenth_ws/install/teleop_tools_msgs/lib:/opt/ros/humble/opt/rviz_ogre_vendor/lib:/opt/ros/humble/lib/aarch64-linux-gnu:/opt/ros/humble/lib:/usr/local/cuda-12.6/lib64 /usr/bin/cmake --build /home/sdc6/f1tenth_ws/build/vesc_ackermann -- -j6 -l6
[0.605s] Invoking command in '/home/sdc6/f1tenth_ws/build/vesc_ackermann': CMAKE_PREFIX_PATH=/home/sdc6/f1tenth_ws/install/vesc_msgs:/home/sdc6/f1tenth_ws/install/vesc:/home/sdc6/f1tenth_ws/install/vesc_driver:/home/sdc6/f1tenth_ws/install/vesc_ackermann:/home/sdc6/f1tenth_ws/install/teleop_tools:/home/sdc6/f1tenth_ws/install/teleop_tools_msgs:/home/sdc6/f1tenth_ws/install/ackermann_mux:/home/sdc6/f1tenth_ws/install/f1tenth_stack:/home/sdc6/f1tenth_ws/install/joy_teleop:/home/sdc6/f1tenth_ws/install/mouse_teleop:/home/sdc6/f1tenth_ws/install/key_teleop:/opt/ros/humble LD_LIBRARY_PATH=/home/sdc6/f1tenth_ws/install/vesc_msgs/lib:/home/sdc6/f1tenth_ws/install/vesc_driver/lib:/home/sdc6/f1tenth_ws/install/vesc_ackermann/lib:/home/sdc6/f1tenth_ws/install/teleop_tools_msgs/lib:/opt/ros/humble/opt/rviz_ogre_vendor/lib:/opt/ros/humble/lib/aarch64-linux-gnu:/opt/ros/humble/lib:/usr/local/cuda-12.6/lib64 /usr/bin/cmake --install /home/sdc6/f1tenth_ws/build/vesc_ackermann
[0.621s] -- Install configuration: ""
[0.623s] -- Up-to-date: /home/sdc6/f1tenth_ws/install/vesc_ackermann/lib/vesc_ackermann/ackermann_to_vesc_node
[0.625s] -- Up-to-date: /home/sdc6/f1tenth_ws/install/vesc_ackermann/lib/vesc_ackermann/vesc_to_odom_node
[0.625s] -- Up-to-date: /home/sdc6/f1tenth_ws/install/vesc_ackermann/include
[0.625s] -- Up-to-date: /home/sdc6/f1tenth_ws/install/vesc_ackermann/include/vesc_ackermann
[0.626s] -- Up-to-date: /home/sdc6/f1tenth_ws/install/vesc_ackermann/include/vesc_ackermann/vesc_to_odom.hpp
[0.626s] -- Up-to-date: /home/sdc6/f1tenth_ws/install/vesc_ackermann/include/vesc_ackermann/ackermann_to_vesc.hpp
[0.626s] -- Up-to-date: /home/sdc6/f1tenth_ws/install/vesc_ackermann/share/vesc_ackermann/environment/library_path.sh
[0.626s] -- Up-to-date: /home/sdc6/f1tenth_ws/install/vesc_ackermann/share/vesc_ackermann/environment/library_path.dsv
[0.626s] -- Up-to-date: /home/sdc6/f1tenth_ws/install/vesc_ackermann/lib/libvesc_ackermann.so
[0.626s] -- Up-to-date: /home/sdc6/f1tenth_ws/install/vesc_ackermann/share/vesc_ackermann/launch
[0.627s] -- Up-to-date: /home/sdc6/f1tenth_ws/install/vesc_ackermann/share/vesc_ackermann/launch/ackermann_to_vesc_node.launch.xml
[0.627s] -- Up-to-date: /home/sdc6/f1tenth_ws/install/vesc_ackermann/share/vesc_ackermann/launch/vesc_to_odom_node.launch.xml
[0.627s] -- Up-to-date: /home/sdc6/f1tenth_ws/install/vesc_ackermann/share/ament_index/resource_index/package_run_dependencies/vesc_ackermann
[0.627s] -- Up-to-date: /home/sdc6/f1tenth_ws/install/vesc_ackermann/share/ament_index/resource_index/parent_prefix_path/vesc_ackermann
[0.627s] -- Up-to-date: /home/sdc6/f1tenth_ws/install/vesc_ackermann/share/vesc_ackermann/environment/ament_prefix_path.sh
[0.627s] -- Up-to-date: /home/sdc6/f1tenth_ws/install/vesc_ackermann/share/vesc_ackermann/environment/ament_prefix_path.dsv
[0.627s] -- Up-to-date: /home/sdc6/f1tenth_ws/install/vesc_ackermann/share/vesc_ackermann/environment/path.sh
[0.627s] -- Up-to-date: /home/sdc6/f1tenth_ws/install/vesc_ackermann/share/vesc_ackermann/environment/path.dsv
[0.628s] -- Up-to-date: /home/sdc6/f1tenth_ws/install/vesc_ackermann/share/vesc_ackermann/local_setup.bash
[0.628s] -- Up-to-date: /home/sdc6/f1tenth_ws/install/vesc_ackermann/share/vesc_ackermann/local_setup.sh
[0.628s] -- Up-to-date: /home/sdc6/f1tenth_ws/install/vesc_ackermann/share/vesc_ackermann/local_setup.zsh
[0.628s] -- Up-to-date: /home/sdc6/f1tenth_ws/install/vesc_ackermann/share/vesc_ackermann/local_setup.dsv
[0.628s] -- Installing: /home/sdc6/f1tenth_ws/install/vesc_ackermann/share/vesc_ackermann/package.dsv
[0.628s] -- Up-to-date: /home/sdc6/f1tenth_ws/install/vesc_ackermann/share/ament_index/resource_index/packages/vesc_ackermann
[0.629s] -- Up-to-date: /home/sdc6/f1tenth_ws/install/vesc_ackermann/share/ament_index/resource_index/rclcpp_components/vesc_ackermann
[0.629s] -- Up-to-date: /home/sdc6/f1tenth_ws/install/vesc_ackermann/share/vesc_ackermann/cmake/ament_cmake_export_dependencies-extras.cmake
[0.629s] -- Up-to-date: /home/sdc6/f1tenth_ws/install/vesc_ackermann/share/vesc_ackermann/cmake/ament_cmake_export_include_directories-extras.cmake
[0.629s] -- Up-to-date: /home/sdc6/f1tenth_ws/install/vesc_ackermann/share/vesc_ackermann/cmake/ament_cmake_export_libraries-extras.cmake
[0.629s] -- Up-to-date: /home/sdc6/f1tenth_ws/install/vesc_ackermann/share/vesc_ackermann/cmake/vesc_ackermannConfig.cmake
[0.629s] -- Up-to-date: /home/sdc6/f1tenth_ws/install/vesc_ackermann/share/vesc_ackermann/cmake/vesc_ackermannConfig-version.cmake
[0.629s] -- Up-to-date: /home/sdc6/f1tenth_ws/install/vesc_ackermann/share/vesc_ackermann/package.xml
[0.637s] Invoked command in '/home/sdc6/f1tenth_ws/build/vesc_ackermann' returned '0': CMAKE_PREFIX_PATH=/home/sdc6/f1tenth_ws/install/vesc_msgs:/home/sdc6/f1tenth_ws/install/vesc:/home/sdc6/f1tenth_ws/install/vesc_driver:/home/sdc6/f1tenth_ws/install/vesc_ackermann:/home/sdc6/f1tenth_ws/install/teleop_tools:/home/sdc6/f1tenth_ws/install/teleop_tools_msgs:/home/sdc6/f1tenth_ws/install/ackermann_mux:/home/sdc6/f1tenth_ws/install/f1tenth_stack:/home/sdc6/f1tenth_ws/install/joy_teleop:/home/sdc6/f1tenth_ws/install/mouse_teleop:/home/sdc6/f1tenth_ws/install/key_teleop:/opt/ros/humble LD_LIBRARY_PATH=/home/sdc6/f1tenth_ws/install/vesc_msgs/lib:/home/sdc6/f1tenth_ws/install/vesc_driver/lib:/home/sdc6/f1tenth_ws/install/vesc_ackermann/lib:/home/sdc6/f1tenth_ws/install/teleop_tools_msgs/lib:/opt/ros/humble/opt/rviz_ogre_vendor/lib:/opt/ros/humble/lib/aarch64-linux-gnu:/opt/ros/humble/lib:/usr/local/cuda-12.6/lib64 /usr/bin/cmake --install /home/sdc6/f1tenth_ws/build/vesc_ackermann
