running egg_info
writing ../../build/kinematic_mpc/kinematic_mpc.egg-info/PKG-INFO
writing dependency_links to ../../build/kinematic_mpc/kinematic_mpc.egg-info/dependency_links.txt
writing entry points to ../../build/kinematic_mpc/kinematic_mpc.egg-info/entry_points.txt
writing requirements to ../../build/kinematic_mpc/kinematic_mpc.egg-info/requires.txt
writing top-level names to ../../build/kinematic_mpc/kinematic_mpc.egg-info/top_level.txt
reading manifest file '../../build/kinematic_mpc/kinematic_mpc.egg-info/SOURCES.txt'
writing manifest file '../../build/kinematic_mpc/kinematic_mpc.egg-info/SOURCES.txt'
running build
running build_py
copying kinematic_mpc/stopsign.py -> /home/sdc6/f1tenth_ws/build/kinematic_mpc/build/lib/kinematic_mpc
copying kinematic_mpc/kinematic_mpc_node.py -> /home/sdc6/f1tenth_ws/build/kinematic_mpc/build/lib/kinematic_mpc
copying kinematic_mpc/trajectory_creator.py -> /home/sdc6/f1tenth_ws/build/kinematic_mpc/build/lib/kinematic_mpc
running install
running install_lib
copying /home/sdc6/f1tenth_ws/build/kinematic_mpc/build/lib/kinematic_mpc/stopsign.py -> /home/sdc6/f1tenth_ws/install/kinematic_mpc/lib/python3.10/site-packages/kinematic_mpc
copying /home/sdc6/f1tenth_ws/build/kinematic_mpc/build/lib/kinematic_mpc/kinematic_mpc_node.py -> /home/sdc6/f1tenth_ws/install/kinematic_mpc/lib/python3.10/site-packages/kinematic_mpc
copying /home/sdc6/f1tenth_ws/build/kinematic_mpc/build/lib/kinematic_mpc/trajectory_creator.py -> /home/sdc6/f1tenth_ws/install/kinematic_mpc/lib/python3.10/site-packages/kinematic_mpc
byte-compiling /home/sdc6/f1tenth_ws/install/kinematic_mpc/lib/python3.10/site-packages/kinematic_mpc/stopsign.py to stopsign.cpython-310.pyc
byte-compiling /home/sdc6/f1tenth_ws/install/kinematic_mpc/lib/python3.10/site-packages/kinematic_mpc/kinematic_mpc_node.py to kinematic_mpc_node.cpython-310.pyc
byte-compiling /home/sdc6/f1tenth_ws/install/kinematic_mpc/lib/python3.10/site-packages/kinematic_mpc/trajectory_creator.py to trajectory_creator.cpython-310.pyc
running install_data
running install_egg_info
removing '/home/sdc6/f1tenth_ws/install/kinematic_mpc/lib/python3.10/site-packages/kinematic_mpc-0.0.0-py3.10.egg-info' (and everything under it)
Copying ../../build/kinematic_mpc/kinematic_mpc.egg-info to /home/sdc6/f1tenth_ws/install/kinematic_mpc/lib/python3.10/site-packages/kinematic_mpc-0.0.0-py3.10.egg-info
running install_scripts
writing list of installed files to '/home/sdc6/f1tenth_ws/build/kinematic_mpc/install.log'
