[0.039s] Invoking command in '/home/sdc6/f1tenth_ws/build/ackermann_mux': CMAKE_PREFIX_PATH=/opt/ros/humble /usr/bin/cmake --build /home/sdc6/f1tenth_ws/build/ackermann_mux -- -j6 -l6
[0.627s] [35m[1mConsolidate compiler generated dependencies of target ackermann_mux[0m
[0.627s] [100%] Built target ackermann_mux
[1.116s] Invoked command in '/home/sdc6/f1tenth_ws/build/ackermann_mux' returned '0': CMAKE_PREFIX_PATH=/opt/ros/humble /usr/bin/cmake --build /home/sdc6/f1tenth_ws/build/ackermann_mux -- -j6 -l6
[1.139s] Invoking command in '/home/sdc6/f1tenth_ws/build/ackermann_mux': CMAKE_PREFIX_PATH=/opt/ros/humble /usr/bin/cmake --install /home/sdc6/f1tenth_ws/build/ackermann_mux
[1.154s] -- Install configuration: ""
[1.154s] -- Installing: /home/sdc6/f1tenth_ws/install/ackermann_mux/lib/ackermann_mux/ackermann_mux
[1.168s] -- Set runtime path of "/home/sdc6/f1tenth_ws/install/ackermann_mux/lib/ackermann_mux/ackermann_mux" to ""
[1.169s] -- Installing: /home/sdc6/f1tenth_ws/install/ackermann_mux/share/ackermann_mux/launch
[1.169s] -- Installing: /home/sdc6/f1tenth_ws/install/ackermann_mux/share/ackermann_mux/launch/ackermann_mux_launch.py
[1.169s] -- Installing: /home/sdc6/f1tenth_ws/install/ackermann_mux/share/ackermann_mux/config
[1.170s] -- Installing: /home/sdc6/f1tenth_ws/install/ackermann_mux/share/ackermann_mux/config/ackermann_mux_topics.yaml
[1.176s] -- Installing: /home/sdc6/f1tenth_ws/install/ackermann_mux/share/ackermann_mux/config/ackermann_mux_locks.yaml
[1.183s] -- Installing: /home/sdc6/f1tenth_ws/install/ackermann_mux/share/ackermann_mux/config/joystick.yaml
[1.197s] -- Installing: /home/sdc6/f1tenth_ws/install/ackermann_mux/include
[1.206s] -- Installing: /home/sdc6/f1tenth_ws/install/ackermann_mux/include/ackermann_mux
[1.206s] -- Installing: /home/sdc6/f1tenth_ws/install/ackermann_mux/include/ackermann_mux/ackermann_mux.hpp
[1.210s] -- Installing: /home/sdc6/f1tenth_ws/install/ackermann_mux/include/ackermann_mux/topic_handle.hpp
[1.221s] -- Installing: /home/sdc6/f1tenth_ws/install/ackermann_mux/include/ackermann_mux/ackermann_mux_diagnostics_status.hpp
[1.222s] -- Installing: /home/sdc6/f1tenth_ws/install/ackermann_mux/include/ackermann_mux/utils.hpp
[1.222s] -- Installing: /home/sdc6/f1tenth_ws/install/ackermann_mux/include/ackermann_mux/ackermann_mux_diagnostics.hpp
[1.231s] -- Installing: /home/sdc6/f1tenth_ws/install/ackermann_mux/include/ackermann_mux/params_helpers.hpp
[1.232s] -- Installing: /home/sdc6/f1tenth_ws/install/ackermann_mux/share/ament_index/resource_index/package_run_dependencies/ackermann_mux
[1.233s] -- Installing: /home/sdc6/f1tenth_ws/install/ackermann_mux/share/ament_index/resource_index/parent_prefix_path/ackermann_mux
[1.234s] -- Installing: /home/sdc6/f1tenth_ws/install/ackermann_mux/share/ackermann_mux/environment/ament_prefix_path.sh
[1.236s] -- Installing: /home/sdc6/f1tenth_ws/install/ackermann_mux/share/ackermann_mux/environment/ament_prefix_path.dsv
[1.237s] -- Installing: /home/sdc6/f1tenth_ws/install/ackermann_mux/share/ackermann_mux/environment/path.sh
[1.239s] -- Installing: /home/sdc6/f1tenth_ws/install/ackermann_mux/share/ackermann_mux/environment/path.dsv
[1.239s] -- Installing: /home/sdc6/f1tenth_ws/install/ackermann_mux/share/ackermann_mux/local_setup.bash
[1.239s] -- Installing: /home/sdc6/f1tenth_ws/install/ackermann_mux/share/ackermann_mux/local_setup.sh
[1.239s] -- Installing: /home/sdc6/f1tenth_ws/install/ackermann_mux/share/ackermann_mux/local_setup.zsh
[1.240s] -- Installing: /home/sdc6/f1tenth_ws/install/ackermann_mux/share/ackermann_mux/local_setup.dsv
[1.240s] -- Installing: /home/sdc6/f1tenth_ws/install/ackermann_mux/share/ackermann_mux/package.dsv
[1.240s] -- Installing: /home/sdc6/f1tenth_ws/install/ackermann_mux/share/ament_index/resource_index/packages/ackermann_mux
[1.240s] -- Installing: /home/sdc6/f1tenth_ws/install/ackermann_mux/share/ackermann_mux/cmake/ament_cmake_export_include_directories-extras.cmake
[1.240s] -- Installing: /home/sdc6/f1tenth_ws/install/ackermann_mux/share/ackermann_mux/cmake/ament_cmake_export_dependencies-extras.cmake
[1.240s] -- Installing: /home/sdc6/f1tenth_ws/install/ackermann_mux/share/ackermann_mux/cmake/ackermann_muxConfig.cmake
[1.240s] -- Installing: /home/sdc6/f1tenth_ws/install/ackermann_mux/share/ackermann_mux/cmake/ackermann_muxConfig-version.cmake
[1.240s] -- Installing: /home/sdc6/f1tenth_ws/install/ackermann_mux/share/ackermann_mux/package.xml
[1.241s] Invoked command in '/home/sdc6/f1tenth_ws/build/ackermann_mux' returned '0': CMAKE_PREFIX_PATH=/opt/ros/humble /usr/bin/cmake --install /home/sdc6/f1tenth_ws/build/ackermann_mux
