[0.103s] Invoking command in '/home/sdc6/f1tenth_ws/build/vesc_driver': CMAKE_PREFIX_PATH=/home/sdc6/f1tenth_ws/install/vesc_msgs:/home/sdc6/f1tenth_ws/install/vesc:/home/sdc6/f1tenth_ws/install/vesc_driver:/home/sdc6/f1tenth_ws/install/vesc_ackermann:/home/sdc6/f1tenth_ws/install/teleop_tools:/home/sdc6/f1tenth_ws/install/teleop_tools_msgs:/home/sdc6/f1tenth_ws/install/ackermann_mux:/home/sdc6/f1tenth_ws/install/f1tenth_stack:/home/sdc6/f1tenth_ws/install/joy_teleop:/home/sdc6/f1tenth_ws/install/mouse_teleop:/home/sdc6/f1tenth_ws/install/kinematic_mpc:/home/sdc6/f1tenth_ws/install/key_teleop:/opt/ros/humble LD_LIBRARY_PATH=/home/sdc6/f1tenth_ws/install/vesc_msgs/lib:/home/sdc6/f1tenth_ws/install/vesc_driver/lib:/home/sdc6/f1tenth_ws/install/vesc_ackermann/lib:/home/sdc6/f1tenth_ws/install/teleop_tools_msgs/lib:/usr/local/cuda/lib64:/opt/ros/humble/opt/rviz_ogre_vendor/lib:/opt/ros/humble/lib/aarch64-linux-gnu:/opt/ros/humble/lib:/usr/local/cuda-12.6/lib64 PS1=\[\e]0;\u@\h: \w\a\]${debian_chroot:+($debian_chroot)}\[\033[01;32m\]\u@\h\[\033[00m\]:\[\033[01;34m\]\w\[\033[00m\]\$ /usr/bin/cmake --build /home/sdc6/f1tenth_ws/build/vesc_driver -- -j6 -l6
[0.341s] [ 20%] Built target vesc_driver_node
[0.357s] [ 30%] [32mBuilding CXX object CMakeFiles/vesc_driver.dir/src/vesc_driver.cpp.o[0m
[6.282s] In file included from [01m[K/opt/ros/humble/include/rclcpp/rclcpp/client.hpp:40[m[K,
[6.282s]                  from [01m[K/opt/ros/humble/include/rclcpp/rclcpp/callback_group.hpp:24[m[K,
[6.282s]                  from [01m[K/opt/ros/humble/include/rclcpp/rclcpp/any_executable.hpp:20[m[K,
[6.282s]                  from [01m[K/opt/ros/humble/include/rclcpp/rclcpp/memory_strategy.hpp:25[m[K,
[6.283s]                  from [01m[K/opt/ros/humble/include/rclcpp/rclcpp/memory_strategies.hpp:18[m[K,
[6.283s]                  from [01m[K/opt/ros/humble/include/rclcpp/rclcpp/executor_options.hpp:20[m[K,
[6.283s]                  from [01m[K/opt/ros/humble/include/rclcpp/rclcpp/executor.hpp:37[m[K,
[6.283s]                  from [01m[K/opt/ros/humble/include/rclcpp/rclcpp/executors/multi_threaded_executor.hpp:25[m[K,
[6.283s]                  from [01m[K/opt/ros/humble/include/rclcpp/rclcpp/executors.hpp:21[m[K,
[6.283s]                  from [01m[K/opt/ros/humble/include/rclcpp/rclcpp/rclcpp.hpp:155[m[K,
[6.283s]                  from [01m[K/home/sdc6/f1tenth_ws/src/f1tenth_system/vesc/vesc_driver/include/vesc_driver/vesc_driver.hpp:38[m[K,
[6.283s]                  from [01m[K/home/sdc6/f1tenth_ws/src/f1tenth_system/vesc/vesc_driver/src/vesc_driver.cpp:31[m[K:
[6.283s] [01m[K/home/sdc6/f1tenth_ws/src/f1tenth_system/vesc/vesc_driver/src/vesc_driver.cpp:[m[K In member function ‘[01m[Kdouble vesc_driver::VescDriver::CommandLimit::clip(double)[m[K’:
[6.284s] [01m[K/home/sdc6/f1tenth_ws/src/f1tenth_system/vesc/vesc_driver/src/vesc_driver.cpp:429:5:[m[K [01;31m[Kerror: [m[Kstatic assertion failed: First argument to logging macros must be an rclcpp::Logger
[6.284s]   429 |     [01;31m[KRCLCPP_INFO_THROTTLE[m[K(
[6.284s]       |     [01;31m[K^~~~~~~~~~~~~~~~~~~~[m[K
[6.284s] [01m[K/home/sdc6/f1tenth_ws/src/f1tenth_system/vesc/vesc_driver/src/vesc_driver.cpp:[m[K In lambda function:
[6.284s] [01m[K/home/sdc6/f1tenth_ws/src/f1tenth_system/vesc/vesc_driver/src/vesc_driver.cpp:429:5:[m[K [01;31m[Kerror: [m[Krequest for member ‘[01m[Know[m[K’ in ‘[01m[Kc[m[K’, which is of non-class type ‘[01m[Kdouble[m[K’
[6.284s]   429 |     [01;31m[KRCLCPP_INFO_THROTTLE[m[K(
[6.284s]       |     [01;31m[K^~~~~~~~~~~~~~~~~~~~[m[K
[6.285s] In file included from [01m[K/opt/ros/humble/include/rclcpp/rclcpp/logging.hpp:24[m[K,
[6.285s]                  from [01m[K/opt/ros/humble/include/rclcpp/rclcpp/client.hpp:40[m[K,
[6.285s]                  from [01m[K/opt/ros/humble/include/rclcpp/rclcpp/callback_group.hpp:24[m[K,
[6.285s]                  from [01m[K/opt/ros/humble/include/rclcpp/rclcpp/any_executable.hpp:20[m[K,
[6.285s]                  from [01m[K/opt/ros/humble/include/rclcpp/rclcpp/memory_strategy.hpp:25[m[K,
[6.285s]                  from [01m[K/opt/ros/humble/include/rclcpp/rclcpp/memory_strategies.hpp:18[m[K,
[6.285s]                  from [01m[K/opt/ros/humble/include/rclcpp/rclcpp/executor_options.hpp:20[m[K,
[6.285s]                  from [01m[K/opt/ros/humble/include/rclcpp/rclcpp/executor.hpp:37[m[K,
[6.286s]                  from [01m[K/opt/ros/humble/include/rclcpp/rclcpp/executors/multi_threaded_executor.hpp:25[m[K,
[6.286s]                  from [01m[K/opt/ros/humble/include/rclcpp/rclcpp/executors.hpp:21[m[K,
[6.286s]                  from [01m[K/opt/ros/humble/include/rclcpp/rclcpp/rclcpp.hpp:155[m[K,
[6.286s]                  from [01m[K/home/sdc6/f1tenth_ws/src/f1tenth_system/vesc/vesc_driver/include/vesc_driver/vesc_driver.hpp:38[m[K,
[6.286s]                  from [01m[K/home/sdc6/f1tenth_ws/src/f1tenth_system/vesc/vesc_driver/src/vesc_driver.cpp:31[m[K:
[6.286s] [01m[K/home/sdc6/f1tenth_ws/src/f1tenth_system/vesc/vesc_driver/src/vesc_driver.cpp:[m[K In member function ‘[01m[Kdouble vesc_driver::VescDriver::CommandLimit::clip(double)[m[K’:
[6.286s] [01m[K/home/sdc6/f1tenth_ws/src/f1tenth_system/vesc/vesc_driver/src/vesc_driver.cpp:429:5:[m[K [01;31m[Kerror: [m[Krequest for member ‘[01m[Kget_name[m[K’ in ‘[01m[K((vesc_driver::VescDriver::CommandLimit*)this)->vesc_driver::VescDriver::CommandLimit::name.std::__cxx11::basic_string<char>::c_str()[m[K’, which is of non-class type ‘[01m[Kconst char*[m[K’
[6.286s]   429 |     [01;31m[KRCLCPP_INFO_THROTTLE[m[K(
[6.287s]       |     [01;31m[K^~~~~~~~~~~~~~~~~~~~[m[K
[6.287s] [01m[K/home/sdc6/f1tenth_ws/src/f1tenth_system/vesc/vesc_driver/src/vesc_driver.cpp:429:5:[m[K [01;31m[Kerror: [m[Krequest for member ‘[01m[Kget_name[m[K’ in ‘[01m[K((vesc_driver::VescDriver::CommandLimit*)this)->vesc_driver::VescDriver::CommandLimit::name.std::__cxx11::basic_string<char>::c_str()[m[K’, which is of non-class type ‘[01m[Kconst char*[m[K’
[6.287s]   429 |     [01;31m[KRCLCPP_INFO_THROTTLE[m[K(
[6.287s]       |     [01;31m[K^~~~~~~~~~~~~~~~~~~~[m[K
[6.287s] [01m[K/home/sdc6/f1tenth_ws/src/f1tenth_system/vesc/vesc_driver/src/vesc_driver.cpp:429:5:[m[K [01;31m[Kerror: [m[Kexpected primary-expression before ‘[01m[K)[m[K’ token
[6.288s]   429 |     [01;31m[KRCLCPP_INFO_THROTTLE[m[K(
[6.288s]       |     [01;31m[K^~~~~~~~~~~~~~~~~~~~[m[K
[6.288s] In file included from [01m[K/opt/ros/humble/include/rclcpp/rclcpp/client.hpp:40[m[K,
[6.288s]                  from [01m[K/opt/ros/humble/include/rclcpp/rclcpp/callback_group.hpp:24[m[K,
[6.289s]                  from [01m[K/opt/ros/humble/include/rclcpp/rclcpp/any_executable.hpp:20[m[K,
[6.289s]                  from [01m[K/opt/ros/humble/include/rclcpp/rclcpp/memory_strategy.hpp:25[m[K,
[6.289s]                  from [01m[K/opt/ros/humble/include/rclcpp/rclcpp/memory_strategies.hpp:18[m[K,
[6.289s]                  from [01m[K/opt/ros/humble/include/rclcpp/rclcpp/executor_options.hpp:20[m[K,
[6.289s]                  from [01m[K/opt/ros/humble/include/rclcpp/rclcpp/executor.hpp:37[m[K,
[6.289s]                  from [01m[K/opt/ros/humble/include/rclcpp/rclcpp/executors/multi_threaded_executor.hpp:25[m[K,
[6.289s]                  from [01m[K/opt/ros/humble/include/rclcpp/rclcpp/executors.hpp:21[m[K,
[6.289s]                  from [01m[K/opt/ros/humble/include/rclcpp/rclcpp/rclcpp.hpp:155[m[K,
[6.289s]                  from [01m[K/home/sdc6/f1tenth_ws/src/f1tenth_system/vesc/vesc_driver/include/vesc_driver/vesc_driver.hpp:38[m[K,
[6.289s]                  from [01m[K/home/sdc6/f1tenth_ws/src/f1tenth_system/vesc/vesc_driver/src/vesc_driver.cpp:31[m[K:
[6.290s] [01m[K/home/sdc6/f1tenth_ws/src/f1tenth_system/vesc/vesc_driver/src/vesc_driver.cpp:435:5:[m[K [01;31m[Kerror: [m[Kstatic assertion failed: First argument to logging macros must be an rclcpp::Logger
[6.290s]   435 |     [01;31m[KRCLCPP_INFO_THROTTLE[m[K(
[6.290s]       |     [01;31m[K^~~~~~~~~~~~~~~~~~~~[m[K
[6.290s] [01m[K/home/sdc6/f1tenth_ws/src/f1tenth_system/vesc/vesc_driver/src/vesc_driver.cpp:[m[K In lambda function:
[6.290s] [01m[K/home/sdc6/f1tenth_ws/src/f1tenth_system/vesc/vesc_driver/src/vesc_driver.cpp:435:5:[m[K [01;31m[Kerror: [m[Krequest for member ‘[01m[Know[m[K’ in ‘[01m[Kc[m[K’, which is of non-class type ‘[01m[Kdouble[m[K’
[6.290s]   435 |     [01;31m[KRCLCPP_INFO_THROTTLE[m[K(
[6.291s]       |     [01;31m[K^~~~~~~~~~~~~~~~~~~~[m[K
[6.291s] In file included from [01m[K/opt/ros/humble/include/rclcpp/rclcpp/logging.hpp:24[m[K,
[6.291s]                  from [01m[K/opt/ros/humble/include/rclcpp/rclcpp/client.hpp:40[m[K,
[6.291s]                  from [01m[K/opt/ros/humble/include/rclcpp/rclcpp/callback_group.hpp:24[m[K,
[6.291s]                  from [01m[K/opt/ros/humble/include/rclcpp/rclcpp/any_executable.hpp:20[m[K,
[6.291s]                  from [01m[K/opt/ros/humble/include/rclcpp/rclcpp/memory_strategy.hpp:25[m[K,
[6.291s]                  from [01m[K/opt/ros/humble/include/rclcpp/rclcpp/memory_strategies.hpp:18[m[K,
[6.291s]                  from [01m[K/opt/ros/humble/include/rclcpp/rclcpp/executor_options.hpp:20[m[K,
[6.291s]                  from [01m[K/opt/ros/humble/include/rclcpp/rclcpp/executor.hpp:37[m[K,
[6.291s]                  from [01m[K/opt/ros/humble/include/rclcpp/rclcpp/executors/multi_threaded_executor.hpp:25[m[K,
[6.292s]                  from [01m[K/opt/ros/humble/include/rclcpp/rclcpp/executors.hpp:21[m[K,
[6.292s]                  from [01m[K/opt/ros/humble/include/rclcpp/rclcpp/rclcpp.hpp:155[m[K,
[6.292s]                  from [01m[K/home/sdc6/f1tenth_ws/src/f1tenth_system/vesc/vesc_driver/include/vesc_driver/vesc_driver.hpp:38[m[K,
[6.292s]                  from [01m[K/home/sdc6/f1tenth_ws/src/f1tenth_system/vesc/vesc_driver/src/vesc_driver.cpp:31[m[K:
[6.292s] [01m[K/home/sdc6/f1tenth_ws/src/f1tenth_system/vesc/vesc_driver/src/vesc_driver.cpp:[m[K In member function ‘[01m[Kdouble vesc_driver::VescDriver::CommandLimit::clip(double)[m[K’:
[6.292s] [01m[K/home/sdc6/f1tenth_ws/src/f1tenth_system/vesc/vesc_driver/src/vesc_driver.cpp:435:5:[m[K [01;31m[Kerror: [m[Krequest for member ‘[01m[Kget_name[m[K’ in ‘[01m[K((vesc_driver::VescDriver::CommandLimit*)this)->vesc_driver::VescDriver::CommandLimit::name.std::__cxx11::basic_string<char>::c_str()[m[K’, which is of non-class type ‘[01m[Kconst char*[m[K’
[6.292s]   435 |     [01;31m[KRCLCPP_INFO_THROTTLE[m[K(
[6.292s]       |     [01;31m[K^~~~~~~~~~~~~~~~~~~~[m[K
[6.292s] [01m[K/home/sdc6/f1tenth_ws/src/f1tenth_system/vesc/vesc_driver/src/vesc_driver.cpp:435:5:[m[K [01;31m[Kerror: [m[Krequest for member ‘[01m[Kget_name[m[K’ in ‘[01m[K((vesc_driver::VescDriver::CommandLimit*)this)->vesc_driver::VescDriver::CommandLimit::name.std::__cxx11::basic_string<char>::c_str()[m[K’, which is of non-class type ‘[01m[Kconst char*[m[K’
[6.293s]   435 |     [01;31m[KRCLCPP_INFO_THROTTLE[m[K(
[6.293s]       |     [01;31m[K^~~~~~~~~~~~~~~~~~~~[m[K
[6.293s] [01m[K/home/sdc6/f1tenth_ws/src/f1tenth_system/vesc/vesc_driver/src/vesc_driver.cpp:435:5:[m[K [01;31m[Kerror: [m[Kexpected primary-expression before ‘[01m[K)[m[K’ token
[6.293s]   435 |     [01;31m[KRCLCPP_INFO_THROTTLE[m[K(
[6.293s]       |     [01;31m[K^~~~~~~~~~~~~~~~~~~~[m[K
[12.801s] gmake[2]: *** [CMakeFiles/vesc_driver.dir/build.make:76: CMakeFiles/vesc_driver.dir/src/vesc_driver.cpp.o] Error 1
[12.802s] gmake[1]: *** [CMakeFiles/Makefile2:141: CMakeFiles/vesc_driver.dir/all] Error 2
[12.802s] gmake: *** [Makefile:146: all] Error 2
[12.807s] Invoked command in '/home/sdc6/f1tenth_ws/build/vesc_driver' returned '2': CMAKE_PREFIX_PATH=/home/sdc6/f1tenth_ws/install/vesc_msgs:/home/sdc6/f1tenth_ws/install/vesc:/home/sdc6/f1tenth_ws/install/vesc_driver:/home/sdc6/f1tenth_ws/install/vesc_ackermann:/home/sdc6/f1tenth_ws/install/teleop_tools:/home/sdc6/f1tenth_ws/install/teleop_tools_msgs:/home/sdc6/f1tenth_ws/install/ackermann_mux:/home/sdc6/f1tenth_ws/install/f1tenth_stack:/home/sdc6/f1tenth_ws/install/joy_teleop:/home/sdc6/f1tenth_ws/install/mouse_teleop:/home/sdc6/f1tenth_ws/install/kinematic_mpc:/home/sdc6/f1tenth_ws/install/key_teleop:/opt/ros/humble LD_LIBRARY_PATH=/home/sdc6/f1tenth_ws/install/vesc_msgs/lib:/home/sdc6/f1tenth_ws/install/vesc_driver/lib:/home/sdc6/f1tenth_ws/install/vesc_ackermann/lib:/home/sdc6/f1tenth_ws/install/teleop_tools_msgs/lib:/usr/local/cuda/lib64:/opt/ros/humble/opt/rviz_ogre_vendor/lib:/opt/ros/humble/lib/aarch64-linux-gnu:/opt/ros/humble/lib:/usr/local/cuda-12.6/lib64 PS1=\[\e]0;\u@\h: \w\a\]${debian_chroot:+($debian_chroot)}\[\033[01;32m\]\u@\h\[\033[00m\]:\[\033[01;34m\]\w\[\033[00m\]\$ /usr/bin/cmake --build /home/sdc6/f1tenth_ws/build/vesc_driver -- -j6 -l6
