[2.115s] Invoking command in '/home/sdc6/f1tenth_ws/src/f1tenth_system/teleop_tools/mouse_teleop': PYTHONPATH=/home/sdc6/f1tenth_ws/build/mouse_teleop/prefix_override:/usr/lib/python3/dist-packages/colcon_core/task/python/colcon_distutils_commands:/home/sdc6/f1tenth_ws/install/mouse_teleop/lib/python3.10/site-packages:${PYTHONPATH} /usr/bin/python3 -W ignore:setup.py install is deprecated -W ignore:easy_install command is deprecated setup.py egg_info --egg-base ../../../../build/mouse_teleop build --build-base /home/sdc6/f1tenth_ws/build/mouse_teleop/build install --record /home/sdc6/f1tenth_ws/build/mouse_teleop/install.log --single-version-externally-managed install_data
[2.638s] running egg_info
[2.639s] writing ../../../../build/mouse_teleop/mouse_teleop.egg-info/PKG-INFO
[2.640s] writing dependency_links to ../../../../build/mouse_teleop/mouse_teleop.egg-info/dependency_links.txt
[2.640s] writing entry points to ../../../../build/mouse_teleop/mouse_teleop.egg-info/entry_points.txt
[2.641s] writing requirements to ../../../../build/mouse_teleop/mouse_teleop.egg-info/requires.txt
[2.641s] writing top-level names to ../../../../build/mouse_teleop/mouse_teleop.egg-info/top_level.txt
[2.645s] reading manifest file '../../../../build/mouse_teleop/mouse_teleop.egg-info/SOURCES.txt'
[2.646s] adding license file 'LICENSE'
[2.647s] writing manifest file '../../../../build/mouse_teleop/mouse_teleop.egg-info/SOURCES.txt'
[2.647s] running build
[2.647s] running build_py
[2.648s] running install
[2.649s] running install_lib
[2.652s] running install_data
[2.652s] running install_egg_info
[2.656s] removing '/home/sdc6/f1tenth_ws/install/mouse_teleop/lib/python3.10/site-packages/mouse_teleop-0.3.0-py3.10.egg-info' (and everything under it)
[2.657s] Copying ../../../../build/mouse_teleop/mouse_teleop.egg-info to /home/sdc6/f1tenth_ws/install/mouse_teleop/lib/python3.10/site-packages/mouse_teleop-0.3.0-py3.10.egg-info
[2.659s] running install_scripts
[2.703s] Installing mouse_teleop script to /home/sdc6/f1tenth_ws/install/mouse_teleop/lib/mouse_teleop
[2.704s] writing list of installed files to '/home/sdc6/f1tenth_ws/build/mouse_teleop/install.log'
[2.783s] Invoked command in '/home/sdc6/f1tenth_ws/src/f1tenth_system/teleop_tools/mouse_teleop' returned '0': PYTHONPATH=/home/sdc6/f1tenth_ws/build/mouse_teleop/prefix_override:/usr/lib/python3/dist-packages/colcon_core/task/python/colcon_distutils_commands:/home/sdc6/f1tenth_ws/install/mouse_teleop/lib/python3.10/site-packages:${PYTHONPATH} /usr/bin/python3 -W ignore:setup.py install is deprecated -W ignore:easy_install command is deprecated setup.py egg_info --egg-base ../../../../build/mouse_teleop build --build-base /home/sdc6/f1tenth_ws/build/mouse_teleop/build install --record /home/sdc6/f1tenth_ws/build/mouse_teleop/install.log --single-version-externally-managed install_data
