[0.031s] Invoking command in '/home/sdc6/f1tenth_ws/build/vesc': CMAKE_PREFIX_PATH=/home/sdc6/f1tenth_ws/install/vesc_driver:/home/sdc6/f1tenth_ws/install/vesc_ackermann:/home/sdc6/f1tenth_ws/install/vesc_msgs:/home/sdc6/f1tenth_ws/install/vesc:/home/sdc6/f1tenth_ws/install/teleop_tools:/home/sdc6/f1tenth_ws/install/teleop_tools_msgs:/home/sdc6/f1tenth_ws/install/ackermann_mux:/home/sdc6/f1tenth_ws/install/f1tenth_stack:/home/sdc6/f1tenth_ws/install/joy_teleop:/home/sdc6/f1tenth_ws/install/mouse_teleop:/home/sdc6/f1tenth_ws/install/key_teleop:/opt/ros/humble LD_LIBRARY_PATH=/home/sdc6/f1tenth_ws/install/vesc_driver/lib:/home/sdc6/f1tenth_ws/install/vesc_ackermann/lib:/home/sdc6/f1tenth_ws/install/vesc_msgs/lib:/home/sdc6/f1tenth_ws/install/teleop_tools_msgs/lib:/opt/ros/humble/opt/rviz_ogre_vendor/lib:/opt/ros/humble/lib/aarch64-linux-gnu:/opt/ros/humble/lib:/usr/local/cuda-12.6/lib64 /usr/bin/cmake --build /home/sdc6/f1tenth_ws/build/vesc -- -j6 -l6
[0.100s] Invoked command in '/home/sdc6/f1tenth_ws/build/vesc' returned '0': CMAKE_PREFIX_PATH=/home/sdc6/f1tenth_ws/install/vesc_driver:/home/sdc6/f1tenth_ws/install/vesc_ackermann:/home/sdc6/f1tenth_ws/install/vesc_msgs:/home/sdc6/f1tenth_ws/install/vesc:/home/sdc6/f1tenth_ws/install/teleop_tools:/home/sdc6/f1tenth_ws/install/teleop_tools_msgs:/home/sdc6/f1tenth_ws/install/ackermann_mux:/home/sdc6/f1tenth_ws/install/f1tenth_stack:/home/sdc6/f1tenth_ws/install/joy_teleop:/home/sdc6/f1tenth_ws/install/mouse_teleop:/home/sdc6/f1tenth_ws/install/key_teleop:/opt/ros/humble LD_LIBRARY_PATH=/home/sdc6/f1tenth_ws/install/vesc_driver/lib:/home/sdc6/f1tenth_ws/install/vesc_ackermann/lib:/home/sdc6/f1tenth_ws/install/vesc_msgs/lib:/home/sdc6/f1tenth_ws/install/teleop_tools_msgs/lib:/opt/ros/humble/opt/rviz_ogre_vendor/lib:/opt/ros/humble/lib/aarch64-linux-gnu:/opt/ros/humble/lib:/usr/local/cuda-12.6/lib64 /usr/bin/cmake --build /home/sdc6/f1tenth_ws/build/vesc -- -j6 -l6
[0.103s] Invoking command in '/home/sdc6/f1tenth_ws/build/vesc': CMAKE_PREFIX_PATH=/home/sdc6/f1tenth_ws/install/vesc_driver:/home/sdc6/f1tenth_ws/install/vesc_ackermann:/home/sdc6/f1tenth_ws/install/vesc_msgs:/home/sdc6/f1tenth_ws/install/vesc:/home/sdc6/f1tenth_ws/install/teleop_tools:/home/sdc6/f1tenth_ws/install/teleop_tools_msgs:/home/sdc6/f1tenth_ws/install/ackermann_mux:/home/sdc6/f1tenth_ws/install/f1tenth_stack:/home/sdc6/f1tenth_ws/install/joy_teleop:/home/sdc6/f1tenth_ws/install/mouse_teleop:/home/sdc6/f1tenth_ws/install/key_teleop:/opt/ros/humble LD_LIBRARY_PATH=/home/sdc6/f1tenth_ws/install/vesc_driver/lib:/home/sdc6/f1tenth_ws/install/vesc_ackermann/lib:/home/sdc6/f1tenth_ws/install/vesc_msgs/lib:/home/sdc6/f1tenth_ws/install/teleop_tools_msgs/lib:/opt/ros/humble/opt/rviz_ogre_vendor/lib:/opt/ros/humble/lib/aarch64-linux-gnu:/opt/ros/humble/lib:/usr/local/cuda-12.6/lib64 /usr/bin/cmake --install /home/sdc6/f1tenth_ws/build/vesc
[0.119s] -- Install configuration: ""
[0.119s] -- Up-to-date: /home/sdc6/f1tenth_ws/install/vesc/share/ament_index/resource_index/package_run_dependencies/vesc
[0.119s] -- Up-to-date: /home/sdc6/f1tenth_ws/install/vesc/share/ament_index/resource_index/parent_prefix_path/vesc
[0.119s] -- Up-to-date: /home/sdc6/f1tenth_ws/install/vesc/share/vesc/environment/ament_prefix_path.sh
[0.119s] -- Up-to-date: /home/sdc6/f1tenth_ws/install/vesc/share/vesc/environment/ament_prefix_path.dsv
[0.119s] -- Up-to-date: /home/sdc6/f1tenth_ws/install/vesc/share/vesc/environment/path.sh
[0.120s] -- Up-to-date: /home/sdc6/f1tenth_ws/install/vesc/share/vesc/environment/path.dsv
[0.120s] -- Up-to-date: /home/sdc6/f1tenth_ws/install/vesc/share/vesc/local_setup.bash
[0.120s] -- Up-to-date: /home/sdc6/f1tenth_ws/install/vesc/share/vesc/local_setup.sh
[0.120s] -- Up-to-date: /home/sdc6/f1tenth_ws/install/vesc/share/vesc/local_setup.zsh
[0.120s] -- Up-to-date: /home/sdc6/f1tenth_ws/install/vesc/share/vesc/local_setup.dsv
[0.120s] -- Installing: /home/sdc6/f1tenth_ws/install/vesc/share/vesc/package.dsv
[0.120s] -- Up-to-date: /home/sdc6/f1tenth_ws/install/vesc/share/ament_index/resource_index/packages/vesc
[0.120s] -- Up-to-date: /home/sdc6/f1tenth_ws/install/vesc/share/vesc/cmake/vescConfig.cmake
[0.121s] -- Up-to-date: /home/sdc6/f1tenth_ws/install/vesc/share/vesc/cmake/vescConfig-version.cmake
[0.121s] -- Up-to-date: /home/sdc6/f1tenth_ws/install/vesc/share/vesc/package.xml
[0.124s] Invoked command in '/home/sdc6/f1tenth_ws/build/vesc' returned '0': CMAKE_PREFIX_PATH=/home/sdc6/f1tenth_ws/install/vesc_driver:/home/sdc6/f1tenth_ws/install/vesc_ackermann:/home/sdc6/f1tenth_ws/install/vesc_msgs:/home/sdc6/f1tenth_ws/install/vesc:/home/sdc6/f1tenth_ws/install/teleop_tools:/home/sdc6/f1tenth_ws/install/teleop_tools_msgs:/home/sdc6/f1tenth_ws/install/ackermann_mux:/home/sdc6/f1tenth_ws/install/f1tenth_stack:/home/sdc6/f1tenth_ws/install/joy_teleop:/home/sdc6/f1tenth_ws/install/mouse_teleop:/home/sdc6/f1tenth_ws/install/key_teleop:/opt/ros/humble LD_LIBRARY_PATH=/home/sdc6/f1tenth_ws/install/vesc_driver/lib:/home/sdc6/f1tenth_ws/install/vesc_ackermann/lib:/home/sdc6/f1tenth_ws/install/vesc_msgs/lib:/home/sdc6/f1tenth_ws/install/teleop_tools_msgs/lib:/opt/ros/humble/opt/rviz_ogre_vendor/lib:/opt/ros/humble/lib/aarch64-linux-gnu:/opt/ros/humble/lib:/usr/local/cuda-12.6/lib64 /usr/bin/cmake --install /home/sdc6/f1tenth_ws/build/vesc
