[2.708s] Invoking command in '/home/sdc6/f1tenth_ws/src/f1tenth_mpc': PYTHONPATH=/home/sdc6/f1tenth_ws/build/kinematic_mpc/prefix_override:/usr/lib/python3/dist-packages/colcon_core/task/python/colcon_distutils_commands:/home/sdc6/f1tenth_ws/install/kinematic_mpc/lib/python3.10/site-packages:${PYTHONPATH} /usr/bin/python3 -W ignore:setup.py install is deprecated -W ignore:easy_install command is deprecated setup.py egg_info --egg-base ../../build/kinematic_mpc build --build-base /home/sdc6/f1tenth_ws/build/kinematic_mpc/build install --record /home/sdc6/f1tenth_ws/build/kinematic_mpc/install.log --install-scripts $base/lib/kinematic_mpc --single-version-externally-managed install_data
[3.207s] /usr/lib/python3/dist-packages/setuptools/dist.py:723: UserWarning: Usage of dash-separated 'script-dir' will not be supported in future versions. Please use the underscore name 'script_dir' instead
[3.208s]   warnings.warn(
[3.230s] running egg_info
[3.232s] writing ../../build/kinematic_mpc/kinematic_mpc.egg-info/PKG-INFO
[3.233s] writing dependency_links to ../../build/kinematic_mpc/kinematic_mpc.egg-info/dependency_links.txt
[3.233s] writing entry points to ../../build/kinematic_mpc/kinematic_mpc.egg-info/entry_points.txt
[3.233s] writing requirements to ../../build/kinematic_mpc/kinematic_mpc.egg-info/requires.txt
[3.234s] writing top-level names to ../../build/kinematic_mpc/kinematic_mpc.egg-info/top_level.txt
[3.239s] reading manifest file '../../build/kinematic_mpc/kinematic_mpc.egg-info/SOURCES.txt'
[3.240s] writing manifest file '../../build/kinematic_mpc/kinematic_mpc.egg-info/SOURCES.txt'
[3.241s] running build
[3.241s] running build_py
[3.242s] running install
[3.243s] running install_lib
[3.247s] running install_data
[3.247s] running install_egg_info
[3.251s] removing '/home/sdc6/f1tenth_ws/install/kinematic_mpc/lib/python3.10/site-packages/kinematic_mpc-0.0.0-py3.10.egg-info' (and everything under it)
[3.251s] Copying ../../build/kinematic_mpc/kinematic_mpc.egg-info to /home/sdc6/f1tenth_ws/install/kinematic_mpc/lib/python3.10/site-packages/kinematic_mpc-0.0.0-py3.10.egg-info
[3.254s] running install_scripts
[3.302s] writing list of installed files to '/home/sdc6/f1tenth_ws/build/kinematic_mpc/install.log'
