[1.212s] Invoking command in '/home/sdc6/f1tenth_ws/src/f1tenth_system/f1tenth_stack': AMENT_PREFIX_PATH=/home/sdc6/f1tenth_ws/install/joy_teleop:/home/sdc6/f1tenth_ws/install/f1tenth_stack:/home/sdc6/f1tenth_ws/install/vesc:/home/sdc6/f1tenth_ws/install/vesc_driver:/home/sdc6/f1tenth_ws/install/vesc_ackermann:/home/sdc6/f1tenth_ws/install/vesc_msgs:/home/sdc6/f1tenth_ws/install/teleop_tools:/home/sdc6/f1tenth_ws/install/teleop_tools_msgs:/home/sdc6/f1tenth_ws/install/mouse_teleop:/home/sdc6/f1tenth_ws/install/key_teleop:/home/sdc6/f1tenth_ws/install/ackermann_mux:/opt/ros/humble CMAKE_PREFIX_PATH=/home/sdc6/f1tenth_ws/install/vesc:/home/sdc6/f1tenth_ws/install/vesc_driver:/home/sdc6/f1tenth_ws/install/vesc_ackermann:/home/sdc6/f1tenth_ws/install/vesc_msgs:/home/sdc6/f1tenth_ws/install/teleop_tools_msgs:/home/sdc6/f1tenth_ws/install/ackermann_mux:/home/sdc6/f1tenth_ws/install/teleop_tools LD_LIBRARY_PATH=/home/sdc6/f1tenth_ws/install/vesc_driver/lib:/home/sdc6/f1tenth_ws/install/vesc_ackermann/lib:/home/sdc6/f1tenth_ws/install/vesc_msgs/lib:/home/sdc6/f1tenth_ws/install/teleop_tools_msgs/lib:/opt/ros/humble/opt/rviz_ogre_vendor/lib:/opt/ros/humble/lib/aarch64-linux-gnu:/opt/ros/humble/lib:/usr/local/cuda-12.6/lib64 PYTHONPATH=/home/sdc6/f1tenth_ws/build/f1tenth_stack/prefix_override:/usr/lib/python3/dist-packages/colcon_core/task/python/colcon_distutils_commands:/home/sdc6/f1tenth_ws/install/f1tenth_stack/lib/python3.10/site-packages:/home/sdc6/f1tenth_ws/install/joy_teleop/lib/python3.10/site-packages:/home/sdc6/f1tenth_ws/install/f1tenth_stack/lib/python3.10/site-packages:/home/sdc6/f1tenth_ws/install/vesc_msgs/local/lib/python3.10/dist-packages:/home/sdc6/f1tenth_ws/install/teleop_tools_msgs/local/lib/python3.10/dist-packages:/home/sdc6/f1tenth_ws/install/mouse_teleop/lib/python3.10/site-packages:/home/sdc6/f1tenth_ws/install/key_teleop/lib/python3.10/site-packages:/opt/ros/humble/lib/python3.10/site-packages:/opt/ros/humble/local/lib/python3.10/dist-packages /usr/bin/python3 -W ignore:setup.py install is deprecated -W ignore:easy_install command is deprecated setup.py egg_info --egg-base ../../../build/f1tenth_stack build --build-base /home/sdc6/f1tenth_ws/build/f1tenth_stack/build install --record /home/sdc6/f1tenth_ws/build/f1tenth_stack/install.log --single-version-externally-managed install_data
[1.666s] running egg_info
[1.667s] writing ../../../build/f1tenth_stack/f1tenth_stack.egg-info/PKG-INFO
[1.668s] writing dependency_links to ../../../build/f1tenth_stack/f1tenth_stack.egg-info/dependency_links.txt
[1.668s] writing entry points to ../../../build/f1tenth_stack/f1tenth_stack.egg-info/entry_points.txt
[1.668s] writing requirements to ../../../build/f1tenth_stack/f1tenth_stack.egg-info/requires.txt
[1.669s] writing top-level names to ../../../build/f1tenth_stack/f1tenth_stack.egg-info/top_level.txt
[1.672s] reading manifest file '../../../build/f1tenth_stack/f1tenth_stack.egg-info/SOURCES.txt'
[1.673s] writing manifest file '../../../build/f1tenth_stack/f1tenth_stack.egg-info/SOURCES.txt'
[1.673s] running build
[1.674s] running build_py
[1.674s] running install
[1.674s] running install_lib
[1.679s] running install_data
[1.679s] copying config/vesc.yaml -> /home/sdc6/f1tenth_ws/install/f1tenth_stack/share/f1tenth_stack/config
[1.680s] running install_egg_info
[1.683s] removing '/home/sdc6/f1tenth_ws/install/f1tenth_stack/lib/python3.10/site-packages/f1tenth_stack-0.0.1-py3.10.egg-info' (and everything under it)
[1.683s] Copying ../../../build/f1tenth_stack/f1tenth_stack.egg-info to /home/sdc6/f1tenth_ws/install/f1tenth_stack/lib/python3.10/site-packages/f1tenth_stack-0.0.1-py3.10.egg-info
[1.685s] running install_scripts
[1.722s] Installing throttle_interpolator script to /home/sdc6/f1tenth_ws/install/f1tenth_stack/lib/f1tenth_stack
[1.723s] writing list of installed files to '/home/sdc6/f1tenth_ws/build/f1tenth_stack/install.log'
[1.791s] Invoked command in '/home/sdc6/f1tenth_ws/src/f1tenth_system/f1tenth_stack' returned '0': AMENT_PREFIX_PATH=/home/sdc6/f1tenth_ws/install/joy_teleop:/home/sdc6/f1tenth_ws/install/f1tenth_stack:/home/sdc6/f1tenth_ws/install/vesc:/home/sdc6/f1tenth_ws/install/vesc_driver:/home/sdc6/f1tenth_ws/install/vesc_ackermann:/home/sdc6/f1tenth_ws/install/vesc_msgs:/home/sdc6/f1tenth_ws/install/teleop_tools:/home/sdc6/f1tenth_ws/install/teleop_tools_msgs:/home/sdc6/f1tenth_ws/install/mouse_teleop:/home/sdc6/f1tenth_ws/install/key_teleop:/home/sdc6/f1tenth_ws/install/ackermann_mux:/opt/ros/humble CMAKE_PREFIX_PATH=/home/sdc6/f1tenth_ws/install/vesc:/home/sdc6/f1tenth_ws/install/vesc_driver:/home/sdc6/f1tenth_ws/install/vesc_ackermann:/home/sdc6/f1tenth_ws/install/vesc_msgs:/home/sdc6/f1tenth_ws/install/teleop_tools_msgs:/home/sdc6/f1tenth_ws/install/ackermann_mux:/home/sdc6/f1tenth_ws/install/teleop_tools LD_LIBRARY_PATH=/home/sdc6/f1tenth_ws/install/vesc_driver/lib:/home/sdc6/f1tenth_ws/install/vesc_ackermann/lib:/home/sdc6/f1tenth_ws/install/vesc_msgs/lib:/home/sdc6/f1tenth_ws/install/teleop_tools_msgs/lib:/opt/ros/humble/opt/rviz_ogre_vendor/lib:/opt/ros/humble/lib/aarch64-linux-gnu:/opt/ros/humble/lib:/usr/local/cuda-12.6/lib64 PYTHONPATH=/home/sdc6/f1tenth_ws/build/f1tenth_stack/prefix_override:/usr/lib/python3/dist-packages/colcon_core/task/python/colcon_distutils_commands:/home/sdc6/f1tenth_ws/install/f1tenth_stack/lib/python3.10/site-packages:/home/sdc6/f1tenth_ws/install/joy_teleop/lib/python3.10/site-packages:/home/sdc6/f1tenth_ws/install/f1tenth_stack/lib/python3.10/site-packages:/home/sdc6/f1tenth_ws/install/vesc_msgs/local/lib/python3.10/dist-packages:/home/sdc6/f1tenth_ws/install/teleop_tools_msgs/local/lib/python3.10/dist-packages:/home/sdc6/f1tenth_ws/install/mouse_teleop/lib/python3.10/site-packages:/home/sdc6/f1tenth_ws/install/key_teleop/lib/python3.10/site-packages:/opt/ros/humble/lib/python3.10/site-packages:/opt/ros/humble/local/lib/python3.10/dist-packages /usr/bin/python3 -W ignore:setup.py install is deprecated -W ignore:easy_install command is deprecated setup.py egg_info --egg-base ../../../build/f1tenth_stack build --build-base /home/sdc6/f1tenth_ws/build/f1tenth_stack/build install --record /home/sdc6/f1tenth_ws/build/f1tenth_stack/install.log --single-version-externally-managed install_data
