[0.043s] Invoking command in '/home/sdc6/f1tenth_ws/build/ackermann_mux': CMAKE_PREFIX_PATH=${CMAKE_PREFIX_PATH}:/home/sdc6/f1tenth_ws/install/f1tenth_stack:/home/sdc6/f1tenth_ws/install/joy_teleop:/home/sdc6/f1tenth_ws/install/mouse_teleop:/home/sdc6/f1tenth_ws/install/key_teleop:/opt/ros/humble /usr/bin/cmake --build /home/sdc6/f1tenth_ws/build/ackermann_mux -- -j6 -l6
[0.597s] [100%] Built target ackermann_mux
[1.107s] Invoked command in '/home/sdc6/f1tenth_ws/build/ackermann_mux' returned '0': CMAKE_PREFIX_PATH=${CMAKE_PREFIX_PATH}:/home/sdc6/f1tenth_ws/install/f1tenth_stack:/home/sdc6/f1tenth_ws/install/joy_teleop:/home/sdc6/f1tenth_ws/install/mouse_teleop:/home/sdc6/f1tenth_ws/install/key_teleop:/opt/ros/humble /usr/bin/cmake --build /home/sdc6/f1tenth_ws/build/ackermann_mux -- -j6 -l6
[1.130s] Invoking command in '/home/sdc6/f1tenth_ws/build/ackermann_mux': CMAKE_PREFIX_PATH=${CMAKE_PREFIX_PATH}:/home/sdc6/f1tenth_ws/install/f1tenth_stack:/home/sdc6/f1tenth_ws/install/joy_teleop:/home/sdc6/f1tenth_ws/install/mouse_teleop:/home/sdc6/f1tenth_ws/install/key_teleop:/opt/ros/humble /usr/bin/cmake --install /home/sdc6/f1tenth_ws/build/ackermann_mux
[1.147s] -- Install configuration: ""
[1.148s] -- Up-to-date: /home/sdc6/f1tenth_ws/install/ackermann_mux/lib/ackermann_mux/ackermann_mux
[1.148s] -- Up-to-date: /home/sdc6/f1tenth_ws/install/ackermann_mux/share/ackermann_mux/launch
[1.149s] -- Up-to-date: /home/sdc6/f1tenth_ws/install/ackermann_mux/share/ackermann_mux/launch/ackermann_mux_launch.py
[1.150s] -- Up-to-date: /home/sdc6/f1tenth_ws/install/ackermann_mux/share/ackermann_mux/config
[1.151s] -- Up-to-date: /home/sdc6/f1tenth_ws/install/ackermann_mux/share/ackermann_mux/config/ackermann_mux_topics.yaml
[1.151s] -- Up-to-date: /home/sdc6/f1tenth_ws/install/ackermann_mux/share/ackermann_mux/config/ackermann_mux_locks.yaml
[1.151s] -- Up-to-date: /home/sdc6/f1tenth_ws/install/ackermann_mux/share/ackermann_mux/config/joystick.yaml
[1.151s] -- Up-to-date: /home/sdc6/f1tenth_ws/install/ackermann_mux/include
[1.151s] -- Up-to-date: /home/sdc6/f1tenth_ws/install/ackermann_mux/include/ackermann_mux
[1.151s] -- Up-to-date: /home/sdc6/f1tenth_ws/install/ackermann_mux/include/ackermann_mux/ackermann_mux.hpp
[1.152s] -- Up-to-date: /home/sdc6/f1tenth_ws/install/ackermann_mux/include/ackermann_mux/topic_handle.hpp
[1.152s] -- Up-to-date: /home/sdc6/f1tenth_ws/install/ackermann_mux/include/ackermann_mux/ackermann_mux_diagnostics_status.hpp
[1.152s] -- Up-to-date: /home/sdc6/f1tenth_ws/install/ackermann_mux/include/ackermann_mux/utils.hpp
[1.153s] -- Up-to-date: /home/sdc6/f1tenth_ws/install/ackermann_mux/include/ackermann_mux/ackermann_mux_diagnostics.hpp
[1.154s] -- Up-to-date: /home/sdc6/f1tenth_ws/install/ackermann_mux/include/ackermann_mux/params_helpers.hpp
[1.155s] -- Up-to-date: /home/sdc6/f1tenth_ws/install/ackermann_mux/share/ament_index/resource_index/package_run_dependencies/ackermann_mux
[1.156s] -- Up-to-date: /home/sdc6/f1tenth_ws/install/ackermann_mux/share/ament_index/resource_index/parent_prefix_path/ackermann_mux
[1.156s] -- Up-to-date: /home/sdc6/f1tenth_ws/install/ackermann_mux/share/ackermann_mux/environment/ament_prefix_path.sh
[1.157s] -- Up-to-date: /home/sdc6/f1tenth_ws/install/ackermann_mux/share/ackermann_mux/environment/ament_prefix_path.dsv
[1.158s] -- Up-to-date: /home/sdc6/f1tenth_ws/install/ackermann_mux/share/ackermann_mux/environment/path.sh
[1.159s] -- Up-to-date: /home/sdc6/f1tenth_ws/install/ackermann_mux/share/ackermann_mux/environment/path.dsv
[1.160s] -- Up-to-date: /home/sdc6/f1tenth_ws/install/ackermann_mux/share/ackermann_mux/local_setup.bash
[1.160s] -- Up-to-date: /home/sdc6/f1tenth_ws/install/ackermann_mux/share/ackermann_mux/local_setup.sh
[1.161s] -- Up-to-date: /home/sdc6/f1tenth_ws/install/ackermann_mux/share/ackermann_mux/local_setup.zsh
[1.162s] -- Up-to-date: /home/sdc6/f1tenth_ws/install/ackermann_mux/share/ackermann_mux/local_setup.dsv
[1.162s] -- Installing: /home/sdc6/f1tenth_ws/install/ackermann_mux/share/ackermann_mux/package.dsv
[1.163s] -- Up-to-date: /home/sdc6/f1tenth_ws/install/ackermann_mux/share/ament_index/resource_index/packages/ackermann_mux
[1.164s] -- Up-to-date: /home/sdc6/f1tenth_ws/install/ackermann_mux/share/ackermann_mux/cmake/ament_cmake_export_include_directories-extras.cmake
[1.165s] -- Up-to-date: /home/sdc6/f1tenth_ws/install/ackermann_mux/share/ackermann_mux/cmake/ament_cmake_export_dependencies-extras.cmake
[1.166s] -- Up-to-date: /home/sdc6/f1tenth_ws/install/ackermann_mux/share/ackermann_mux/cmake/ackermann_muxConfig.cmake
[1.166s] -- Up-to-date: /home/sdc6/f1tenth_ws/install/ackermann_mux/share/ackermann_mux/cmake/ackermann_muxConfig-version.cmake
[1.166s] -- Up-to-date: /home/sdc6/f1tenth_ws/install/ackermann_mux/share/ackermann_mux/package.xml
[1.200s] Invoked command in '/home/sdc6/f1tenth_ws/build/ackermann_mux' returned '0': CMAKE_PREFIX_PATH=${CMAKE_PREFIX_PATH}:/home/sdc6/f1tenth_ws/install/f1tenth_stack:/home/sdc6/f1tenth_ws/install/joy_teleop:/home/sdc6/f1tenth_ws/install/mouse_teleop:/home/sdc6/f1tenth_ws/install/key_teleop:/opt/ros/humble /usr/bin/cmake --install /home/sdc6/f1tenth_ws/build/ackermann_mux
