[0.030s] Invoking command in '/home/sdc6/f1tenth_ws/build/vesc': AMENT_PREFIX_PATH=/home/sdc6/f1tenth_ws/install/vesc_driver:/home/sdc6/f1tenth_ws/install/vesc_ackermann:/home/sdc6/f1tenth_ws/install/vesc_msgs:${AMENT_PREFIX_PATH} CMAKE_PREFIX_PATH=/home/sdc6/f1tenth_ws/install/vesc_driver:/home/sdc6/f1tenth_ws/install/vesc_ackermann:/home/sdc6/f1tenth_ws/install/vesc_msgs:/opt/ros/humble LD_LIBRARY_PATH=/home/sdc6/f1tenth_ws/install/vesc_driver/lib:/home/sdc6/f1tenth_ws/install/vesc_ackermann/lib:/home/sdc6/f1tenth_ws/install/vesc_msgs/lib:/opt/ros/humble/opt/rviz_ogre_vendor/lib:/opt/ros/humble/lib/aarch64-linux-gnu:/opt/ros/humble/lib:/usr/local/cuda-12.6/lib64 PYTHONPATH=/home/sdc6/f1tenth_ws/install/vesc_msgs/local/lib/python3.10/dist-packages:${PYTHONPATH} /usr/bin/cmake /home/sdc6/f1tenth_ws/src/f1tenth_system/vesc/vesc -DCMAKE_INSTALL_PREFIX=/home/sdc6/f1tenth_ws/install/vesc
[0.131s] -- The C compiler identification is GNU 11.4.0
[0.239s] -- The CXX compiler identification is GNU 11.4.0
[0.260s] -- Detecting C compiler ABI info
[0.398s] -- Detecting C compiler ABI info - done
[0.422s] -- Check for working C compiler: /usr/bin/cc - skipped
[0.423s] -- Detecting C compile features
[0.424s] -- Detecting C compile features - done
[0.435s] -- Detecting CXX compiler ABI info
[0.593s] -- Detecting CXX compiler ABI info - done
[0.618s] -- Check for working CXX compiler: /usr/bin/c++ - skipped
[0.619s] -- Detecting CXX compile features
[0.621s] -- Detecting CXX compile features - done
[0.628s] -- Found ament_cmake_auto: 1.3.14 (/opt/ros/humble/share/ament_cmake_auto/cmake)
[0.937s] -- Found Python3: /usr/bin/python3 (found version "3.10.12") found components: Interpreter 
[1.263s] -- Configuring done
[1.271s] -- Generating done
[1.276s] -- Build files have been written to: /home/sdc6/f1tenth_ws/build/vesc
[1.289s] Invoked command in '/home/sdc6/f1tenth_ws/build/vesc' returned '0': AMENT_PREFIX_PATH=/home/sdc6/f1tenth_ws/install/vesc_driver:/home/sdc6/f1tenth_ws/install/vesc_ackermann:/home/sdc6/f1tenth_ws/install/vesc_msgs:${AMENT_PREFIX_PATH} CMAKE_PREFIX_PATH=/home/sdc6/f1tenth_ws/install/vesc_driver:/home/sdc6/f1tenth_ws/install/vesc_ackermann:/home/sdc6/f1tenth_ws/install/vesc_msgs:/opt/ros/humble LD_LIBRARY_PATH=/home/sdc6/f1tenth_ws/install/vesc_driver/lib:/home/sdc6/f1tenth_ws/install/vesc_ackermann/lib:/home/sdc6/f1tenth_ws/install/vesc_msgs/lib:/opt/ros/humble/opt/rviz_ogre_vendor/lib:/opt/ros/humble/lib/aarch64-linux-gnu:/opt/ros/humble/lib:/usr/local/cuda-12.6/lib64 PYTHONPATH=/home/sdc6/f1tenth_ws/install/vesc_msgs/local/lib/python3.10/dist-packages:${PYTHONPATH} /usr/bin/cmake /home/sdc6/f1tenth_ws/src/f1tenth_system/vesc/vesc -DCMAKE_INSTALL_PREFIX=/home/sdc6/f1tenth_ws/install/vesc
[1.292s] Invoking command in '/home/sdc6/f1tenth_ws/build/vesc': AMENT_PREFIX_PATH=/home/sdc6/f1tenth_ws/install/vesc_driver:/home/sdc6/f1tenth_ws/install/vesc_ackermann:/home/sdc6/f1tenth_ws/install/vesc_msgs:${AMENT_PREFIX_PATH} CMAKE_PREFIX_PATH=/home/sdc6/f1tenth_ws/install/vesc_driver:/home/sdc6/f1tenth_ws/install/vesc_ackermann:/home/sdc6/f1tenth_ws/install/vesc_msgs:/opt/ros/humble LD_LIBRARY_PATH=/home/sdc6/f1tenth_ws/install/vesc_driver/lib:/home/sdc6/f1tenth_ws/install/vesc_ackermann/lib:/home/sdc6/f1tenth_ws/install/vesc_msgs/lib:/opt/ros/humble/opt/rviz_ogre_vendor/lib:/opt/ros/humble/lib/aarch64-linux-gnu:/opt/ros/humble/lib:/usr/local/cuda-12.6/lib64 PYTHONPATH=/home/sdc6/f1tenth_ws/install/vesc_msgs/local/lib/python3.10/dist-packages:${PYTHONPATH} /usr/bin/cmake --build /home/sdc6/f1tenth_ws/build/vesc -- -j6 -l6
[1.366s] Invoked command in '/home/sdc6/f1tenth_ws/build/vesc' returned '0': AMENT_PREFIX_PATH=/home/sdc6/f1tenth_ws/install/vesc_driver:/home/sdc6/f1tenth_ws/install/vesc_ackermann:/home/sdc6/f1tenth_ws/install/vesc_msgs:${AMENT_PREFIX_PATH} CMAKE_PREFIX_PATH=/home/sdc6/f1tenth_ws/install/vesc_driver:/home/sdc6/f1tenth_ws/install/vesc_ackermann:/home/sdc6/f1tenth_ws/install/vesc_msgs:/opt/ros/humble LD_LIBRARY_PATH=/home/sdc6/f1tenth_ws/install/vesc_driver/lib:/home/sdc6/f1tenth_ws/install/vesc_ackermann/lib:/home/sdc6/f1tenth_ws/install/vesc_msgs/lib:/opt/ros/humble/opt/rviz_ogre_vendor/lib:/opt/ros/humble/lib/aarch64-linux-gnu:/opt/ros/humble/lib:/usr/local/cuda-12.6/lib64 PYTHONPATH=/home/sdc6/f1tenth_ws/install/vesc_msgs/local/lib/python3.10/dist-packages:${PYTHONPATH} /usr/bin/cmake --build /home/sdc6/f1tenth_ws/build/vesc -- -j6 -l6
[1.370s] Invoking command in '/home/sdc6/f1tenth_ws/build/vesc': AMENT_PREFIX_PATH=/home/sdc6/f1tenth_ws/install/vesc_driver:/home/sdc6/f1tenth_ws/install/vesc_ackermann:/home/sdc6/f1tenth_ws/install/vesc_msgs:${AMENT_PREFIX_PATH} CMAKE_PREFIX_PATH=/home/sdc6/f1tenth_ws/install/vesc_driver:/home/sdc6/f1tenth_ws/install/vesc_ackermann:/home/sdc6/f1tenth_ws/install/vesc_msgs:/opt/ros/humble LD_LIBRARY_PATH=/home/sdc6/f1tenth_ws/install/vesc_driver/lib:/home/sdc6/f1tenth_ws/install/vesc_ackermann/lib:/home/sdc6/f1tenth_ws/install/vesc_msgs/lib:/opt/ros/humble/opt/rviz_ogre_vendor/lib:/opt/ros/humble/lib/aarch64-linux-gnu:/opt/ros/humble/lib:/usr/local/cuda-12.6/lib64 PYTHONPATH=/home/sdc6/f1tenth_ws/install/vesc_msgs/local/lib/python3.10/dist-packages:${PYTHONPATH} /usr/bin/cmake --install /home/sdc6/f1tenth_ws/build/vesc
[1.386s] -- Install configuration: ""
[1.387s] -- Installing: /home/sdc6/f1tenth_ws/install/vesc/share/ament_index/resource_index/package_run_dependencies/vesc
[1.387s] -- Installing: /home/sdc6/f1tenth_ws/install/vesc/share/ament_index/resource_index/parent_prefix_path/vesc
[1.388s] -- Installing: /home/sdc6/f1tenth_ws/install/vesc/share/vesc/environment/ament_prefix_path.sh
[1.388s] -- Installing: /home/sdc6/f1tenth_ws/install/vesc/share/vesc/environment/ament_prefix_path.dsv
[1.388s] -- Installing: /home/sdc6/f1tenth_ws/install/vesc/share/vesc/environment/path.sh
[1.388s] -- Installing: /home/sdc6/f1tenth_ws/install/vesc/share/vesc/environment/path.dsv
[1.389s] -- Installing: /home/sdc6/f1tenth_ws/install/vesc/share/vesc/local_setup.bash
[1.389s] -- Installing: /home/sdc6/f1tenth_ws/install/vesc/share/vesc/local_setup.sh
[1.389s] -- Installing: /home/sdc6/f1tenth_ws/install/vesc/share/vesc/local_setup.zsh
[1.389s] -- Installing: /home/sdc6/f1tenth_ws/install/vesc/share/vesc/local_setup.dsv
[1.389s] -- Installing: /home/sdc6/f1tenth_ws/install/vesc/share/vesc/package.dsv
[1.390s] -- Installing: /home/sdc6/f1tenth_ws/install/vesc/share/ament_index/resource_index/packages/vesc
[1.390s] -- Installing: /home/sdc6/f1tenth_ws/install/vesc/share/vesc/cmake/vescConfig.cmake
[1.390s] -- Installing: /home/sdc6/f1tenth_ws/install/vesc/share/vesc/cmake/vescConfig-version.cmake
[1.391s] -- Installing: /home/sdc6/f1tenth_ws/install/vesc/share/vesc/package.xml
[1.396s] Invoked command in '/home/sdc6/f1tenth_ws/build/vesc' returned '0': AMENT_PREFIX_PATH=/home/sdc6/f1tenth_ws/install/vesc_driver:/home/sdc6/f1tenth_ws/install/vesc_ackermann:/home/sdc6/f1tenth_ws/install/vesc_msgs:${AMENT_PREFIX_PATH} CMAKE_PREFIX_PATH=/home/sdc6/f1tenth_ws/install/vesc_driver:/home/sdc6/f1tenth_ws/install/vesc_ackermann:/home/sdc6/f1tenth_ws/install/vesc_msgs:/opt/ros/humble LD_LIBRARY_PATH=/home/sdc6/f1tenth_ws/install/vesc_driver/lib:/home/sdc6/f1tenth_ws/install/vesc_ackermann/lib:/home/sdc6/f1tenth_ws/install/vesc_msgs/lib:/opt/ros/humble/opt/rviz_ogre_vendor/lib:/opt/ros/humble/lib/aarch64-linux-gnu:/opt/ros/humble/lib:/usr/local/cuda-12.6/lib64 PYTHONPATH=/home/sdc6/f1tenth_ws/install/vesc_msgs/local/lib/python3.10/dist-packages:${PYTHONPATH} /usr/bin/cmake --install /home/sdc6/f1tenth_ws/build/vesc
