[0.044s] Invoking command in '/home/sdc6/f1tenth_ws/build/vesc_msgs': CMAKE_PREFIX_PATH=/opt/ros/humble /usr/bin/cmake /home/sdc6/f1tenth_ws/src/f1tenth_system/vesc/vesc_msgs -DCMAKE_INSTALL_PREFIX=/home/sdc6/f1tenth_ws/install/vesc_msgs
[0.608s] -- The C compiler identification is GNU 11.4.0
[0.610s] -- The CXX compiler identification is GNU 11.4.0
[0.611s] -- Detecting C compiler ABI info
[0.611s] -- Detecting C compiler ABI info - done
[0.611s] -- Check for working C compiler: /usr/bin/cc - skipped
[0.611s] -- Detecting C compile features
[0.611s] -- Detecting C compile features - done
[0.611s] -- Detecting CXX compiler ABI info
[0.687s] -- Detecting CXX compiler ABI info - done
[0.702s] -- Check for working CXX compiler: /usr/bin/c++ - skipped
[0.702s] -- Detecting CXX compile features
[0.704s] -- Detecting CXX compile features - done
[0.709s] -- Found ament_cmake_auto: 1.3.14 (/opt/ros/humble/share/ament_cmake_auto/cmake)
[1.029s] -- Found Python3: /usr/bin/python3 (found version "3.10.12") found components: Interpreter 
[1.345s] -- Using all available rosidl_typesupport_c: rosidl_typesupport_fastrtps_c;rosidl_typesupport_introspection_c
[1.354s] -- Found rosidl_adapter: 3.1.8 (/opt/ros/humble/share/rosidl_adapter/cmake)
[1.415s] -- Using all available rosidl_typesupport_cpp: rosidl_typesupport_fastrtps_cpp;rosidl_typesupport_introspection_cpp
[2.012s] -- Found ament_cmake_ros: 0.10.0 (/opt/ros/humble/share/ament_cmake_ros/cmake)
[2.500s] -- Using all available rosidl_typesupport_c: rosidl_typesupport_fastrtps_c;rosidl_typesupport_introspection_c
[3.118s] -- Using all available rosidl_typesupport_cpp: rosidl_typesupport_fastrtps_cpp;rosidl_typesupport_introspection_cpp
[3.160s] -- Found PythonInterp: /usr/bin/python3 (found suitable version "3.10.12", minimum required is "3.6") 
[3.162s] -- Found python_cmake_module: 0.10.0 (/opt/ros/humble/share/python_cmake_module/cmake)
[3.210s] -- Found PythonLibs: /usr/lib/aarch64-linux-gnu/libpython3.10.so (found suitable version "3.10.12", minimum required is "3.5") 
[3.210s] -- Using PYTHON_EXECUTABLE: /usr/bin/python3
[3.211s] -- Using PYTHON_INCLUDE_DIRS: /usr/include/python3.10
[3.211s] -- Using PYTHON_LIBRARIES: /usr/lib/aarch64-linux-gnu/libpython3.10.so
[3.251s] -- Found PythonExtra: .so  
[3.532s] -- Found ament_lint_auto: 0.12.15 (/opt/ros/humble/share/ament_lint_auto/cmake)
[3.600s] -- Added test 'copyright' to check source files copyright and LICENSE
[3.604s] -- Added test 'lint_cmake' to check CMake code style
[3.608s] -- Added test 'xmllint' to check XML markup files
[3.615s] -- Configuring done
[3.697s] -- Generating done
[3.725s] -- Build files have been written to: /home/sdc6/f1tenth_ws/build/vesc_msgs
[3.757s] Invoked command in '/home/sdc6/f1tenth_ws/build/vesc_msgs' returned '0': CMAKE_PREFIX_PATH=/opt/ros/humble /usr/bin/cmake /home/sdc6/f1tenth_ws/src/f1tenth_system/vesc/vesc_msgs -DCMAKE_INSTALL_PREFIX=/home/sdc6/f1tenth_ws/install/vesc_msgs
[3.767s] Invoking command in '/home/sdc6/f1tenth_ws/build/vesc_msgs': CMAKE_PREFIX_PATH=/opt/ros/humble /usr/bin/cmake --build /home/sdc6/f1tenth_ws/build/vesc_msgs -- -j6 -l6
[3.986s] [  1%] [34m[1mGenerating C code for ROS interfaces[0m
[4.025s] [  3%] [34m[1mGenerating Rust code for ROS interfaces[0m
[4.069s] [  3%] Built target ament_cmake_python_copy_vesc_msgs
[4.079s] [  5%] [34m[1mGenerating C++ code for ROS interfaces[0m
[4.886s] running egg_info
[4.887s] creating vesc_msgs.egg-info
[4.888s] writing vesc_msgs.egg-info/PKG-INFO
[4.888s] writing dependency_links to vesc_msgs.egg-info/dependency_links.txt
[4.889s] writing top-level names to vesc_msgs.egg-info/top_level.txt
[4.889s] writing manifest file 'vesc_msgs.egg-info/SOURCES.txt'
[4.893s] reading manifest file 'vesc_msgs.egg-info/SOURCES.txt'
[4.894s] writing manifest file 'vesc_msgs.egg-info/SOURCES.txt'
[5.070s] [  5%] Built target ament_cmake_python_build_vesc_msgs_egg
[5.697s] [  5%] Built target vesc_msgs__rs
[6.012s] [  7%] [32mBuilding C object CMakeFiles/vesc_msgs__rosidl_generator_c.dir/rosidl_generator_c/vesc_msgs/msg/detail/vesc_state__functions.c.o[0m
[6.041s] [  8%] [32mBuilding C object CMakeFiles/vesc_msgs__rosidl_generator_c.dir/rosidl_generator_c/vesc_msgs/msg/detail/vesc_state_stamped__functions.c.o[0m
[6.057s] [ 10%] [32mBuilding C object CMakeFiles/vesc_msgs__rosidl_generator_c.dir/rosidl_generator_c/vesc_msgs/msg/detail/vesc_imu__functions.c.o[0m
[6.079s] [ 12%] [32mBuilding C object CMakeFiles/vesc_msgs__rosidl_generator_c.dir/rosidl_generator_c/vesc_msgs/msg/detail/vesc_imu_stamped__functions.c.o[0m
[6.127s] [ 12%] Built target vesc_msgs__cpp
[6.214s] [ 14%] [34m[1mGenerating C++ type support for eProsima Fast-RTPS[0m
[6.218s] [ 16%] [34m[1mGenerating C++ introspection for ROS interfaces[0m
[6.289s] [ 17%] [34m[1mGenerating C++ type support dispatch for ROS interfaces[0m
[6.413s] [ 19%] [32m[1mLinking C shared library libvesc_msgs__rosidl_generator_c.so[0m
[6.685s] [ 19%] Built target vesc_msgs__rosidl_generator_c
[6.773s] [ 21%] [34m[1mGenerating C type support for eProsima Fast-RTPS[0m
[6.787s] [ 23%] [34m[1mGenerating C introspection for ROS interfaces[0m
[6.797s] [ 25%] [34m[1mGenerating C type support dispatch for ROS interfaces[0m
[8.565s] [ 26%] [32mBuilding CXX object CMakeFiles/vesc_msgs__rosidl_typesupport_cpp.dir/rosidl_typesupport_cpp/vesc_msgs/msg/vesc_state__type_support.cpp.o[0m
[8.889s] [ 28%] [32mBuilding CXX object CMakeFiles/vesc_msgs__rosidl_typesupport_introspection_cpp.dir/rosidl_typesupport_introspection_cpp/vesc_msgs/msg/detail/vesc_state__type_support.cpp.o[0m
[8.989s] [ 30%] [32mBuilding CXX object CMakeFiles/vesc_msgs__rosidl_typesupport_fastrtps_cpp.dir/rosidl_typesupport_fastrtps_cpp/vesc_msgs/msg/detail/dds_fastrtps/vesc_state__type_support.cpp.o[0m
[9.040s] [ 32%] [32mBuilding CXX object CMakeFiles/vesc_msgs__rosidl_typesupport_c.dir/rosidl_typesupport_c/vesc_msgs/msg/vesc_state__type_support.cpp.o[0m
[9.172s] [ 33%] [32mBuilding CXX object CMakeFiles/vesc_msgs__rosidl_typesupport_c.dir/rosidl_typesupport_c/vesc_msgs/msg/vesc_state_stamped__type_support.cpp.o[0m
[9.348s] [ 35%] [32mBuilding CXX object CMakeFiles/vesc_msgs__rosidl_typesupport_c.dir/rosidl_typesupport_c/vesc_msgs/msg/vesc_imu__type_support.cpp.o[0m
[9.501s] [ 37%] [32mBuilding CXX object CMakeFiles/vesc_msgs__rosidl_typesupport_c.dir/rosidl_typesupport_c/vesc_msgs/msg/vesc_imu_stamped__type_support.cpp.o[0m
[9.579s] [ 39%] [32mBuilding CXX object CMakeFiles/vesc_msgs__rosidl_typesupport_fastrtps_c.dir/rosidl_typesupport_fastrtps_c/vesc_msgs/msg/detail/vesc_state__type_support_c.cpp.o[0m
[9.661s] [ 41%] [32mBuilding C object CMakeFiles/vesc_msgs__rosidl_typesupport_introspection_c.dir/rosidl_typesupport_introspection_c/vesc_msgs/msg/detail/vesc_state__type_support.c.o[0m
[9.667s] [ 42%] [32mBuilding CXX object CMakeFiles/vesc_msgs__rosidl_typesupport_cpp.dir/rosidl_typesupport_cpp/vesc_msgs/msg/vesc_state_stamped__type_support.cpp.o[0m
[9.696s] [ 44%] [32m[1mLinking CXX shared library libvesc_msgs__rosidl_typesupport_c.so[0m
[9.845s] [ 46%] [32mBuilding C object CMakeFiles/vesc_msgs__rosidl_typesupport_introspection_c.dir/rosidl_typesupport_introspection_c/vesc_msgs/msg/detail/vesc_state_stamped__type_support.c.o[0m
[9.918s] [ 46%] Built target vesc_msgs__rosidl_typesupport_c
[9.976s] [ 48%] [32mBuilding CXX object CMakeFiles/vesc_msgs__rosidl_typesupport_cpp.dir/rosidl_typesupport_cpp/vesc_msgs/msg/vesc_imu__type_support.cpp.o[0m
[10.049s] [ 50%] [32mBuilding C object CMakeFiles/vesc_msgs__rosidl_typesupport_introspection_c.dir/rosidl_typesupport_introspection_c/vesc_msgs/msg/detail/vesc_imu__type_support.c.o[0m
[10.217s] [ 51%] [32mBuilding C object CMakeFiles/vesc_msgs__rosidl_typesupport_introspection_c.dir/rosidl_typesupport_introspection_c/vesc_msgs/msg/detail/vesc_imu_stamped__type_support.c.o[0m
[10.361s] [ 53%] [32mBuilding CXX object CMakeFiles/vesc_msgs__rosidl_typesupport_introspection_cpp.dir/rosidl_typesupport_introspection_cpp/vesc_msgs/msg/detail/vesc_state_stamped__type_support.cpp.o[0m
[10.379s] [ 55%] [32mBuilding CXX object CMakeFiles/vesc_msgs__rosidl_typesupport_fastrtps_cpp.dir/rosidl_typesupport_fastrtps_cpp/vesc_msgs/msg/detail/dds_fastrtps/vesc_state_stamped__type_support.cpp.o[0m
[10.380s] [ 57%] [32m[1mLinking C shared library libvesc_msgs__rosidl_typesupport_introspection_c.so[0m
[10.552s] [ 57%] Built target vesc_msgs__rosidl_typesupport_introspection_c
[10.585s] [ 58%] [32mBuilding CXX object CMakeFiles/vesc_msgs__rosidl_typesupport_fastrtps_c.dir/rosidl_typesupport_fastrtps_c/vesc_msgs/msg/detail/vesc_state_stamped__type_support_c.cpp.o[0m
[10.612s] [ 60%] [32mBuilding CXX object CMakeFiles/vesc_msgs__rosidl_typesupport_fastrtps_c.dir/rosidl_typesupport_fastrtps_c/vesc_msgs/msg/detail/vesc_imu__type_support_c.cpp.o[0m
[10.681s] [ 62%] [32mBuilding CXX object CMakeFiles/vesc_msgs__rosidl_typesupport_cpp.dir/rosidl_typesupport_cpp/vesc_msgs/msg/vesc_imu_stamped__type_support.cpp.o[0m
[11.006s] [ 64%] [32mBuilding CXX object CMakeFiles/vesc_msgs__rosidl_typesupport_fastrtps_c.dir/rosidl_typesupport_fastrtps_c/vesc_msgs/msg/detail/vesc_imu_stamped__type_support_c.cpp.o[0m
[11.453s] [ 66%] [32mBuilding CXX object CMakeFiles/vesc_msgs__rosidl_typesupport_fastrtps_cpp.dir/rosidl_typesupport_fastrtps_cpp/vesc_msgs/msg/detail/dds_fastrtps/vesc_imu__type_support.cpp.o[0m
[11.697s] [ 67%] [32m[1mLinking CXX shared library libvesc_msgs__rosidl_typesupport_cpp.so[0m
[11.800s] [ 69%] [32mBuilding CXX object CMakeFiles/vesc_msgs__rosidl_typesupport_introspection_cpp.dir/rosidl_typesupport_introspection_cpp/vesc_msgs/msg/detail/vesc_imu__type_support.cpp.o[0m
[11.901s] [ 69%] Built target vesc_msgs__rosidl_typesupport_cpp
[11.961s] [ 71%] [32mBuilding CXX object CMakeFiles/vesc_msgs__rosidl_typesupport_fastrtps_cpp.dir/rosidl_typesupport_fastrtps_cpp/vesc_msgs/msg/detail/dds_fastrtps/vesc_imu_stamped__type_support.cpp.o[0m
[12.002s] [ 73%] [32mBuilding CXX object CMakeFiles/vesc_msgs__rosidl_typesupport_introspection_cpp.dir/rosidl_typesupport_introspection_cpp/vesc_msgs/msg/detail/vesc_imu_stamped__type_support.cpp.o[0m
[12.076s] [ 75%] [32m[1mLinking CXX shared library libvesc_msgs__rosidl_typesupport_fastrtps_c.so[0m
[12.421s] [ 75%] Built target vesc_msgs__rosidl_typesupport_fastrtps_c
[12.981s] [ 76%] [32m[1mLinking CXX shared library libvesc_msgs__rosidl_typesupport_introspection_cpp.so[0m
[12.990s] [ 78%] [32m[1mLinking CXX shared library libvesc_msgs__rosidl_typesupport_fastrtps_cpp.so[0m
[13.136s] [ 78%] Built target vesc_msgs__rosidl_typesupport_introspection_cpp
[13.156s] [ 78%] Built target vesc_msgs__rosidl_typesupport_fastrtps_cpp
[13.201s] [ 78%] Built target vesc_msgs
[13.257s] [ 80%] [34m[1mGenerating Python code for ROS interfaces[0m
[15.080s] [ 80%] Built target vesc_msgs__py
[15.123s] [ 82%] [32mBuilding C object CMakeFiles/vesc_msgs__rosidl_generator_py.dir/rosidl_generator_py/vesc_msgs/msg/_vesc_imu_stamped_s.c.o[0m
[15.124s] [ 83%] [32mBuilding C object CMakeFiles/vesc_msgs__rosidl_generator_py.dir/rosidl_generator_py/vesc_msgs/msg/_vesc_imu_s.c.o[0m
[15.130s] [ 85%] [32mBuilding C object CMakeFiles/vesc_msgs__rosidl_generator_py.dir/rosidl_generator_py/vesc_msgs/msg/_vesc_state_stamped_s.c.o[0m
[15.138s] [ 87%] [32mBuilding C object CMakeFiles/vesc_msgs__rosidl_generator_py.dir/rosidl_generator_py/vesc_msgs/msg/_vesc_state_s.c.o[0m
[15.393s] [ 89%] [32m[1mLinking C shared library rosidl_generator_py/vesc_msgs/libvesc_msgs__rosidl_generator_py.so[0m
[15.476s] [ 89%] Built target vesc_msgs__rosidl_generator_py
[15.517s] [ 91%] [32mBuilding C object CMakeFiles/vesc_msgs__rosidl_typesupport_c__pyext.dir/rosidl_generator_py/vesc_msgs/_vesc_msgs_s.ep.rosidl_typesupport_c.c.o[0m
[15.517s] [ 92%] [32mBuilding C object CMakeFiles/vesc_msgs__rosidl_typesupport_fastrtps_c__pyext.dir/rosidl_generator_py/vesc_msgs/_vesc_msgs_s.ep.rosidl_typesupport_fastrtps_c.c.o[0m
[15.523s] [ 94%] [32mBuilding C object CMakeFiles/vesc_msgs__rosidl_typesupport_introspection_c__pyext.dir/rosidl_generator_py/vesc_msgs/_vesc_msgs_s.ep.rosidl_typesupport_introspection_c.c.o[0m
[15.718s] [ 96%] [32m[1mLinking C shared library rosidl_generator_py/vesc_msgs/vesc_msgs_s__rosidl_typesupport_c.cpython-310-aarch64-linux-gnu.so[0m
[15.751s] [100%] [32m[1mLinking C shared library rosidl_generator_py/vesc_msgs/vesc_msgs_s__rosidl_typesupport_introspection_c.cpython-310-aarch64-linux-gnu.so[0m
[15.752s] [100%] [32m[1mLinking C shared library rosidl_generator_py/vesc_msgs/vesc_msgs_s__rosidl_typesupport_fastrtps_c.cpython-310-aarch64-linux-gnu.so[0m
[15.806s] [100%] Built target vesc_msgs__rosidl_typesupport_c__pyext
[15.840s] [100%] Built target vesc_msgs__rosidl_typesupport_fastrtps_c__pyext
[15.841s] [100%] Built target vesc_msgs__rosidl_typesupport_introspection_c__pyext
[15.888s] Invoked command in '/home/sdc6/f1tenth_ws/build/vesc_msgs' returned '0': CMAKE_PREFIX_PATH=/opt/ros/humble /usr/bin/cmake --build /home/sdc6/f1tenth_ws/build/vesc_msgs -- -j6 -l6
[15.890s] Invoking command in '/home/sdc6/f1tenth_ws/build/vesc_msgs': CMAKE_PREFIX_PATH=/opt/ros/humble /usr/bin/cmake --install /home/sdc6/f1tenth_ws/build/vesc_msgs
[15.908s] -- Install configuration: ""
[15.909s] -- Installing: /home/sdc6/f1tenth_ws/install/vesc_msgs/share/ament_index/resource_index/rosidl_interfaces/vesc_msgs
[15.909s] -- Installing: /home/sdc6/f1tenth_ws/install/vesc_msgs/include/vesc_msgs/vesc_msgs
[15.909s] -- Installing: /home/sdc6/f1tenth_ws/install/vesc_msgs/include/vesc_msgs/vesc_msgs/msg
[15.909s] -- Installing: /home/sdc6/f1tenth_ws/install/vesc_msgs/include/vesc_msgs/vesc_msgs/msg/vesc_state.h
[15.909s] -- Installing: /home/sdc6/f1tenth_ws/install/vesc_msgs/include/vesc_msgs/vesc_msgs/msg/rosidl_generator_c__visibility_control.h
[15.910s] -- Installing: /home/sdc6/f1tenth_ws/install/vesc_msgs/include/vesc_msgs/vesc_msgs/msg/vesc_imu.h
[15.910s] -- Installing: /home/sdc6/f1tenth_ws/install/vesc_msgs/include/vesc_msgs/vesc_msgs/msg/vesc_state_stamped.h
[15.910s] -- Installing: /home/sdc6/f1tenth_ws/install/vesc_msgs/include/vesc_msgs/vesc_msgs/msg/vesc_imu_stamped.h
[15.910s] -- Installing: /home/sdc6/f1tenth_ws/install/vesc_msgs/include/vesc_msgs/vesc_msgs/msg/detail
[15.910s] -- Installing: /home/sdc6/f1tenth_ws/install/vesc_msgs/include/vesc_msgs/vesc_msgs/msg/detail/vesc_state_stamped__functions.c
[15.911s] -- Installing: /home/sdc6/f1tenth_ws/install/vesc_msgs/include/vesc_msgs/vesc_msgs/msg/detail/vesc_imu_stamped__type_support.h
[15.911s] -- Installing: /home/sdc6/f1tenth_ws/install/vesc_msgs/include/vesc_msgs/vesc_msgs/msg/detail/vesc_state_stamped__type_support.h
[15.912s] -- Installing: /home/sdc6/f1tenth_ws/install/vesc_msgs/include/vesc_msgs/vesc_msgs/msg/detail/vesc_state_stamped__struct.h
[15.913s] -- Installing: /home/sdc6/f1tenth_ws/install/vesc_msgs/include/vesc_msgs/vesc_msgs/msg/detail/vesc_imu__type_support.h
[15.913s] -- Installing: /home/sdc6/f1tenth_ws/install/vesc_msgs/include/vesc_msgs/vesc_msgs/msg/detail/vesc_imu_stamped__functions.h
[15.914s] -- Installing: /home/sdc6/f1tenth_ws/install/vesc_msgs/include/vesc_msgs/vesc_msgs/msg/detail/vesc_imu__functions.c
[15.915s] -- Installing: /home/sdc6/f1tenth_ws/install/vesc_msgs/include/vesc_msgs/vesc_msgs/msg/detail/vesc_state__type_support.h
[15.915s] -- Installing: /home/sdc6/f1tenth_ws/install/vesc_msgs/include/vesc_msgs/vesc_msgs/msg/detail/vesc_imu_stamped__functions.c
[15.916s] -- Installing: /home/sdc6/f1tenth_ws/install/vesc_msgs/include/vesc_msgs/vesc_msgs/msg/detail/vesc_state__functions.c
[15.916s] -- Installing: /home/sdc6/f1tenth_ws/install/vesc_msgs/include/vesc_msgs/vesc_msgs/msg/detail/vesc_state__functions.h
[15.916s] -- Installing: /home/sdc6/f1tenth_ws/install/vesc_msgs/include/vesc_msgs/vesc_msgs/msg/detail/vesc_imu_stamped__struct.h
[15.916s] -- Installing: /home/sdc6/f1tenth_ws/install/vesc_msgs/include/vesc_msgs/vesc_msgs/msg/detail/vesc_imu__struct.h
[15.916s] -- Installing: /home/sdc6/f1tenth_ws/install/vesc_msgs/include/vesc_msgs/vesc_msgs/msg/detail/vesc_imu__functions.h
[15.916s] -- Installing: /home/sdc6/f1tenth_ws/install/vesc_msgs/include/vesc_msgs/vesc_msgs/msg/detail/vesc_state_stamped__functions.h
[15.917s] -- Installing: /home/sdc6/f1tenth_ws/install/vesc_msgs/include/vesc_msgs/vesc_msgs/msg/detail/vesc_state__struct.h
[15.917s] -- Installing: /home/sdc6/f1tenth_ws/install/vesc_msgs/share/vesc_msgs/environment/library_path.sh
[15.917s] -- Installing: /home/sdc6/f1tenth_ws/install/vesc_msgs/share/vesc_msgs/environment/library_path.dsv
[15.917s] -- Installing: /home/sdc6/f1tenth_ws/install/vesc_msgs/lib/libvesc_msgs__rosidl_generator_c.so
[15.917s] -- Set runtime path of "/home/sdc6/f1tenth_ws/install/vesc_msgs/lib/libvesc_msgs__rosidl_generator_c.so" to ""
[15.917s] -- Up-to-date: /home/sdc6/f1tenth_ws/install/vesc_msgs/include/vesc_msgs/vesc_msgs
[15.918s] -- Up-to-date: /home/sdc6/f1tenth_ws/install/vesc_msgs/include/vesc_msgs/vesc_msgs/msg
[15.918s] -- Up-to-date: /home/sdc6/f1tenth_ws/install/vesc_msgs/include/vesc_msgs/vesc_msgs/msg/detail
[15.918s] -- Installing: /home/sdc6/f1tenth_ws/install/vesc_msgs/include/vesc_msgs/vesc_msgs/msg/detail/vesc_state__rosidl_typesupport_fastrtps_c.h
[15.918s] -- Installing: /home/sdc6/f1tenth_ws/install/vesc_msgs/include/vesc_msgs/vesc_msgs/msg/detail/vesc_state_stamped__rosidl_typesupport_fastrtps_c.h
[15.918s] -- Installing: /home/sdc6/f1tenth_ws/install/vesc_msgs/include/vesc_msgs/vesc_msgs/msg/detail/vesc_imu__rosidl_typesupport_fastrtps_c.h
[15.918s] -- Installing: /home/sdc6/f1tenth_ws/install/vesc_msgs/include/vesc_msgs/vesc_msgs/msg/detail/vesc_imu_stamped__rosidl_typesupport_fastrtps_c.h
[15.919s] -- Installing: /home/sdc6/f1tenth_ws/install/vesc_msgs/include/vesc_msgs/vesc_msgs/msg/rosidl_typesupport_fastrtps_c__visibility_control.h
[15.919s] -- Installing: /home/sdc6/f1tenth_ws/install/vesc_msgs/lib/libvesc_msgs__rosidl_typesupport_fastrtps_c.so
[15.919s] -- Set runtime path of "/home/sdc6/f1tenth_ws/install/vesc_msgs/lib/libvesc_msgs__rosidl_typesupport_fastrtps_c.so" to ""
[15.919s] -- Up-to-date: /home/sdc6/f1tenth_ws/install/vesc_msgs/include/vesc_msgs/vesc_msgs
[15.919s] -- Up-to-date: /home/sdc6/f1tenth_ws/install/vesc_msgs/include/vesc_msgs/vesc_msgs/msg
[15.919s] -- Up-to-date: /home/sdc6/f1tenth_ws/install/vesc_msgs/include/vesc_msgs/vesc_msgs/msg/detail
[15.920s] -- Installing: /home/sdc6/f1tenth_ws/install/vesc_msgs/include/vesc_msgs/vesc_msgs/msg/detail/vesc_imu__rosidl_typesupport_introspection_c.h
[15.920s] -- Installing: /home/sdc6/f1tenth_ws/install/vesc_msgs/include/vesc_msgs/vesc_msgs/msg/detail/vesc_imu__type_support.c
[15.920s] -- Installing: /home/sdc6/f1tenth_ws/install/vesc_msgs/include/vesc_msgs/vesc_msgs/msg/detail/vesc_state_stamped__type_support.c
[15.920s] -- Installing: /home/sdc6/f1tenth_ws/install/vesc_msgs/include/vesc_msgs/vesc_msgs/msg/detail/vesc_imu_stamped__rosidl_typesupport_introspection_c.h
[15.920s] -- Installing: /home/sdc6/f1tenth_ws/install/vesc_msgs/include/vesc_msgs/vesc_msgs/msg/detail/vesc_state__rosidl_typesupport_introspection_c.h
[15.920s] -- Installing: /home/sdc6/f1tenth_ws/install/vesc_msgs/include/vesc_msgs/vesc_msgs/msg/detail/vesc_state_stamped__rosidl_typesupport_introspection_c.h
[15.920s] -- Installing: /home/sdc6/f1tenth_ws/install/vesc_msgs/include/vesc_msgs/vesc_msgs/msg/detail/vesc_state__type_support.c
[15.921s] -- Installing: /home/sdc6/f1tenth_ws/install/vesc_msgs/include/vesc_msgs/vesc_msgs/msg/detail/vesc_imu_stamped__type_support.c
[15.921s] -- Installing: /home/sdc6/f1tenth_ws/install/vesc_msgs/include/vesc_msgs/vesc_msgs/msg/rosidl_typesupport_introspection_c__visibility_control.h
[15.921s] -- Installing: /home/sdc6/f1tenth_ws/install/vesc_msgs/lib/libvesc_msgs__rosidl_typesupport_introspection_c.so
[15.922s] -- Set runtime path of "/home/sdc6/f1tenth_ws/install/vesc_msgs/lib/libvesc_msgs__rosidl_typesupport_introspection_c.so" to ""
[15.922s] -- Installing: /home/sdc6/f1tenth_ws/install/vesc_msgs/lib/libvesc_msgs__rosidl_typesupport_c.so
[15.922s] -- Set runtime path of "/home/sdc6/f1tenth_ws/install/vesc_msgs/lib/libvesc_msgs__rosidl_typesupport_c.so" to ""
[15.922s] -- Up-to-date: /home/sdc6/f1tenth_ws/install/vesc_msgs/include/vesc_msgs/vesc_msgs
[15.922s] -- Up-to-date: /home/sdc6/f1tenth_ws/install/vesc_msgs/include/vesc_msgs/vesc_msgs/msg
[15.922s] -- Installing: /home/sdc6/f1tenth_ws/install/vesc_msgs/include/vesc_msgs/vesc_msgs/msg/vesc_imu.hpp
[15.923s] -- Installing: /home/sdc6/f1tenth_ws/install/vesc_msgs/include/vesc_msgs/vesc_msgs/msg/vesc_state_stamped.hpp
[15.923s] -- Installing: /home/sdc6/f1tenth_ws/install/vesc_msgs/include/vesc_msgs/vesc_msgs/msg/vesc_imu_stamped.hpp
[15.923s] -- Installing: /home/sdc6/f1tenth_ws/install/vesc_msgs/include/vesc_msgs/vesc_msgs/msg/rosidl_generator_cpp__visibility_control.hpp
[15.923s] -- Up-to-date: /home/sdc6/f1tenth_ws/install/vesc_msgs/include/vesc_msgs/vesc_msgs/msg/detail
[15.923s] -- Installing: /home/sdc6/f1tenth_ws/install/vesc_msgs/include/vesc_msgs/vesc_msgs/msg/detail/vesc_imu__traits.hpp
[15.923s] -- Installing: /home/sdc6/f1tenth_ws/install/vesc_msgs/include/vesc_msgs/vesc_msgs/msg/detail/vesc_state__traits.hpp
[15.924s] -- Installing: /home/sdc6/f1tenth_ws/install/vesc_msgs/include/vesc_msgs/vesc_msgs/msg/detail/vesc_state__type_support.hpp
[15.924s] -- Installing: /home/sdc6/f1tenth_ws/install/vesc_msgs/include/vesc_msgs/vesc_msgs/msg/detail/vesc_imu_stamped__traits.hpp
[15.924s] -- Installing: /home/sdc6/f1tenth_ws/install/vesc_msgs/include/vesc_msgs/vesc_msgs/msg/detail/vesc_imu__type_support.hpp
[15.924s] -- Installing: /home/sdc6/f1tenth_ws/install/vesc_msgs/include/vesc_msgs/vesc_msgs/msg/detail/vesc_imu_stamped__type_support.hpp
[15.924s] -- Installing: /home/sdc6/f1tenth_ws/install/vesc_msgs/include/vesc_msgs/vesc_msgs/msg/detail/vesc_imu_stamped__struct.hpp
[15.924s] -- Installing: /home/sdc6/f1tenth_ws/install/vesc_msgs/include/vesc_msgs/vesc_msgs/msg/detail/vesc_state_stamped__type_support.hpp
[15.924s] -- Installing: /home/sdc6/f1tenth_ws/install/vesc_msgs/include/vesc_msgs/vesc_msgs/msg/detail/vesc_state_stamped__builder.hpp
[15.925s] -- Installing: /home/sdc6/f1tenth_ws/install/vesc_msgs/include/vesc_msgs/vesc_msgs/msg/detail/vesc_state__builder.hpp
[15.925s] -- Installing: /home/sdc6/f1tenth_ws/install/vesc_msgs/include/vesc_msgs/vesc_msgs/msg/detail/vesc_imu__struct.hpp
[15.925s] -- Installing: /home/sdc6/f1tenth_ws/install/vesc_msgs/include/vesc_msgs/vesc_msgs/msg/detail/vesc_state_stamped__struct.hpp
[15.925s] -- Installing: /home/sdc6/f1tenth_ws/install/vesc_msgs/include/vesc_msgs/vesc_msgs/msg/detail/vesc_state_stamped__traits.hpp
[15.925s] -- Installing: /home/sdc6/f1tenth_ws/install/vesc_msgs/include/vesc_msgs/vesc_msgs/msg/detail/vesc_state__struct.hpp
[15.925s] -- Installing: /home/sdc6/f1tenth_ws/install/vesc_msgs/include/vesc_msgs/vesc_msgs/msg/detail/vesc_imu_stamped__builder.hpp
[15.926s] -- Installing: /home/sdc6/f1tenth_ws/install/vesc_msgs/include/vesc_msgs/vesc_msgs/msg/detail/vesc_imu__builder.hpp
[15.926s] -- Installing: /home/sdc6/f1tenth_ws/install/vesc_msgs/include/vesc_msgs/vesc_msgs/msg/vesc_state.hpp
[15.926s] -- Up-to-date: /home/sdc6/f1tenth_ws/install/vesc_msgs/include/vesc_msgs/vesc_msgs
[15.926s] -- Up-to-date: /home/sdc6/f1tenth_ws/install/vesc_msgs/include/vesc_msgs/vesc_msgs/msg
[15.926s] -- Installing: /home/sdc6/f1tenth_ws/install/vesc_msgs/include/vesc_msgs/vesc_msgs/msg/rosidl_typesupport_fastrtps_cpp__visibility_control.h
[15.926s] -- Up-to-date: /home/sdc6/f1tenth_ws/install/vesc_msgs/include/vesc_msgs/vesc_msgs/msg/detail
[15.927s] -- Installing: /home/sdc6/f1tenth_ws/install/vesc_msgs/include/vesc_msgs/vesc_msgs/msg/detail/vesc_state__rosidl_typesupport_fastrtps_cpp.hpp
[15.927s] -- Installing: /home/sdc6/f1tenth_ws/install/vesc_msgs/include/vesc_msgs/vesc_msgs/msg/detail/vesc_imu_stamped__rosidl_typesupport_fastrtps_cpp.hpp
[15.927s] -- Installing: /home/sdc6/f1tenth_ws/install/vesc_msgs/include/vesc_msgs/vesc_msgs/msg/detail/vesc_state_stamped__rosidl_typesupport_fastrtps_cpp.hpp
[15.927s] -- Installing: /home/sdc6/f1tenth_ws/install/vesc_msgs/include/vesc_msgs/vesc_msgs/msg/detail/dds_fastrtps
[15.927s] -- Installing: /home/sdc6/f1tenth_ws/install/vesc_msgs/include/vesc_msgs/vesc_msgs/msg/detail/vesc_imu__rosidl_typesupport_fastrtps_cpp.hpp
[15.927s] -- Installing: /home/sdc6/f1tenth_ws/install/vesc_msgs/lib/libvesc_msgs__rosidl_typesupport_fastrtps_cpp.so
[15.928s] -- Set runtime path of "/home/sdc6/f1tenth_ws/install/vesc_msgs/lib/libvesc_msgs__rosidl_typesupport_fastrtps_cpp.so" to ""
[15.928s] -- Up-to-date: /home/sdc6/f1tenth_ws/install/vesc_msgs/include/vesc_msgs/vesc_msgs
[15.928s] -- Up-to-date: /home/sdc6/f1tenth_ws/install/vesc_msgs/include/vesc_msgs/vesc_msgs/msg
[15.928s] -- Up-to-date: /home/sdc6/f1tenth_ws/install/vesc_msgs/include/vesc_msgs/vesc_msgs/msg/detail
[15.928s] -- Installing: /home/sdc6/f1tenth_ws/install/vesc_msgs/include/vesc_msgs/vesc_msgs/msg/detail/vesc_imu__type_support.cpp
[15.929s] -- Installing: /home/sdc6/f1tenth_ws/install/vesc_msgs/include/vesc_msgs/vesc_msgs/msg/detail/vesc_state_stamped__type_support.cpp
[15.929s] -- Installing: /home/sdc6/f1tenth_ws/install/vesc_msgs/include/vesc_msgs/vesc_msgs/msg/detail/vesc_imu__rosidl_typesupport_introspection_cpp.hpp
[15.929s] -- Installing: /home/sdc6/f1tenth_ws/install/vesc_msgs/include/vesc_msgs/vesc_msgs/msg/detail/vesc_imu_stamped__type_support.cpp
[15.929s] -- Installing: /home/sdc6/f1tenth_ws/install/vesc_msgs/include/vesc_msgs/vesc_msgs/msg/detail/vesc_imu_stamped__rosidl_typesupport_introspection_cpp.hpp
[15.929s] -- Installing: /home/sdc6/f1tenth_ws/install/vesc_msgs/include/vesc_msgs/vesc_msgs/msg/detail/vesc_state__type_support.cpp
[15.930s] -- Installing: /home/sdc6/f1tenth_ws/install/vesc_msgs/include/vesc_msgs/vesc_msgs/msg/detail/vesc_state_stamped__rosidl_typesupport_introspection_cpp.hpp
[15.930s] -- Installing: /home/sdc6/f1tenth_ws/install/vesc_msgs/include/vesc_msgs/vesc_msgs/msg/detail/vesc_state__rosidl_typesupport_introspection_cpp.hpp
[15.930s] -- Installing: /home/sdc6/f1tenth_ws/install/vesc_msgs/lib/libvesc_msgs__rosidl_typesupport_introspection_cpp.so
[15.931s] -- Set runtime path of "/home/sdc6/f1tenth_ws/install/vesc_msgs/lib/libvesc_msgs__rosidl_typesupport_introspection_cpp.so" to ""
[15.931s] -- Installing: /home/sdc6/f1tenth_ws/install/vesc_msgs/lib/libvesc_msgs__rosidl_typesupport_cpp.so
[15.931s] -- Set runtime path of "/home/sdc6/f1tenth_ws/install/vesc_msgs/lib/libvesc_msgs__rosidl_typesupport_cpp.so" to ""
[15.932s] -- Installing: /home/sdc6/f1tenth_ws/install/vesc_msgs/share/vesc_msgs/environment/pythonpath.sh
[15.932s] -- Installing: /home/sdc6/f1tenth_ws/install/vesc_msgs/share/vesc_msgs/environment/pythonpath.dsv
[15.932s] -- Installing: /home/sdc6/f1tenth_ws/install/vesc_msgs/local/lib/python3.10/dist-packages/vesc_msgs-1.1.0-py3.10.egg-info
[15.932s] -- Installing: /home/sdc6/f1tenth_ws/install/vesc_msgs/local/lib/python3.10/dist-packages/vesc_msgs-1.1.0-py3.10.egg-info/SOURCES.txt
[15.932s] -- Installing: /home/sdc6/f1tenth_ws/install/vesc_msgs/local/lib/python3.10/dist-packages/vesc_msgs-1.1.0-py3.10.egg-info/dependency_links.txt
[15.933s] -- Installing: /home/sdc6/f1tenth_ws/install/vesc_msgs/local/lib/python3.10/dist-packages/vesc_msgs-1.1.0-py3.10.egg-info/top_level.txt
[15.933s] -- Installing: /home/sdc6/f1tenth_ws/install/vesc_msgs/local/lib/python3.10/dist-packages/vesc_msgs-1.1.0-py3.10.egg-info/PKG-INFO
[15.933s] -- Installing: /home/sdc6/f1tenth_ws/install/vesc_msgs/local/lib/python3.10/dist-packages/vesc_msgs
[15.933s] -- Installing: /home/sdc6/f1tenth_ws/install/vesc_msgs/local/lib/python3.10/dist-packages/vesc_msgs/msg
[15.933s] -- Installing: /home/sdc6/f1tenth_ws/install/vesc_msgs/local/lib/python3.10/dist-packages/vesc_msgs/msg/_vesc_state_s.c
[15.933s] -- Installing: /home/sdc6/f1tenth_ws/install/vesc_msgs/local/lib/python3.10/dist-packages/vesc_msgs/msg/_vesc_imu_stamped.py
[15.934s] -- Installing: /home/sdc6/f1tenth_ws/install/vesc_msgs/local/lib/python3.10/dist-packages/vesc_msgs/msg/_vesc_state.py
[15.934s] -- Installing: /home/sdc6/f1tenth_ws/install/vesc_msgs/local/lib/python3.10/dist-packages/vesc_msgs/msg/_vesc_imu_s.c
[15.934s] -- Installing: /home/sdc6/f1tenth_ws/install/vesc_msgs/local/lib/python3.10/dist-packages/vesc_msgs/msg/__init__.py
[15.935s] -- Installing: /home/sdc6/f1tenth_ws/install/vesc_msgs/local/lib/python3.10/dist-packages/vesc_msgs/msg/_vesc_imu_stamped_s.c
[15.935s] -- Installing: /home/sdc6/f1tenth_ws/install/vesc_msgs/local/lib/python3.10/dist-packages/vesc_msgs/msg/_vesc_state_stamped.py
[15.935s] -- Installing: /home/sdc6/f1tenth_ws/install/vesc_msgs/local/lib/python3.10/dist-packages/vesc_msgs/msg/_vesc_imu.py
[15.935s] -- Installing: /home/sdc6/f1tenth_ws/install/vesc_msgs/local/lib/python3.10/dist-packages/vesc_msgs/msg/_vesc_state_stamped_s.c
[15.935s] -- Installing: /home/sdc6/f1tenth_ws/install/vesc_msgs/local/lib/python3.10/dist-packages/vesc_msgs/vesc_msgs_s__rosidl_typesupport_fastrtps_c.cpython-310-aarch64-linux-gnu.so
[15.935s] -- Installing: /home/sdc6/f1tenth_ws/install/vesc_msgs/local/lib/python3.10/dist-packages/vesc_msgs/_vesc_msgs_s.ep.rosidl_typesupport_c.c
[15.936s] -- Installing: /home/sdc6/f1tenth_ws/install/vesc_msgs/local/lib/python3.10/dist-packages/vesc_msgs/libvesc_msgs__rosidl_generator_py.so
[15.936s] -- Installing: /home/sdc6/f1tenth_ws/install/vesc_msgs/local/lib/python3.10/dist-packages/vesc_msgs/vesc_msgs_s__rosidl_typesupport_c.cpython-310-aarch64-linux-gnu.so
[15.936s] -- Installing: /home/sdc6/f1tenth_ws/install/vesc_msgs/local/lib/python3.10/dist-packages/vesc_msgs/_vesc_msgs_s.ep.rosidl_typesupport_introspection_c.c
[15.936s] -- Installing: /home/sdc6/f1tenth_ws/install/vesc_msgs/local/lib/python3.10/dist-packages/vesc_msgs/_vesc_msgs_s.ep.rosidl_typesupport_fastrtps_c.c
[15.937s] -- Installing: /home/sdc6/f1tenth_ws/install/vesc_msgs/local/lib/python3.10/dist-packages/vesc_msgs/vesc_msgs_s__rosidl_typesupport_introspection_c.cpython-310-aarch64-linux-gnu.so
[15.937s] -- Installing: /home/sdc6/f1tenth_ws/install/vesc_msgs/local/lib/python3.10/dist-packages/vesc_msgs/__init__.py
[16.012s] Listing '/home/sdc6/f1tenth_ws/install/vesc_msgs/local/lib/python3.10/dist-packages/vesc_msgs'...
[16.012s] Compiling '/home/sdc6/f1tenth_ws/install/vesc_msgs/local/lib/python3.10/dist-packages/vesc_msgs/__init__.py'...
[16.012s] Listing '/home/sdc6/f1tenth_ws/install/vesc_msgs/local/lib/python3.10/dist-packages/vesc_msgs/msg'...
[16.013s] Compiling '/home/sdc6/f1tenth_ws/install/vesc_msgs/local/lib/python3.10/dist-packages/vesc_msgs/msg/__init__.py'...
[16.013s] Compiling '/home/sdc6/f1tenth_ws/install/vesc_msgs/local/lib/python3.10/dist-packages/vesc_msgs/msg/_vesc_imu.py'...
[16.013s] Compiling '/home/sdc6/f1tenth_ws/install/vesc_msgs/local/lib/python3.10/dist-packages/vesc_msgs/msg/_vesc_imu_stamped.py'...
[16.013s] Compiling '/home/sdc6/f1tenth_ws/install/vesc_msgs/local/lib/python3.10/dist-packages/vesc_msgs/msg/_vesc_state.py'...
[16.013s] Compiling '/home/sdc6/f1tenth_ws/install/vesc_msgs/local/lib/python3.10/dist-packages/vesc_msgs/msg/_vesc_state_stamped.py'...
[16.024s] -- Installing: /home/sdc6/f1tenth_ws/install/vesc_msgs/local/lib/python3.10/dist-packages/vesc_msgs/vesc_msgs_s__rosidl_typesupport_fastrtps_c.cpython-310-aarch64-linux-gnu.so
[16.024s] -- Set runtime path of "/home/sdc6/f1tenth_ws/install/vesc_msgs/local/lib/python3.10/dist-packages/vesc_msgs/vesc_msgs_s__rosidl_typesupport_fastrtps_c.cpython-310-aarch64-linux-gnu.so" to ""
[16.024s] -- Installing: /home/sdc6/f1tenth_ws/install/vesc_msgs/local/lib/python3.10/dist-packages/vesc_msgs/vesc_msgs_s__rosidl_typesupport_introspection_c.cpython-310-aarch64-linux-gnu.so
[16.025s] -- Set runtime path of "/home/sdc6/f1tenth_ws/install/vesc_msgs/local/lib/python3.10/dist-packages/vesc_msgs/vesc_msgs_s__rosidl_typesupport_introspection_c.cpython-310-aarch64-linux-gnu.so" to ""
[16.025s] -- Installing: /home/sdc6/f1tenth_ws/install/vesc_msgs/local/lib/python3.10/dist-packages/vesc_msgs/vesc_msgs_s__rosidl_typesupport_c.cpython-310-aarch64-linux-gnu.so
[16.026s] -- Set runtime path of "/home/sdc6/f1tenth_ws/install/vesc_msgs/local/lib/python3.10/dist-packages/vesc_msgs/vesc_msgs_s__rosidl_typesupport_c.cpython-310-aarch64-linux-gnu.so" to ""
[16.026s] -- Installing: /home/sdc6/f1tenth_ws/install/vesc_msgs/lib/libvesc_msgs__rosidl_generator_py.so
[16.027s] -- Set runtime path of "/home/sdc6/f1tenth_ws/install/vesc_msgs/lib/libvesc_msgs__rosidl_generator_py.so" to ""
[16.027s] -- Installing: /home/sdc6/f1tenth_ws/install/vesc_msgs/share/ament_index/resource_index/rust_packages/vesc_msgs
[16.027s] -- Installing: /home/sdc6/f1tenth_ws/install/vesc_msgs/share/vesc_msgs/rust
[16.028s] -- Installing: /home/sdc6/f1tenth_ws/install/vesc_msgs/share/vesc_msgs/rust/build.rs
[16.028s] -- Installing: /home/sdc6/f1tenth_ws/install/vesc_msgs/share/vesc_msgs/rust/src
[16.028s] -- Installing: /home/sdc6/f1tenth_ws/install/vesc_msgs/share/vesc_msgs/rust/src/lib.rs
[16.028s] -- Installing: /home/sdc6/f1tenth_ws/install/vesc_msgs/share/vesc_msgs/rust/src/msg
[16.028s] -- Installing: /home/sdc6/f1tenth_ws/install/vesc_msgs/share/vesc_msgs/rust/src/msg/rmw.rs
[16.028s] -- Installing: /home/sdc6/f1tenth_ws/install/vesc_msgs/share/vesc_msgs/rust/src/msg.rs
[16.029s] -- Installing: /home/sdc6/f1tenth_ws/install/vesc_msgs/share/vesc_msgs/rust/Cargo.toml
[16.029s] -- Installing: /home/sdc6/f1tenth_ws/install/vesc_msgs/share/vesc_msgs/msg/VescState.idl
[16.029s] -- Installing: /home/sdc6/f1tenth_ws/install/vesc_msgs/share/vesc_msgs/msg/VescStateStamped.idl
[16.030s] -- Installing: /home/sdc6/f1tenth_ws/install/vesc_msgs/share/vesc_msgs/msg/VescImu.idl
[16.030s] -- Installing: /home/sdc6/f1tenth_ws/install/vesc_msgs/share/vesc_msgs/msg/VescImuStamped.idl
[16.030s] -- Installing: /home/sdc6/f1tenth_ws/install/vesc_msgs/share/vesc_msgs/msg/VescState.msg
[16.031s] -- Installing: /home/sdc6/f1tenth_ws/install/vesc_msgs/share/vesc_msgs/msg/VescStateStamped.msg
[16.031s] -- Installing: /home/sdc6/f1tenth_ws/install/vesc_msgs/share/vesc_msgs/msg/VescImu.msg
[16.031s] -- Installing: /home/sdc6/f1tenth_ws/install/vesc_msgs/share/vesc_msgs/msg/VescImuStamped.msg
[16.032s] -- Installing: /home/sdc6/f1tenth_ws/install/vesc_msgs/share/ament_index/resource_index/package_run_dependencies/vesc_msgs
[16.032s] -- Installing: /home/sdc6/f1tenth_ws/install/vesc_msgs/share/ament_index/resource_index/parent_prefix_path/vesc_msgs
[16.032s] -- Installing: /home/sdc6/f1tenth_ws/install/vesc_msgs/share/vesc_msgs/environment/ament_prefix_path.sh
[16.032s] -- Installing: /home/sdc6/f1tenth_ws/install/vesc_msgs/share/vesc_msgs/environment/ament_prefix_path.dsv
[16.033s] -- Installing: /home/sdc6/f1tenth_ws/install/vesc_msgs/share/vesc_msgs/environment/path.sh
[16.033s] -- Installing: /home/sdc6/f1tenth_ws/install/vesc_msgs/share/vesc_msgs/environment/path.dsv
[16.033s] -- Installing: /home/sdc6/f1tenth_ws/install/vesc_msgs/share/vesc_msgs/local_setup.bash
[16.033s] -- Installing: /home/sdc6/f1tenth_ws/install/vesc_msgs/share/vesc_msgs/local_setup.sh
[16.034s] -- Installing: /home/sdc6/f1tenth_ws/install/vesc_msgs/share/vesc_msgs/local_setup.zsh
[16.034s] -- Installing: /home/sdc6/f1tenth_ws/install/vesc_msgs/share/vesc_msgs/local_setup.dsv
[16.034s] -- Installing: /home/sdc6/f1tenth_ws/install/vesc_msgs/share/vesc_msgs/package.dsv
[16.035s] -- Installing: /home/sdc6/f1tenth_ws/install/vesc_msgs/share/ament_index/resource_index/packages/vesc_msgs
[16.035s] -- Installing: /home/sdc6/f1tenth_ws/install/vesc_msgs/share/vesc_msgs/cmake/export_vesc_msgs__rosidl_generator_cExport.cmake
[16.035s] -- Installing: /home/sdc6/f1tenth_ws/install/vesc_msgs/share/vesc_msgs/cmake/export_vesc_msgs__rosidl_generator_cExport-noconfig.cmake
[16.036s] -- Installing: /home/sdc6/f1tenth_ws/install/vesc_msgs/share/vesc_msgs/cmake/export_vesc_msgs__rosidl_typesupport_fastrtps_cExport.cmake
[16.036s] -- Installing: /home/sdc6/f1tenth_ws/install/vesc_msgs/share/vesc_msgs/cmake/export_vesc_msgs__rosidl_typesupport_fastrtps_cExport-noconfig.cmake
[16.036s] -- Installing: /home/sdc6/f1tenth_ws/install/vesc_msgs/share/vesc_msgs/cmake/vesc_msgs__rosidl_typesupport_introspection_cExport.cmake
[16.037s] -- Installing: /home/sdc6/f1tenth_ws/install/vesc_msgs/share/vesc_msgs/cmake/vesc_msgs__rosidl_typesupport_introspection_cExport-noconfig.cmake
[16.037s] -- Installing: /home/sdc6/f1tenth_ws/install/vesc_msgs/share/vesc_msgs/cmake/vesc_msgs__rosidl_typesupport_cExport.cmake
[16.037s] -- Installing: /home/sdc6/f1tenth_ws/install/vesc_msgs/share/vesc_msgs/cmake/vesc_msgs__rosidl_typesupport_cExport-noconfig.cmake
[16.037s] -- Installing: /home/sdc6/f1tenth_ws/install/vesc_msgs/share/vesc_msgs/cmake/export_vesc_msgs__rosidl_generator_cppExport.cmake
[16.038s] -- Installing: /home/sdc6/f1tenth_ws/install/vesc_msgs/share/vesc_msgs/cmake/export_vesc_msgs__rosidl_typesupport_fastrtps_cppExport.cmake
[16.038s] -- Installing: /home/sdc6/f1tenth_ws/install/vesc_msgs/share/vesc_msgs/cmake/export_vesc_msgs__rosidl_typesupport_fastrtps_cppExport-noconfig.cmake
[16.038s] -- Installing: /home/sdc6/f1tenth_ws/install/vesc_msgs/share/vesc_msgs/cmake/vesc_msgs__rosidl_typesupport_introspection_cppExport.cmake
[16.039s] -- Installing: /home/sdc6/f1tenth_ws/install/vesc_msgs/share/vesc_msgs/cmake/vesc_msgs__rosidl_typesupport_introspection_cppExport-noconfig.cmake
[16.039s] -- Installing: /home/sdc6/f1tenth_ws/install/vesc_msgs/share/vesc_msgs/cmake/vesc_msgs__rosidl_typesupport_cppExport.cmake
[16.039s] -- Installing: /home/sdc6/f1tenth_ws/install/vesc_msgs/share/vesc_msgs/cmake/vesc_msgs__rosidl_typesupport_cppExport-noconfig.cmake
[16.040s] -- Installing: /home/sdc6/f1tenth_ws/install/vesc_msgs/share/vesc_msgs/cmake/export_vesc_msgs__rosidl_generator_pyExport.cmake
[16.040s] -- Installing: /home/sdc6/f1tenth_ws/install/vesc_msgs/share/vesc_msgs/cmake/export_vesc_msgs__rosidl_generator_pyExport-noconfig.cmake
[16.040s] -- Installing: /home/sdc6/f1tenth_ws/install/vesc_msgs/share/vesc_msgs/cmake/rosidl_cmake-extras.cmake
[16.040s] -- Installing: /home/sdc6/f1tenth_ws/install/vesc_msgs/share/vesc_msgs/cmake/ament_cmake_export_dependencies-extras.cmake
[16.041s] -- Installing: /home/sdc6/f1tenth_ws/install/vesc_msgs/share/vesc_msgs/cmake/ament_cmake_export_include_directories-extras.cmake
[16.041s] -- Installing: /home/sdc6/f1tenth_ws/install/vesc_msgs/share/vesc_msgs/cmake/ament_cmake_export_libraries-extras.cmake
[16.041s] -- Installing: /home/sdc6/f1tenth_ws/install/vesc_msgs/share/vesc_msgs/cmake/ament_cmake_export_targets-extras.cmake
[16.042s] -- Installing: /home/sdc6/f1tenth_ws/install/vesc_msgs/share/vesc_msgs/cmake/rosidl_cmake_export_typesupport_targets-extras.cmake
[16.042s] -- Installing: /home/sdc6/f1tenth_ws/install/vesc_msgs/share/vesc_msgs/cmake/rosidl_cmake_export_typesupport_libraries-extras.cmake
[16.042s] -- Installing: /home/sdc6/f1tenth_ws/install/vesc_msgs/share/vesc_msgs/cmake/vesc_msgsConfig.cmake
[16.042s] -- Installing: /home/sdc6/f1tenth_ws/install/vesc_msgs/share/vesc_msgs/cmake/vesc_msgsConfig-version.cmake
[16.043s] -- Installing: /home/sdc6/f1tenth_ws/install/vesc_msgs/share/vesc_msgs/package.xml
[16.050s] Invoked command in '/home/sdc6/f1tenth_ws/build/vesc_msgs' returned '0': CMAKE_PREFIX_PATH=/opt/ros/humble /usr/bin/cmake --install /home/sdc6/f1tenth_ws/build/vesc_msgs
