[0.054s] Invoking command in '/home/sdc6/f1tenth_ws/build/vesc_ackermann': AMENT_PREFIX_PATH=/home/sdc6/f1tenth_ws/install/vesc_msgs:${AMENT_PREFIX_PATH} CMAKE_PREFIX_PATH=/home/sdc6/f1tenth_ws/install/vesc_msgs:/opt/ros/humble LD_LIBRARY_PATH=/home/sdc6/f1tenth_ws/install/vesc_msgs/lib:/usr/local/cuda/lib64:/opt/ros/humble/opt/rviz_ogre_vendor/lib:/opt/ros/humble/lib/aarch64-linux-gnu:/opt/ros/humble/lib:/usr/local/cuda-12.6/lib64 PYTHONPATH=/home/sdc6/f1tenth_ws/install/vesc_msgs/local/lib/python3.10/dist-packages:${PYTHONPATH} /usr/bin/cmake --build /home/sdc6/f1tenth_ws/build/vesc_ackermann -- -j6 -l6
[0.177s] [ 28%] Built target ackermann_to_vesc_node
[0.178s] [ 57%] Built target vesc_to_odom_node
[0.210s] [100%] Built target vesc_ackermann
[0.668s] Invoked command in '/home/sdc6/f1tenth_ws/build/vesc_ackermann' returned '0': AMENT_PREFIX_PATH=/home/sdc6/f1tenth_ws/install/vesc_msgs:${AMENT_PREFIX_PATH} CMAKE_PREFIX_PATH=/home/sdc6/f1tenth_ws/install/vesc_msgs:/opt/ros/humble LD_LIBRARY_PATH=/home/sdc6/f1tenth_ws/install/vesc_msgs/lib:/usr/local/cuda/lib64:/opt/ros/humble/opt/rviz_ogre_vendor/lib:/opt/ros/humble/lib/aarch64-linux-gnu:/opt/ros/humble/lib:/usr/local/cuda-12.6/lib64 PYTHONPATH=/home/sdc6/f1tenth_ws/install/vesc_msgs/local/lib/python3.10/dist-packages:${PYTHONPATH} /usr/bin/cmake --build /home/sdc6/f1tenth_ws/build/vesc_ackermann -- -j6 -l6
[0.674s] Invoking command in '/home/sdc6/f1tenth_ws/build/vesc_ackermann': AMENT_PREFIX_PATH=/home/sdc6/f1tenth_ws/install/vesc_msgs:${AMENT_PREFIX_PATH} CMAKE_PREFIX_PATH=/home/sdc6/f1tenth_ws/install/vesc_msgs:/opt/ros/humble LD_LIBRARY_PATH=/home/sdc6/f1tenth_ws/install/vesc_msgs/lib:/usr/local/cuda/lib64:/opt/ros/humble/opt/rviz_ogre_vendor/lib:/opt/ros/humble/lib/aarch64-linux-gnu:/opt/ros/humble/lib:/usr/local/cuda-12.6/lib64 PYTHONPATH=/home/sdc6/f1tenth_ws/install/vesc_msgs/local/lib/python3.10/dist-packages:${PYTHONPATH} /usr/bin/cmake --install /home/sdc6/f1tenth_ws/build/vesc_ackermann
[0.693s] -- Install configuration: ""
[0.693s] -- Up-to-date: /home/sdc6/f1tenth_ws/install/vesc_ackermann/lib/vesc_ackermann/ackermann_to_vesc_node
[0.693s] -- Up-to-date: /home/sdc6/f1tenth_ws/install/vesc_ackermann/lib/vesc_ackermann/vesc_to_odom_node
[0.693s] -- Up-to-date: /home/sdc6/f1tenth_ws/install/vesc_ackermann/include
[0.693s] -- Up-to-date: /home/sdc6/f1tenth_ws/install/vesc_ackermann/include/vesc_ackermann
[0.694s] -- Up-to-date: /home/sdc6/f1tenth_ws/install/vesc_ackermann/include/vesc_ackermann/vesc_to_odom.hpp
[0.694s] -- Up-to-date: /home/sdc6/f1tenth_ws/install/vesc_ackermann/include/vesc_ackermann/ackermann_to_vesc.hpp
[0.694s] -- Up-to-date: /home/sdc6/f1tenth_ws/install/vesc_ackermann/share/vesc_ackermann/environment/library_path.sh
[0.694s] -- Up-to-date: /home/sdc6/f1tenth_ws/install/vesc_ackermann/share/vesc_ackermann/environment/library_path.dsv
[0.694s] -- Up-to-date: /home/sdc6/f1tenth_ws/install/vesc_ackermann/lib/libvesc_ackermann.so
[0.694s] -- Up-to-date: /home/sdc6/f1tenth_ws/install/vesc_ackermann/share/vesc_ackermann/launch
[0.694s] -- Up-to-date: /home/sdc6/f1tenth_ws/install/vesc_ackermann/share/vesc_ackermann/launch/ackermann_to_vesc_node.launch.xml
[0.694s] -- Up-to-date: /home/sdc6/f1tenth_ws/install/vesc_ackermann/share/vesc_ackermann/launch/vesc_to_odom_node.launch.xml
[0.694s] -- Up-to-date: /home/sdc6/f1tenth_ws/install/vesc_ackermann/share/ament_index/resource_index/package_run_dependencies/vesc_ackermann
[0.695s] -- Up-to-date: /home/sdc6/f1tenth_ws/install/vesc_ackermann/share/ament_index/resource_index/parent_prefix_path/vesc_ackermann
[0.695s] -- Up-to-date: /home/sdc6/f1tenth_ws/install/vesc_ackermann/share/vesc_ackermann/environment/ament_prefix_path.sh
[0.695s] -- Up-to-date: /home/sdc6/f1tenth_ws/install/vesc_ackermann/share/vesc_ackermann/environment/ament_prefix_path.dsv
[0.695s] -- Up-to-date: /home/sdc6/f1tenth_ws/install/vesc_ackermann/share/vesc_ackermann/environment/path.sh
[0.695s] -- Up-to-date: /home/sdc6/f1tenth_ws/install/vesc_ackermann/share/vesc_ackermann/environment/path.dsv
[0.695s] -- Up-to-date: /home/sdc6/f1tenth_ws/install/vesc_ackermann/share/vesc_ackermann/local_setup.bash
[0.695s] -- Up-to-date: /home/sdc6/f1tenth_ws/install/vesc_ackermann/share/vesc_ackermann/local_setup.sh
[0.696s] -- Up-to-date: /home/sdc6/f1tenth_ws/install/vesc_ackermann/share/vesc_ackermann/local_setup.zsh
[0.696s] -- Up-to-date: /home/sdc6/f1tenth_ws/install/vesc_ackermann/share/vesc_ackermann/local_setup.dsv
[0.696s] -- Installing: /home/sdc6/f1tenth_ws/install/vesc_ackermann/share/vesc_ackermann/package.dsv
[0.696s] -- Up-to-date: /home/sdc6/f1tenth_ws/install/vesc_ackermann/share/ament_index/resource_index/packages/vesc_ackermann
[0.696s] -- Up-to-date: /home/sdc6/f1tenth_ws/install/vesc_ackermann/share/ament_index/resource_index/rclcpp_components/vesc_ackermann
[0.696s] -- Up-to-date: /home/sdc6/f1tenth_ws/install/vesc_ackermann/share/vesc_ackermann/cmake/ament_cmake_export_dependencies-extras.cmake
[0.696s] -- Up-to-date: /home/sdc6/f1tenth_ws/install/vesc_ackermann/share/vesc_ackermann/cmake/ament_cmake_export_include_directories-extras.cmake
[0.696s] -- Up-to-date: /home/sdc6/f1tenth_ws/install/vesc_ackermann/share/vesc_ackermann/cmake/ament_cmake_export_libraries-extras.cmake
[0.696s] -- Up-to-date: /home/sdc6/f1tenth_ws/install/vesc_ackermann/share/vesc_ackermann/cmake/vesc_ackermannConfig.cmake
[0.696s] -- Up-to-date: /home/sdc6/f1tenth_ws/install/vesc_ackermann/share/vesc_ackermann/cmake/vesc_ackermannConfig-version.cmake
[0.697s] -- Up-to-date: /home/sdc6/f1tenth_ws/install/vesc_ackermann/share/vesc_ackermann/package.xml
[0.702s] Invoked command in '/home/sdc6/f1tenth_ws/build/vesc_ackermann' returned '0': AMENT_PREFIX_PATH=/home/sdc6/f1tenth_ws/install/vesc_msgs:${AMENT_PREFIX_PATH} CMAKE_PREFIX_PATH=/home/sdc6/f1tenth_ws/install/vesc_msgs:/opt/ros/humble LD_LIBRARY_PATH=/home/sdc6/f1tenth_ws/install/vesc_msgs/lib:/usr/local/cuda/lib64:/opt/ros/humble/opt/rviz_ogre_vendor/lib:/opt/ros/humble/lib/aarch64-linux-gnu:/opt/ros/humble/lib:/usr/local/cuda-12.6/lib64 PYTHONPATH=/home/sdc6/f1tenth_ws/install/vesc_msgs/local/lib/python3.10/dist-packages:${PYTHONPATH} /usr/bin/cmake --install /home/sdc6/f1tenth_ws/build/vesc_ackermann
